#
# A fatal error has been detected by the Java Runtime Environment:
#
#  SIGSEGV (0xb) at pc=0x00007f12f4baa114, pid=20682, tid=20725
#
# JRE version: OpenJDK Runtime Environment (11.0.11+9) (build 11.0.11+9-Ubuntu-0ubuntu2.20.04)
# Java VM: OpenJDK 64-Bit Server VM (11.0.11+9-Ubuntu-0ubuntu2.20.04, mixed mode, sharing, tiered, compressed oops, parallel gc, linux-amd64)
# Problematic frame:
# V  [libjvm.so+0x555114]
#
# Core dump will be written. Default location: Core dumps may be processed with "/usr/share/apport/apport %p %s %c %d %P %E" (or dumping to /home/luciano/Desktop/fing/tprog/tpgr19/core.20682)
#
# If you would like to submit a bug report, please visit:
#   https://bugs.launchpad.net/ubuntu/+source/openjdk-lts
#

---------------  S U M M A R Y ------------

Command Line: --add-modules=ALL-SYSTEM --add-opens=java.base/java.util=ALL-UNNAMED --add-opens=java.base/java.lang=ALL-UNNAMED -Declipse.application=org.eclipse.jdt.ls.core.id1 -Dosgi.bundles.defaultStartLevel=4 -Declipse.product=org.eclipse.jdt.ls.core.product -Dfile.encoding=utf8 -XX:+UseParallelGC -XX:GCTimeRatio=4 -XX:AdaptiveSizePolicyWeight=90 -Dsun.zip.disableMemoryMapping=true -Xmx1G -Xms100m -Xverify:none /home/luciano/.vscode/extensions/redhat.java-1.0.0/server/plugins/org.eclipse.equinox.launcher_1.6.400.v20210924-0641.jar -configuration /home/luciano/.config/Code/User/globalStorage/redhat.java/1.0.0/config_linux -data /home/luciano/.config/Code/User/workspaceStorage/0e4c054c09ae2116ef8cd654f49414de/redhat.java/jdt_ws

Host: AMD Ryzen 5 1600 Six-Core Processor, 12 cores, 15G, Ubuntu 20.04.3 LTS
Time: Tue Oct 19 16:54:32 2021 -03 elapsed time: 3.056542 seconds (0d 0h 0m 3s)

---------------  T H R E A D  ---------------

Current thread (0x00007f12b412d800):  JavaThread "C2 CompilerThread2" daemon [_thread_in_native, id=20725, stack(0x00007f12ce2d3000,0x00007f12ce3d4000)]


Current CompileTask:
C2:   3056 4249   !   4       org.eclipse.osgi.internal.loader.BundleLoader::findClass (531 bytes)

Stack: [0x00007f12ce2d3000,0x00007f12ce3d4000],  sp=0x00007f12ce3cf5c0,  free space=1009k
Native frames: (J=compiled Java code, A=aot compiled Java code, j=interpreted, Vv=VM code, C=native code)
V  [libjvm.so+0x555114]
V  [libjvm.so+0x55a6c0]
V  [libjvm.so+0x60ca75]
V  [libjvm.so+0x610770]
V  [libjvm.so+0x53793f]
V  [libjvm.so+0x6190e1]
V  [libjvm.so+0x61a2b8]
V  [libjvm.so+0xe2105f]
V  [libjvm.so+0xe1d690]
V  [libjvm.so+0xbdac76]


siginfo: si_signo: 11 (SIGSEGV), si_code: 2 (SEGV_ACCERR), si_addr: 0x00007f1272ac5120

Register to memory mapping:

RAX=0x00007f129c7d6ea0 points into unknown readable memory: 0x0000000000000000 | 00 00 00 00 00 00 00 00
RBX=0x0000000000000078 is an unknown value
RCX=0x0000000000000720 is an unknown value
RDX=0xfffffffff58bb8a0 is an unknown value
RSP=0x00007f12ce3cf5c0 is pointing into the stack for thread: 0x00007f12b412d800
RBP=0x00007f12ce3cf620 is pointing into the stack for thread: 0x00007f12b412d800
RSI=0x00007f12b070b3b0 points into unknown readable memory: 0x00007f12b42fc398 | 98 c3 2f b4 12 7f 00 00
RDI=0x00007f12b4e4c9c0 points into unknown readable memory: 0x00007f12f5805a58 | 58 5a 80 f5 12 7f 00 00
R8 =0x000000000000021d is an unknown value
R9 =0x00007f129cfb55e8 points into unknown readable memory: 0x00000020000003e7 | e7 03 00 00 20 00 00 00
R10=0x00007f129d037d7c points into unknown readable memory: 01 00 01 00
R11=0x0 is NULL
R12=0x000000000000000f is an unknown value
R13=0x00007f12b4e46190 points into unknown readable memory: 0x00007f12f5863b30 | 30 3b 86 f5 12 7f 00 00
R14=0x00007f12ce3cfa00 is pointing into the stack for thread: 0x00007f12b412d800
R15=0x00007f12b4e46190 points into unknown readable memory: 0x00007f12f5863b30 | 30 3b 86 f5 12 7f 00 00


Registers:
RAX=0x00007f129c7d6ea0, RBX=0x0000000000000078, RCX=0x0000000000000720, RDX=0xfffffffff58bb8a0
RSP=0x00007f12ce3cf5c0, RBP=0x00007f12ce3cf620, RSI=0x00007f12b070b3b0, RDI=0x00007f12b4e4c9c0
R8 =0x000000000000021d, R9 =0x00007f129cfb55e8, R10=0x00007f129d037d7c, R11=0x0000000000000000
R12=0x000000000000000f, R13=0x00007f12b4e46190, R14=0x00007f12ce3cfa00, R15=0x00007f12b4e46190
RIP=0x00007f12f4baa114, EFLAGS=0x0000000000010212, CSGSFS=0x002b000000000033, ERR=0x0000000000000004
  TRAPNO=0x000000000000000e

Top of Stack: (sp=0x00007f12ce3cf5c0)
0x00007f12ce3cf5c0:   00000001000005cf 0000006100000f22
0x00007f12ce3cf5d0:   00007f12f0372b98 00007f12b0023180
0x00007f12ce3cf5e0:   00007f12000003e7 00007f12a48b8768
0x00007f12ce3cf5f0:   00007f12ce3cf960 00007f12ce3cf780 

Instructions: (pc=0x00007f12f4baa114)
0x00007f12f4baa014:   0f 11 46 10 83 fa 0d 0f 87 9d 04 00 00 48 8d 0d
0x00007f12f4baa024:   3c d3 9c 00 89 d0 48 63 04 81 48 01 c8 3e ff e0
0x00007f12f4baa034:   41 c7 86 94 00 00 00 01 00 01 00 90 41 8b 47 18
0x00007f12f4baa044:   44 89 e3 48 c1 e3 03 89 45 ac 44 39 e0 0f 86 4c
0x00007f12f4baa054:   03 00 00 4d 89 ee 4d 89 fd e9 9f 00 00 00 66 0f
0x00007f12f4baa064:   1f 44 00 00 8b 7d b8 e8 60 62 72 00 49 8d 7f 38
0x00007f12f4baa074:   89 c6 e8 a5 68 72 00 4c 8b 45 b0 85 c0 0f 85 31
0x00007f12f4baa084:   02 00 00 80 7d c0 00 75 4b 66 41 83 bf 94 00 00
0x00007f12f4baa094:   00 02 0f 84 dc 03 00 00 41 8b 45 2c 83 e0 1f 83
0x00007f12f4baa0a4:   f8 12 74 30 49 8b 47 18 48 8d 70 ff 48 83 fe fd
0x00007f12f4baa0b4:   77 0b 8b 40 2c 83 e0 1f 83 f8 12 74 17 49 8d 7f
0x00007f12f4baa0c4:   38 e8 06 6a 72 00 83 f8 02 0f 84 25 04 00 00 0f
0x00007f12f4baa0d4:   1f 44 00 00 48 8b 45 c8 f2 0f 10 40 08 66 41 0f
0x00007f12f4baa0e4:   2f 47 10 76 06 f2 41 0f 11 47 10 41 83 c4 01 48
0x00007f12f4baa0f4:   83 c3 08 44 39 65 ac 0f 84 9f 02 00 00 49 8b 45
0x00007f12f4baa104:   08 48 8b 04 18 48 63 50 28 49 8b 86 28 01 00 00
0x00007f12f4baa114:   8b 04 90 85 c0 74 d4 80 7d ab 00 74 17 41 80 be
0x00007f12f4baa124:   30 01 00 00 00 74 0d 45 3b 65 34 73 be 0f 1f 80
0x00007f12f4baa134:   00 00 00 00 49 8b 76 70 48 8d 14 80 49 8b 45 00
0x00007f12f4baa144:   4c 89 ef 48 c1 e2 05 48 03 56 20 44 89 e6 49 89
0x00007f12f4baa154:   d7 ff 90 80 00 00 00 49 89 c0 49 8b 45 08 48 8b
0x00007f12f4baa164:   3c 18 49 8b 46 48 8b 77 28 48 8b 40 78 48 8b 04
0x00007f12f4baa174:   f0 48 8b 75 c8 f2 0f 10 46 08 f2 0f 59 05 d2 a0
0x00007f12f4baa184:   9b 00 f2 0f 10 48 08 66 0f 2f c8 0f 87 c3 00 00
0x00007f12f4baa194:   00 41 8b 00 41 21 47 38 41 8b 40 04 41 21 47 3c
0x00007f12f4baa1a4:   41 8b 40 08 41 21 47 40 41 8b 40 0c 41 21 47 44
0x00007f12f4baa1b4:   41 8b 40 10 41 21 47 48 41 8b 40 14 41 21 47 4c
0x00007f12f4baa1c4:   41 8b 40 18 41 21 47 50 41 8b 40 1c 41 21 47 54
0x00007f12f4baa1d4:   41 8b 40 20 41 21 47 58 41 8b 40 24 41 21 47 5c
0x00007f12f4baa1e4:   41 8b 40 28 41 21 47 60 41 8b 40 2c 41 21 47 64
0x00007f12f4baa1f4:   41 8b 40 30 41 21 47 68 41 8b 40 34 41 21 47 6c
0x00007f12f4baa204:   41 8b 40 38 41 21 47 70 41 8b 40 3c 41 21 47 74 


Stack slot to memory mapping:
stack at sp + 0 slots: 0x00000001000005cf is an unknown value
stack at sp + 1 slots: 0x0000006100000f22 is an unknown value
stack at sp + 2 slots: 0x00007f12f0372b98 points into unknown readable memory: 0x0000000000c00000 | 00 00 c0 00 00 00 00 00
stack at sp + 3 slots: 0x00007f12b0023180 points into unknown readable memory: 0x00007f12f57bfe98 | 98 fe 7b f5 12 7f 00 00
stack at sp + 4 slots: 0x00007f12000003e7 points into unknown readable memory: 00
stack at sp + 5 slots: 0x00007f12a48b8768 points into unknown readable memory: 0x00007f12f57ad5b0 | b0 d5 7a f5 12 7f 00 00
stack at sp + 6 slots: 0x00007f12ce3cf960 is pointing into the stack for thread: 0x00007f12b412d800
stack at sp + 7 slots: 0x00007f12ce3cf780 is pointing into the stack for thread: 0x00007f12b412d800


---------------  P R O C E S S  ---------------

Threads class SMR info:
_java_thread_list=0x00007f12680f3710, length=26, elements={
0x00007f12f0016000, 0x00007f12f021f800, 0x00007f12f0221800, 0x00007f12f022c000,
0x00007f12f022e000, 0x00007f12f0230800, 0x00007f12f0232800, 0x00007f12f0234800,
0x00007f12f0275800, 0x00007f12b40b4800, 0x00007f12f03ab800, 0x00007f12b412d800,
0x00007f12f04c3800, 0x00007f12f0501000, 0x00007f12f0503000, 0x00007f1284036000,
0x00007f12840ab800, 0x00007f12841f5000, 0x00007f1284272000, 0x00007f1274001800,
0x00007f128440d000, 0x00007f127400a000, 0x00007f12f055d800, 0x00007f12f05e5800,
0x00007f12740e5800, 0x00007f12680e7800
}

Java Threads: ( => current thread )
  0x00007f12f0016000 JavaThread "main" [_thread_blocked, id=20685, stack(0x00007f12f4208000,0x00007f12f4309000)]
  0x00007f12f021f800 JavaThread "Reference Handler" daemon [_thread_blocked, id=20689, stack(0x00007f12cf4dc000,0x00007f12cf5dd000)]
  0x00007f12f0221800 JavaThread "Finalizer" daemon [_thread_blocked, id=20690, stack(0x00007f12cf3db000,0x00007f12cf4dc000)]
  0x00007f12f022c000 JavaThread "Signal Dispatcher" daemon [_thread_blocked, id=20692, stack(0x00007f12ceadc000,0x00007f12cebdd000)]
  0x00007f12f022e000 JavaThread "Service Thread" daemon [_thread_blocked, id=20693, stack(0x00007f12ce9db000,0x00007f12ceadc000)]
  0x00007f12f0230800 JavaThread "C2 CompilerThread0" daemon [_thread_in_native, id=20694, stack(0x00007f12ce8da000,0x00007f12ce9db000)]
  0x00007f12f0232800 JavaThread "C1 CompilerThread0" daemon [_thread_in_native, id=20695, stack(0x00007f12ce7d9000,0x00007f12ce8da000)]
  0x00007f12f0234800 JavaThread "Sweeper thread" daemon [_thread_blocked, id=20696, stack(0x00007f12ce6d8000,0x00007f12ce7d9000)]
  0x00007f12f0275800 JavaThread "Common-Cleaner" daemon [_thread_blocked, id=20701, stack(0x00007f12ce5d7000,0x00007f12ce6d8000)]
  0x00007f12b40b4800 JavaThread "C2 CompilerThread1" daemon [_thread_in_native, id=20718, stack(0x00007f12ce3d4000,0x00007f12ce4d5000)]
  0x00007f12f03ab800 JavaThread "process reaper" daemon [_thread_blocked, id=20724, stack(0x00007f12d803b000,0x00007f12d805d000)]
=>0x00007f12b412d800 JavaThread "C2 CompilerThread2" daemon [_thread_in_native, id=20725, stack(0x00007f12ce2d3000,0x00007f12ce3d4000)]
  0x00007f12f04c3800 JavaThread "Active Thread: Equinox Container: 1e830deb-8637-4275-a6e4-d42c6f0b8764" [_thread_blocked, id=20729, stack(0x00007f12ce1d2000,0x00007f12ce2d3000)]
  0x00007f12f0501000 JavaThread "Framework Event Dispatcher: Equinox Container: 1e830deb-8637-4275-a6e4-d42c6f0b8764" daemon [_thread_blocked, id=20734, stack(0x00007f12ce0d1000,0x00007f12ce1d2000)]
  0x00007f12f0503000 JavaThread "Start Level: Equinox Container: 1e830deb-8637-4275-a6e4-d42c6f0b8764" daemon [_thread_blocked, id=20738, stack(0x00007f12cdcca000,0x00007f12cddcb000)]
  0x00007f1284036000 JavaThread "SCR Component Actor" daemon [_thread_blocked, id=20740, stack(0x00007f12cd9b8000,0x00007f12cdab9000)]
  0x00007f12840ab800 JavaThread "Timer-0" daemon [_thread_blocked, id=20741, stack(0x00007f12cd6b7000,0x00007f12cd7b8000)]
  0x00007f12841f5000 JavaThread "Worker-JM" [_thread_blocked, id=20746, stack(0x00007f12cd3b6000,0x00007f12cd4b7000)]
  0x00007f1284272000 JavaThread "Worker-0" [_thread_blocked, id=20754, stack(0x00007f12cd0b5000,0x00007f12cd1b6000)]
  0x00007f1274001800 JavaThread "Worker-1: Building" [_thread_in_Java, id=20755, stack(0x00007f12ccfb4000,0x00007f12cd0b5000)]
  0x00007f128440d000 JavaThread "Java indexing" daemon [_thread_blocked, id=20765, stack(0x00007f12cc4a7000,0x00007f12cc5a8000)]
  0x00007f127400a000 JavaThread "Worker-2: Updating Maven Dependencies" [_thread_blocked, id=20766, stack(0x00007f12cc3a6000,0x00007f12cc4a7000)]
  0x00007f12f055d800 JavaThread "pool-3-thread-1" [_thread_blocked, id=20768, stack(0x00007f12cc0a5000,0x00007f12cc1a6000)]
  0x00007f12f05e5800 JavaThread "pool-2-thread-1" [_thread_blocked, id=20771, stack(0x00007f124fcff000,0x00007f124fe00000)]
  0x00007f12740e5800 JavaThread "Worker-3" [_thread_blocked, id=20775, stack(0x00007f124f5fe000,0x00007f124f6ff000)]
  0x00007f12680e7800 JavaThread "Compiler Processing Task" daemon [_thread_blocked, id=20792, stack(0x00007f124edb7000,0x00007f124eeb8000)]

Other Threads:
  0x00007f12f021c800 VMThread "VM Thread" [stack: 0x00007f12cf5df000,0x00007f12cf6df000] [id=20688]
  0x00007f12f02c1800 WatcherThread [stack: 0x00007f12ce4d7000,0x00007f12ce5d7000] [id=20709]
  0x00007f12f002d800 GCTaskThread "ParGC Thread#0" [stack: 0x00007f12d8336000,0x00007f12d8436000] [id=20686]
  0x00007f12c8001000 GCTaskThread "ParGC Thread#1" [stack: 0x00007f12cdfd1000,0x00007f12ce0d1000] [id=20735]
  0x00007f12c8002800 GCTaskThread "ParGC Thread#2" [stack: 0x00007f12cdecf000,0x00007f12cdfcf000] [id=20736]
  0x00007f12c8004000 GCTaskThread "ParGC Thread#3" [stack: 0x00007f12cddcd000,0x00007f12cdecd000] [id=20737]
  0x00007f12c8006800 GCTaskThread "ParGC Thread#4" [stack: 0x00007f12cccb4000,0x00007f12ccdb4000] [id=20756]
  0x00007f12c8007800 GCTaskThread "ParGC Thread#5" [stack: 0x00007f12ccbb2000,0x00007f12cccb2000] [id=20757]
  0x00007f12c8009000 GCTaskThread "ParGC Thread#6" [stack: 0x00007f12ccab0000,0x00007f12ccbb0000] [id=20758]
  0x00007f12c800a800 GCTaskThread "ParGC Thread#7" [stack: 0x00007f12cc9ae000,0x00007f12ccaae000] [id=20759]
  0x00007f12c800c800 GCTaskThread "ParGC Thread#8" [stack: 0x00007f12cc8ac000,0x00007f12cc9ac000] [id=20760]
  0x00007f12c800e000 GCTaskThread "ParGC Thread#9" [stack: 0x00007f12cc7aa000,0x00007f12cc8aa000] [id=20761]

Threads with active compile tasks:
C2 CompilerThread0   3059 4403       4       org.eclipse.jdt.internal.compiler.parser.Scanner::internalScanIdentifierOrKeyword (4733 bytes)
C1 CompilerThread0   3059 4684       3       org.eclipse.jdt.internal.compiler.parser.Parser::consumeRule (7754 bytes)
C2 CompilerThread1   3059 4134   !   4       org.eclipse.osgi.internal.loader.classpath.ClasspathManager::defineClass (636 bytes)
C2 CompilerThread2   3059 4249   !   4       org.eclipse.osgi.internal.loader.BundleLoader::findClass (531 bytes)

VM state:not at safepoint (normal execution)

VM Mutex/Monitor currently owned by a thread: None

Heap address: 0x00000000c0000000, size: 1024 MB, Compressed Oops mode: 32-bit
Narrow klass base: 0x0000000800000000, Narrow klass shift: 3
Compressed class space size: 1073741824 Address: 0x0000000840000000

Heap:
 PSYoungGen      total 23040K, used 9443K [0x00000000eab00000, 0x00000000ec880000, 0x0000000100000000)
  eden space 22016K, 38% used [0x00000000eab00000,0x00000000eb33b180,0x00000000ec080000)
  from space 1024K, 99% used [0x00000000ec780000,0x00000000ec87dba0,0x00000000ec880000)
  to   space 3072K, 0% used [0x00000000ec280000,0x00000000ec280000,0x00000000ec580000)
 ParOldGen       total 68608K, used 30691K [0x00000000c0000000, 0x00000000c4300000, 0x00000000eab00000)
  object space 68608K, 44% used [0x00000000c0000000,0x00000000c1df8dd8,0x00000000c4300000)
 Metaspace       used 40459K, capacity 42797K, committed 43264K, reserved 1087488K
  class space    used 4188K, capacity 5045K, committed 5120K, reserved 1048576K

Card table byte_map: [0x00007f12d858c000,0x00007f12d878d000] _byte_map_base: 0x00007f12d7f8c000

Marking Bits: (ParMarkBitMap*) 0x00007f12f58d57e0
 Begin Bits: [0x00007f12d2000000, 0x00007f12d3000000)
 End Bits:   [0x00007f12d3000000, 0x00007f12d4000000)

Polling page: 0x00007f12f5b3d000

Metaspace:

Usage:
  Non-class:     36,87 MB capacity,    35,42 MB ( 96%) used,     1,36 MB (  4%) free+waste,    91,88 KB ( <1%) overhead. 
      Class:      4,93 MB capacity,     4,09 MB ( 83%) used,   811,47 KB ( 16%) free+waste,    45,25 KB ( <1%) overhead. 
       Both:     41,79 MB capacity,    39,51 MB ( 95%) used,     2,15 MB (  5%) free+waste,   137,12 KB ( <1%) overhead. 

Virtual space:
  Non-class space:       38,00 MB reserved,      37,25 MB ( 98%) committed 
      Class space:        1,00 GB reserved,       5,00 MB ( <1%) committed 
             Both:        1,04 GB reserved,      42,25 MB (  4%) committed 

Chunk freelists:
   Non-Class:  272,00 KB
       Class:  11,00 KB
        Both:  283,00 KB

MaxMetaspaceSize: unlimited
CompressedClassSpaceSize: 1,00 GB

CodeHeap 'non-profiled nmethods': size=120032Kb used=2239Kb max_used=2239Kb free=117792Kb
 bounds [0x00007f12e0340000, 0x00007f12e05b0000, 0x00007f12e7878000]
CodeHeap 'profiled nmethods': size=120028Kb used=10508Kb max_used=10508Kb free=109519Kb
 bounds [0x00007f12d8e09000, 0x00007f12d9859000, 0x00007f12e0340000]
CodeHeap 'non-nmethods': size=5700Kb used=1224Kb max_used=1260Kb free=4475Kb
 bounds [0x00007f12d8878000, 0x00007f12d8ae8000, 0x00007f12d8e09000]
 total_blobs=5254 nmethods=4649 adapters=519
 compilation: enabled
              stopped_count=0, restarted_count=0
 full_count=0

Compilation events (20 events):
Event: 3,041 Thread 0x00007f12f0232800 nmethod 4674 0x00007f12d9843b10 code [0x00007f12d9843f00, 0x00007f12d9845be0]
Event: 3,041 Thread 0x00007f12f0232800 4673       3       org.eclipse.jdt.internal.compiler.lookup.TypeBinding::leafComponentType (2 bytes)
Event: 3,041 Thread 0x00007f12f0232800 nmethod 4673 0x00007f12d9846810 code [0x00007f12d98469c0, 0x00007f12d9846ad0]
Event: 3,041 Thread 0x00007f12f0232800 4677       3       org.eclipse.jdt.internal.compiler.lookup.Binding::isValidBinding (11 bytes)
Event: 3,041 Thread 0x00007f12f0232800 nmethod 4677 0x00007f12d9846b90 code [0x00007f12d9846d40, 0x00007f12d9846f60]
Event: 3,041 Thread 0x00007f12f0232800 4680       3       org.eclipse.jdt.internal.compiler.lookup.LookupEnvironment::getCachedType0 (112 bytes)
Event: 3,042 Thread 0x00007f12f0232800 nmethod 4680 0x00007f12d9847010 code [0x00007f12d98472a0, 0x00007f12d9848150]
Event: 3,042 Thread 0x00007f12f0232800 4682       3       org.eclipse.jdt.internal.compiler.lookup.TypeBinding::hasTypeAnnotations (17 bytes)
Event: 3,043 Thread 0x00007f12f0232800 nmethod 4682 0x00007f12d9848590 code [0x00007f12d9848740, 0x00007f12d98488d0]
Event: 3,043 Thread 0x00007f12f0232800 4679       3       org.eclipse.jdt.internal.compiler.env.ITypeAnnotationWalker$1::getAnnotationsAtCursor (4 bytes)
Event: 3,043 Thread 0x00007f12f0232800 nmethod 4679 0x00007f12d9848990 code [0x00007f12d9848b40, 0x00007f12d9848c70]
Event: 3,043 Thread 0x00007f12f0232800 4678   !   3       org.eclipse.jdt.internal.compiler.lookup.TypeSystem::getUnannotatedType (267 bytes)
Event: 3,044 Thread 0x00007f12f0232800 nmethod 4678 0x00007f12d9848d10 code [0x00007f12d9848fc0, 0x00007f12d984a2d0]
Event: 3,044 Thread 0x00007f12f0232800 4676       3       org.eclipse.jdt.internal.compiler.lookup.MethodBinding::isConstructor (14 bytes)
Event: 3,044 Thread 0x00007f12f0232800 nmethod 4676 0x00007f12d984ab10 code [0x00007f12d984acc0, 0x00007f12d984ae30]
Event: 3,044 Thread 0x00007f12f0232800 4683       3       org.eclipse.jdt.internal.compiler.lookup.TypeBinding::isMemberType (17 bytes)
Event: 3,044 Thread 0x00007f12f0232800 nmethod 4683 0x00007f12d984af10 code [0x00007f12d984b0c0, 0x00007f12d984b250]
Event: 3,044 Thread 0x00007f12f0232800 4681       3       org.eclipse.jdt.internal.compiler.lookup.LookupEnvironment::getTypeFromCompoundName (152 bytes)
Event: 3,046 Thread 0x00007f12f0232800 nmethod 4681 0x00007f12d984b310 code [0x00007f12d984b580, 0x00007f12d984bf00]
Event: 3,046 Thread 0x00007f12f0232800 4684       3       org.eclipse.jdt.internal.compiler.parser.Parser::consumeRule (7754 bytes)

GC Heap History (20 events):
Event: 1,977 GC heap before
{Heap before GC invocations=7 (full 1):
 PSYoungGen      total 29184K, used 29170K [0x00000000eab00000, 0x00000000ece80000, 0x0000000100000000)
  eden space 25088K, 100% used [0x00000000eab00000,0x00000000ec380000,0x00000000ec380000)
  from space 4096K, 99% used [0x00000000ec400000,0x00000000ec7fc8c0,0x00000000ec800000)
  to   space 5632K, 0% used [0x00000000ec900000,0x00000000ec900000,0x00000000ece80000)
 ParOldGen       total 68608K, used 11636K [0x00000000c0000000, 0x00000000c4300000, 0x00000000eab00000)
  object space 68608K, 16% used [0x00000000c0000000,0x00000000c0b5d290,0x00000000c4300000)
 Metaspace       used 27253K, capacity 29550K, committed 29824K, reserved 1075200K
  class space    used 2829K, capacity 3654K, committed 3712K, reserved 1048576K
}
Event: 1,982 GC heap after
{Heap after GC invocations=7 (full 1):
 PSYoungGen      total 29696K, used 5619K [0x00000000eab00000, 0x00000000ed000000, 0x0000000100000000)
  eden space 24064K, 0% used [0x00000000eab00000,0x00000000eab00000,0x00000000ec280000)
  from space 5632K, 99% used [0x00000000ec900000,0x00000000ece7ce00,0x00000000ece80000)
  to   space 6656K, 0% used [0x00000000ec280000,0x00000000ec280000,0x00000000ec900000)
 ParOldGen       total 68608K, used 12287K [0x00000000c0000000, 0x00000000c4300000, 0x00000000eab00000)
  object space 68608K, 17% used [0x00000000c0000000,0x00000000c0bffc10,0x00000000c4300000)
 Metaspace       used 27253K, capacity 29550K, committed 29824K, reserved 1075200K
  class space    used 2829K, capacity 3654K, committed 3712K, reserved 1048576K
}
Event: 2,047 GC heap before
{Heap before GC invocations=8 (full 1):
 PSYoungGen      total 29696K, used 29683K [0x00000000eab00000, 0x00000000ed000000, 0x0000000100000000)
  eden space 24064K, 100% used [0x00000000eab00000,0x00000000ec280000,0x00000000ec280000)
  from space 5632K, 99% used [0x00000000ec900000,0x00000000ece7ce00,0x00000000ece80000)
  to   space 6656K, 0% used [0x00000000ec280000,0x00000000ec280000,0x00000000ec900000)
 ParOldGen       total 68608K, used 12287K [0x00000000c0000000, 0x00000000c4300000, 0x00000000eab00000)
  object space 68608K, 17% used [0x00000000c0000000,0x00000000c0bffc10,0x00000000c4300000)
 Metaspace       used 27356K, capacity 29678K, committed 29824K, reserved 1075200K
  class space    used 2833K, capacity 3654K, committed 3712K, reserved 1048576K
}
Event: 2,053 GC heap after
{Heap after GC invocations=8 (full 1):
 PSYoungGen      total 30208K, used 6631K [0x00000000eab00000, 0x00000000ed300000, 0x0000000100000000)
  eden space 23552K, 0% used [0x00000000eab00000,0x00000000eab00000,0x00000000ec200000)
  from space 6656K, 99% used [0x00000000ec280000,0x00000000ec8f9cd0,0x00000000ec900000)
  to   space 8704K, 0% used [0x00000000eca80000,0x00000000eca80000,0x00000000ed300000)
 ParOldGen       total 68608K, used 13615K [0x00000000c0000000, 0x00000000c4300000, 0x00000000eab00000)
  object space 68608K, 19% used [0x00000000c0000000,0x00000000c0d4bc30,0x00000000c4300000)
 Metaspace       used 27356K, capacity 29678K, committed 29824K, reserved 1075200K
  class space    used 2833K, capacity 3654K, committed 3712K, reserved 1048576K
}
Event: 2,102 GC heap before
{Heap before GC invocations=9 (full 1):
 PSYoungGen      total 30208K, used 30183K [0x00000000eab00000, 0x00000000ed300000, 0x0000000100000000)
  eden space 23552K, 100% used [0x00000000eab00000,0x00000000ec200000,0x00000000ec200000)
  from space 6656K, 99% used [0x00000000ec280000,0x00000000ec8f9cd0,0x00000000ec900000)
  to   space 8704K, 0% used [0x00000000eca80000,0x00000000eca80000,0x00000000ed300000)
 ParOldGen       total 68608K, used 13615K [0x00000000c0000000, 0x00000000c4300000, 0x00000000eab00000)
  object space 68608K, 19% used [0x00000000c0000000,0x00000000c0d4bc30,0x00000000c4300000)
 Metaspace       used 27421K, capacity 29742K, committed 30080K, reserved 1075200K
  class space    used 2838K, capacity 3654K, committed 3712K, reserved 1048576K
}
Event: 2,109 GC heap after
{Heap after GC invocations=9 (full 1):
 PSYoungGen      total 30720K, used 7520K [0x00000000eab00000, 0x00000000ed200000, 0x0000000100000000)
  eden space 23040K, 0% used [0x00000000eab00000,0x00000000eab00000,0x00000000ec180000)
  from space 7680K, 97% used [0x00000000eca80000,0x00000000ed1d8030,0x00000000ed200000)
  to   space 7680K, 0% used [0x00000000ec300000,0x00000000ec300000,0x00000000eca80000)
 ParOldGen       total 68608K, used 15686K [0x00000000c0000000, 0x00000000c4300000, 0x00000000eab00000)
  object space 68608K, 22% used [0x00000000c0000000,0x00000000c0f519e8,0x00000000c4300000)
 Metaspace       used 27421K, capacity 29742K, committed 30080K, reserved 1075200K
  class space    used 2838K, capacity 3654K, committed 3712K, reserved 1048576K
}
Event: 2,151 GC heap before
{Heap before GC invocations=10 (full 1):
 PSYoungGen      total 30720K, used 30560K [0x00000000eab00000, 0x00000000ed200000, 0x0000000100000000)
  eden space 23040K, 100% used [0x00000000eab00000,0x00000000ec180000,0x00000000ec180000)
  from space 7680K, 97% used [0x00000000eca80000,0x00000000ed1d8030,0x00000000ed200000)
  to   space 7680K, 0% used [0x00000000ec300000,0x00000000ec300000,0x00000000eca80000)
 ParOldGen       total 68608K, used 15686K [0x00000000c0000000, 0x00000000c4300000, 0x00000000eab00000)
  object space 68608K, 22% used [0x00000000c0000000,0x00000000c0f519e8,0x00000000c4300000)
 Metaspace       used 27422K, capacity 29742K, committed 30080K, reserved 1075200K
  class space    used 2838K, capacity 3654K, committed 3712K, reserved 1048576K
}
Event: 2,158 GC heap after
{Heap after GC invocations=10 (full 1):
 PSYoungGen      total 30208K, used 7218K [0x00000000eab00000, 0x00000000ed000000, 0x0000000100000000)
  eden space 22528K, 0% used [0x00000000eab00000,0x00000000eab00000,0x00000000ec100000)
  from space 7680K, 93% used [0x00000000ec300000,0x00000000eca0cb38,0x00000000eca80000)
  to   space 5632K, 0% used [0x00000000eca80000,0x00000000eca80000,0x00000000ed000000)
 ParOldGen       total 68608K, used 18477K [0x00000000c0000000, 0x00000000c4300000, 0x00000000eab00000)
  object space 68608K, 26% used [0x00000000c0000000,0x00000000c120b440,0x00000000c4300000)
 Metaspace       used 27422K, capacity 29742K, committed 30080K, reserved 1075200K
  class space    used 2838K, capacity 3654K, committed 3712K, reserved 1048576K
}
Event: 2,255 GC heap before
{Heap before GC invocations=11 (full 1):
 PSYoungGen      total 30208K, used 29746K [0x00000000eab00000, 0x00000000ed000000, 0x0000000100000000)
  eden space 22528K, 100% used [0x00000000eab00000,0x00000000ec100000,0x00000000ec100000)
  from space 7680K, 93% used [0x00000000ec300000,0x00000000eca0cb38,0x00000000eca80000)
  to   space 5632K, 0% used [0x00000000eca80000,0x00000000eca80000,0x00000000ed000000)
 ParOldGen       total 68608K, used 18477K [0x00000000c0000000, 0x00000000c4300000, 0x00000000eab00000)
  object space 68608K, 26% used [0x00000000c0000000,0x00000000c120b440,0x00000000c4300000)
 Metaspace       used 27902K, capacity 30276K, committed 30592K, reserved 1077248K
  class space    used 2883K, capacity 3702K, committed 3712K, reserved 1048576K
}
Event: 2,278 GC heap after
{Heap after GC invocations=11 (full 1):
 PSYoungGen      total 27648K, used 5472K [0x00000000eab00000, 0x00000000ed000000, 0x0000000100000000)
  eden space 22016K, 0% used [0x00000000eab00000,0x00000000eab00000,0x00000000ec080000)
  from space 5632K, 97% used [0x00000000eca80000,0x00000000ecfd8010,0x00000000ed000000)
  to   space 6144K, 0% used [0x00000000ec400000,0x00000000ec400000,0x00000000eca00000)
 ParOldGen       total 68608K, used 22972K [0x00000000c0000000, 0x00000000c4300000, 0x00000000eab00000)
  object space 68608K, 33% used [0x00000000c0000000,0x00000000c166f328,0x00000000c4300000)
 Metaspace       used 27902K, capacity 30276K, committed 30592K, reserved 1077248K
  class space    used 2883K, capacity 3702K, committed 3712K, reserved 1048576K
}
Event: 2,397 GC heap before
{Heap before GC invocations=12 (full 1):
 PSYoungGen      total 27648K, used 27482K [0x00000000eab00000, 0x00000000ed000000, 0x0000000100000000)
  eden space 22016K, 99% used [0x00000000eab00000,0x00000000ec07e940,0x00000000ec080000)
  from space 5632K, 97% used [0x00000000eca80000,0x00000000ecfd8010,0x00000000ed000000)
  to   space 6144K, 0% used [0x00000000ec400000,0x00000000ec400000,0x00000000eca00000)
 ParOldGen       total 68608K, used 22972K [0x00000000c0000000, 0x00000000c4300000, 0x00000000eab00000)
  object space 68608K, 33% used [0x00000000c0000000,0x00000000c166f328,0x00000000c4300000)
 Metaspace       used 28984K, capacity 31308K, committed 31616K, reserved 1077248K
  class space    used 3007K, capacity 3875K, committed 3968K, reserved 1048576K
}
Event: 2,402 GC heap after
{Heap after GC invocations=12 (full 1):
 PSYoungGen      total 23040K, used 736K [0x00000000eab00000, 0x00000000ecb00000, 0x0000000100000000)
  eden space 22016K, 0% used [0x00000000eab00000,0x00000000eab00000,0x00000000ec080000)
  from space 1024K, 71% used [0x00000000ec400000,0x00000000ec4b8000,0x00000000ec500000)
  to   space 3072K, 0% used [0x00000000ec800000,0x00000000ec800000,0x00000000ecb00000)
 ParOldGen       total 68608K, used 28381K [0x00000000c0000000, 0x00000000c4300000, 0x00000000eab00000)
  object space 68608K, 41% used [0x00000000c0000000,0x00000000c1bb77a8,0x00000000c4300000)
 Metaspace       used 28984K, capacity 31308K, committed 31616K, reserved 1077248K
  class space    used 3007K, capacity 3875K, committed 3968K, reserved 1048576K
}
Event: 2,599 GC heap before
{Heap before GC invocations=13 (full 1):
 PSYoungGen      total 23040K, used 22752K [0x00000000eab00000, 0x00000000ecb00000, 0x0000000100000000)
  eden space 22016K, 100% used [0x00000000eab00000,0x00000000ec080000,0x00000000ec080000)
  from space 1024K, 71% used [0x00000000ec400000,0x00000000ec4b8000,0x00000000ec500000)
  to   space 3072K, 0% used [0x00000000ec800000,0x00000000ec800000,0x00000000ecb00000)
 ParOldGen       total 68608K, used 28381K [0x00000000c0000000, 0x00000000c4300000, 0x00000000eab00000)
  object space 68608K, 41% used [0x00000000c0000000,0x00000000c1bb77a8,0x00000000c4300000)
 Metaspace       used 32064K, capacity 34342K, committed 34816K, reserved 1079296K
  class space    used 3387K, capacity 4242K, committed 4352K, reserved 1048576K
}
Event: 2,601 GC heap after
{Heap after GC invocations=13 (full 1):
 PSYoungGen      total 23552K, used 1120K [0x00000000eab00000, 0x00000000ec980000, 0x0000000100000000)
  eden space 22016K, 0% used [0x00000000eab00000,0x00000000eab00000,0x00000000ec080000)
  from space 1536K, 72% used [0x00000000ec800000,0x00000000ec918000,0x00000000ec980000)
  to   space 1536K, 0% used [0x00000000ec680000,0x00000000ec680000,0x00000000ec800000)
 ParOldGen       total 68608K, used 28938K [0x00000000c0000000, 0x00000000c4300000, 0x00000000eab00000)
  object space 68608K, 42% used [0x00000000c0000000,0x00000000c1c42940,0x00000000c4300000)
 Metaspace       used 32064K, capacity 34342K, committed 34816K, reserved 1079296K
  class space    used 3387K, capacity 4242K, committed 4352K, reserved 1048576K
}
Event: 2,615 GC heap before
{Heap before GC invocations=14 (full 1):
 PSYoungGen      total 23552K, used 2927K [0x00000000eab00000, 0x00000000ec980000, 0x0000000100000000)
  eden space 22016K, 8% used [0x00000000eab00000,0x00000000eacc3ed0,0x00000000ec080000)
  from space 1536K, 72% used [0x00000000ec800000,0x00000000ec918000,0x00000000ec980000)
  to   space 1536K, 0% used [0x00000000ec680000,0x00000000ec680000,0x00000000ec800000)
 ParOldGen       total 68608K, used 28938K [0x00000000c0000000, 0x00000000c4300000, 0x00000000eab00000)
  object space 68608K, 42% used [0x00000000c0000000,0x00000000c1c42940,0x00000000c4300000)
 Metaspace       used 32754K, capacity 35014K, committed 35328K, reserved 1081344K
  class space    used 3438K, capacity 4274K, committed 4352K, reserved 1048576K
}
Event: 2,617 GC heap after
{Heap after GC invocations=14 (full 1):
 PSYoungGen      total 22528K, used 364K [0x00000000eab00000, 0x00000000ec880000, 0x0000000100000000)
  eden space 22016K, 0% used [0x00000000eab00000,0x00000000eab00000,0x00000000ec080000)
  from space 512K, 71% used [0x00000000ec680000,0x00000000ec6db0c8,0x00000000ec700000)
  to   space 1024K, 0% used [0x00000000ec780000,0x00000000ec780000,0x00000000ec880000)
 ParOldGen       total 68608K, used 29888K [0x00000000c0000000, 0x00000000c4300000, 0x00000000eab00000)
  object space 68608K, 43% used [0x00000000c0000000,0x00000000c1d30038,0x00000000c4300000)
 Metaspace       used 32754K, capacity 35014K, committed 35328K, reserved 1081344K
  class space    used 3438K, capacity 4274K, committed 4352K, reserved 1048576K
}
Event: 2,617 GC heap before
{Heap before GC invocations=15 (full 2):
 PSYoungGen      total 22528K, used 364K [0x00000000eab00000, 0x00000000ec880000, 0x0000000100000000)
  eden space 22016K, 0% used [0x00000000eab00000,0x00000000eab00000,0x00000000ec080000)
  from space 512K, 71% used [0x00000000ec680000,0x00000000ec6db0c8,0x00000000ec700000)
  to   space 1024K, 0% used [0x00000000ec780000,0x00000000ec780000,0x00000000ec880000)
 ParOldGen       total 68608K, used 29888K [0x00000000c0000000, 0x00000000c4300000, 0x00000000eab00000)
  object space 68608K, 43% used [0x00000000c0000000,0x00000000c1d30038,0x00000000c4300000)
 Metaspace       used 32754K, capacity 35014K, committed 35328K, reserved 1081344K
  class space    used 3438K, capacity 4274K, committed 4352K, reserved 1048576K
}
Event: 2,729 GC heap after
{Heap after GC invocations=15 (full 2):
 PSYoungGen      total 22528K, used 0K [0x00000000eab00000, 0x00000000ec880000, 0x0000000100000000)
  eden space 22016K, 0% used [0x00000000eab00000,0x00000000eab00000,0x00000000ec080000)
  from space 512K, 0% used [0x00000000ec680000,0x00000000ec680000,0x00000000ec700000)
  to   space 1024K, 0% used [0x00000000ec780000,0x00000000ec780000,0x00000000ec880000)
 ParOldGen       total 68608K, used 29258K [0x00000000c0000000, 0x00000000c4300000, 0x00000000eab00000)
  object space 68608K, 42% used [0x00000000c0000000,0x00000000c1c92940,0x00000000c4300000)
 Metaspace       used 32754K, capacity 35014K, committed 35328K, reserved 1081344K
  class space    used 3438K, capacity 4274K, committed 4352K, reserved 1048576K
}
Event: 2,946 GC heap before
{Heap before GC invocations=16 (full 2):
 PSYoungGen      total 22528K, used 22016K [0x00000000eab00000, 0x00000000ec880000, 0x0000000100000000)
  eden space 22016K, 100% used [0x00000000eab00000,0x00000000ec080000,0x00000000ec080000)
  from space 512K, 0% used [0x00000000ec680000,0x00000000ec680000,0x00000000ec700000)
  to   space 1024K, 0% used [0x00000000ec780000,0x00000000ec780000,0x00000000ec880000)
 ParOldGen       total 68608K, used 29258K [0x00000000c0000000, 0x00000000c4300000, 0x00000000eab00000)
  object space 68608K, 42% used [0x00000000c0000000,0x00000000c1c92940,0x00000000c4300000)
 Metaspace       used 38377K, capacity 40738K, committed 41344K, reserved 1085440K
  class space    used 4024K, capacity 4901K, committed 4992K, reserved 1048576K
}
Event: 2,948 GC heap after
{Heap after GC invocations=16 (full 2):
 PSYoungGen      total 23040K, used 1014K [0x00000000eab00000, 0x00000000ec880000, 0x0000000100000000)
  eden space 22016K, 0% used [0x00000000eab00000,0x00000000eab00000,0x00000000ec080000)
  from space 1024K, 99% used [0x00000000ec780000,0x00000000ec87dba0,0x00000000ec880000)
  to   space 3072K, 0% used [0x00000000ec280000,0x00000000ec280000,0x00000000ec580000)
 ParOldGen       total 68608K, used 30691K [0x00000000c0000000, 0x00000000c4300000, 0x00000000eab00000)
  object space 68608K, 44% used [0x00000000c0000000,0x00000000c1df8dd8,0x00000000c4300000)
 Metaspace       used 38377K, capacity 40738K, committed 41344K, reserved 1085440K
  class space    used 4024K, capacity 4901K, committed 4992K, reserved 1048576K
}

Deoptimization events (20 events):
Event: 2,954 Thread 0x00007f1274001800 Uncommon trap: trap_request=0xffffff76 fr.pc=0x00007f12e049b418 relative=0x00000000000003d8
Event: 2,954 Thread 0x00007f1274001800 Uncommon trap: reason=loop_limit_check action=maybe_recompile pc=0x00007f12e049b418 method=org.eclipse.jdt.internal.compiler.classfmt.ClassFileStruct.utf8At(II)[C @ 143 c2
Event: 2,954 Thread 0x00007f1274001800 DEOPT PACKING pc=0x00007f12e049b418 sp=0x00007f12cd0b2120
Event: 2,954 Thread 0x00007f1274001800 DEOPT UNPACKING pc=0x00007f12d889d2a5 sp=0x00007f12cd0b20d8 mode 2
Event: 2,985 Thread 0x00007f1284272000 Uncommon trap: trap_request=0xffffff4d fr.pc=0x00007f12e053c028 relative=0x0000000000000988
Event: 2,985 Thread 0x00007f1284272000 Uncommon trap: reason=unstable_if action=reinterpret pc=0x00007f12e053c028 method=java.util.Properties$LineReader.readLine()I @ 249 c2
Event: 2,985 Thread 0x00007f1284272000 DEOPT PACKING pc=0x00007f12e053c028 sp=0x00007f12cd1b3df0
Event: 2,985 Thread 0x00007f1284272000 DEOPT UNPACKING pc=0x00007f12d889d2a5 sp=0x00007f12cd1b3d78 mode 2
Event: 2,998 Thread 0x00007f12680e7800 Uncommon trap: trap_request=0xffffff4d fr.pc=0x00007f12e05204b8 relative=0x0000000000000098
Event: 2,998 Thread 0x00007f12680e7800 Uncommon trap: reason=unstable_if action=reinterpret pc=0x00007f12e05204b8 method=java.util.Hashtable$Enumerator.nextElement()Ljava/lang/Object; @ 87 c2
Event: 2,998 Thread 0x00007f12680e7800 DEOPT PACKING pc=0x00007f12e05204b8 sp=0x00007f124eeb66c0
Event: 2,998 Thread 0x00007f12680e7800 DEOPT UNPACKING pc=0x00007f12d889d2a5 sp=0x00007f124eeb6660 mode 2
Event: 3,033 Thread 0x00007f127400a000 Uncommon trap: trap_request=0xffffffec fr.pc=0x00007f12e0532464 relative=0x0000000000000964
Event: 3,033 Thread 0x00007f127400a000 Uncommon trap: reason=null_assert_or_unreached0 action=make_not_entrant pc=0x00007f12e0532464 method=java.util.concurrent.locks.ReentrantReadWriteLock$Sync.tryAcquireShared(I)I @ 129 c2
Event: 3,033 Thread 0x00007f127400a000 DEOPT PACKING pc=0x00007f12e0532464 sp=0x00007f12cc4a4a90
Event: 3,033 Thread 0x00007f127400a000 DEOPT UNPACKING pc=0x00007f12d889d2a5 sp=0x00007f12cc4a46f8 mode 2
Event: 3,044 Thread 0x00007f12680e7800 Uncommon trap: trap_request=0xffffff4d fr.pc=0x00007f12e05682f4 relative=0x0000000000000514
Event: 3,044 Thread 0x00007f12680e7800 Uncommon trap: reason=unstable_if action=reinterpret pc=0x00007f12e05682f4 method=org.eclipse.jdt.internal.compiler.parser.Parser.consumeRule(I)V @ 1 c2
Event: 3,044 Thread 0x00007f12680e7800 DEOPT PACKING pc=0x00007f12e05682f4 sp=0x00007f124eeb65b0
Event: 3,044 Thread 0x00007f12680e7800 DEOPT UNPACKING pc=0x00007f12d889d2a5 sp=0x00007f124eeb6580 mode 2

Classes redefined (0 events):
No events

Internal exceptions (20 events):
Event: 2,934 Thread 0x00007f127400a000 Exception <a 'java/lang/NoClassDefFoundError'{0x00000000ebf14508}: javax/annotation/Priority> (0x00000000ebf14508) thrown at [src/hotspot/share/classfile/systemDictionary.cpp, line 220]
Event: 2,934 Thread 0x00007f1274001800 Exception <a 'java/lang/ArrayIndexOutOfBoundsException'{0x00000000ebee3758}> (0x00000000ebee3758) thrown at [src/hotspot/share/runtime/sharedRuntime.cpp, line 606]
Event: 2,935 Thread 0x00007f1274001800 Exception <a 'java/lang/ArrayIndexOutOfBoundsException'{0x00000000ebee69c8}> (0x00000000ebee69c8) thrown at [src/hotspot/share/runtime/sharedRuntime.cpp, line 606]
Event: 2,936 Thread 0x00007f1274001800 Exception <a 'java/lang/ArrayIndexOutOfBoundsException'{0x00000000ebef2ea8}> (0x00000000ebef2ea8) thrown at [src/hotspot/share/runtime/sharedRuntime.cpp, line 606]
Event: 2,992 Thread 0x00007f1284272000 Exception <a 'java/io/IOException'{0x00000000eaea1060}> (0x00000000eaea1060) thrown at [src/hotspot/share/prims/jni.cpp, line 615]
Event: 2,992 Thread 0x00007f1284272000 Exception <a 'java/io/IOException'{0x00000000eaea13a8}> (0x00000000eaea13a8) thrown at [src/hotspot/share/prims/jni.cpp, line 615]
Event: 2,992 Thread 0x00007f1284272000 Exception <a 'java/io/IOException'{0x00000000eaea16f0}> (0x00000000eaea16f0) thrown at [src/hotspot/share/prims/jni.cpp, line 615]
Event: 3,000 Thread 0x00007f1274001800 Exception <a 'sun/nio/fs/UnixException'{0x00000000eac946b8}> (0x00000000eac946b8) thrown at [src/hotspot/share/prims/jni.cpp, line 615]
Event: 3,005 Thread 0x00007f1274001800 Exception <a 'java/io/IOException'{0x00000000eaf57818}> (0x00000000eaf57818) thrown at [src/hotspot/share/prims/jni.cpp, line 615]
Event: 3,005 Thread 0x00007f1274001800 Exception <a 'java/io/IOException'{0x00000000eaf57e08}> (0x00000000eaf57e08) thrown at [src/hotspot/share/prims/jni.cpp, line 615]
Event: 3,005 Thread 0x00007f1274001800 Exception <a 'java/io/IOException'{0x00000000eaf583f8}> (0x00000000eaf583f8) thrown at [src/hotspot/share/prims/jni.cpp, line 615]
Event: 3,018 Thread 0x00007f1274001800 Exception <a 'sun/nio/fs/UnixException'{0x00000000eaf5a448}> (0x00000000eaf5a448) thrown at [src/hotspot/share/prims/jni.cpp, line 615]
Event: 3,020 Thread 0x00007f1274001800 Exception <a 'sun/nio/fs/UnixException'{0x00000000eb0734a8}> (0x00000000eb0734a8) thrown at [src/hotspot/share/prims/jni.cpp, line 615]
Event: 3,026 Thread 0x00007f1274001800 Exception <a 'sun/nio/fs/UnixException'{0x00000000eb0bd4f0}> (0x00000000eb0bd4f0) thrown at [src/hotspot/share/prims/jni.cpp, line 615]
Event: 3,029 Thread 0x00007f1274001800 Exception <a 'sun/nio/fs/UnixException'{0x00000000eb0ce620}> (0x00000000eb0ce620) thrown at [src/hotspot/share/prims/jni.cpp, line 615]
Event: 3,031 Thread 0x00007f1274001800 Exception <a 'sun/nio/fs/UnixException'{0x00000000eb12c8e8}> (0x00000000eb12c8e8) thrown at [src/hotspot/share/prims/jni.cpp, line 615]
Event: 3,037 Thread 0x00007f1274001800 Exception <a 'sun/nio/fs/UnixException'{0x00000000eb13df00}> (0x00000000eb13df00) thrown at [src/hotspot/share/prims/jni.cpp, line 615]
Event: 3,044 Thread 0x00007f1274001800 Exception <a 'sun/nio/fs/UnixException'{0x00000000eb1b67d0}> (0x00000000eb1b67d0) thrown at [src/hotspot/share/prims/jni.cpp, line 615]
Event: 3,050 Thread 0x00007f1274001800 Exception <a 'sun/nio/fs/UnixException'{0x00000000eb29e258}> (0x00000000eb29e258) thrown at [src/hotspot/share/prims/jni.cpp, line 615]
Event: 3,056 Thread 0x00007f1274001800 Exception <a 'sun/nio/fs/UnixException'{0x00000000eb2aff90}> (0x00000000eb2aff90) thrown at [src/hotspot/share/prims/jni.cpp, line 615]

Events (20 events):
Event: 3,000 Executing VM operation: BulkRevokeBias
Event: 3,001 Executing VM operation: BulkRevokeBias done
Event: 3,003 Executing VM operation: RevokeBias
Event: 3,003 Executing VM operation: RevokeBias done
Event: 3,017 Executing VM operation: RevokeBias
Event: 3,017 Executing VM operation: RevokeBias done
Event: 3,026 Executing VM operation: RevokeBias
Event: 3,026 Executing VM operation: RevokeBias done
Event: 3,031 Executing VM operation: RevokeBias
Event: 3,031 Executing VM operation: RevokeBias done
Event: 3,032 loading class java/util/concurrent/locks/ReentrantReadWriteLock$Sync$HoldCounter
Event: 3,032 loading class java/util/concurrent/locks/ReentrantReadWriteLock$Sync$HoldCounter done
Event: 3,043 Executing VM operation: RevokeBias
Event: 3,043 Executing VM operation: RevokeBias done
Event: 3,045 Executing VM operation: Deoptimize
Event: 3,045 Executing VM operation: Deoptimize done
Event: 3,052 Executing VM operation: RevokeBias
Event: 3,053 Executing VM operation: RevokeBias done
Event: 3,054 loading class java/lang/StringIndexOutOfBoundsException
Event: 3,054 loading class java/lang/StringIndexOutOfBoundsException done


Dynamic libraries:
c0000000-c4300000 rw-p 00000000 00:00 0 
c4300000-eab00000 ---p 00000000 00:00 0 
eab00000-ec880000 rw-p 00000000 00:00 0 
ec880000-100000000 ---p 00000000 00:00 0 
800000000-800002000 rwxp 00001000 103:03 15335726                        /usr/lib/jvm/java-11-openjdk-amd64/lib/server/classes.jsa
800002000-8003b9000 rw-p 00003000 103:03 15335726                        /usr/lib/jvm/java-11-openjdk-amd64/lib/server/classes.jsa
8003b9000-800a96000 r--p 003ba000 103:03 15335726                        /usr/lib/jvm/java-11-openjdk-amd64/lib/server/classes.jsa
800a96000-800a97000 rw-p 00a97000 103:03 15335726                        /usr/lib/jvm/java-11-openjdk-amd64/lib/server/classes.jsa
800a97000-8010a5000 r--p 00a98000 103:03 15335726                        /usr/lib/jvm/java-11-openjdk-amd64/lib/server/classes.jsa
840000000-840500000 rw-p 00000000 00:00 0 
840500000-880000000 ---p 00000000 00:00 0 
562c6f94a000-562c6f94b000 r--p 00000000 103:03 15340688                  /usr/lib/jvm/java-11-openjdk-amd64/bin/java
562c6f94b000-562c6f94c000 r-xp 00001000 103:03 15340688                  /usr/lib/jvm/java-11-openjdk-amd64/bin/java
562c6f94c000-562c6f94d000 r--p 00002000 103:03 15340688                  /usr/lib/jvm/java-11-openjdk-amd64/bin/java
562c6f94d000-562c6f94e000 r--p 00002000 103:03 15340688                  /usr/lib/jvm/java-11-openjdk-amd64/bin/java
562c6f94e000-562c6f94f000 rw-p 00003000 103:03 15340688                  /usr/lib/jvm/java-11-openjdk-amd64/bin/java
562c6fbb6000-562c6fbd7000 rw-p 00000000 00:00 0                          [heap]
7f11fc000000-7f11fc021000 rw-p 00000000 00:00 0 
7f11fc021000-7f1200000000 ---p 00000000 00:00 0 
7f1200000000-7f1200021000 rw-p 00000000 00:00 0 
7f1200021000-7f1204000000 ---p 00000000 00:00 0 
7f1204000000-7f1204021000 rw-p 00000000 00:00 0 
7f1204021000-7f1208000000 ---p 00000000 00:00 0 
7f1208000000-7f1208021000 rw-p 00000000 00:00 0 
7f1208021000-7f120c000000 ---p 00000000 00:00 0 
7f120c000000-7f120c021000 rw-p 00000000 00:00 0 
7f120c021000-7f1210000000 ---p 00000000 00:00 0 
7f1210000000-7f1210021000 rw-p 00000000 00:00 0 
7f1210021000-7f1214000000 ---p 00000000 00:00 0 
7f1214000000-7f1214021000 rw-p 00000000 00:00 0 
7f1214021000-7f1218000000 ---p 00000000 00:00 0 
7f1218000000-7f1218021000 rw-p 00000000 00:00 0 
7f1218021000-7f121c000000 ---p 00000000 00:00 0 
7f121c000000-7f121c058000 rw-p 00000000 00:00 0 
7f121c058000-7f1220000000 ---p 00000000 00:00 0 
7f1220000000-7f1220021000 rw-p 00000000 00:00 0 
7f1220021000-7f1224000000 ---p 00000000 00:00 0 
7f1224000000-7f1224021000 rw-p 00000000 00:00 0 
7f1224021000-7f1228000000 ---p 00000000 00:00 0 
7f1228000000-7f1228021000 rw-p 00000000 00:00 0 
7f1228021000-7f122c000000 ---p 00000000 00:00 0 
7f122c000000-7f122c021000 rw-p 00000000 00:00 0 
7f122c021000-7f1230000000 ---p 00000000 00:00 0 
7f1233878000-7f123c000000 r--s 00000000 103:03 15346079                  /usr/lib/jvm/java-11-openjdk-amd64/lib/modules
7f123c000000-7f123c0c8000 rw-p 00000000 00:00 0 
7f123c0c8000-7f1240000000 ---p 00000000 00:00 0 
7f1240000000-7f1240021000 rw-p 00000000 00:00 0 
7f1240021000-7f1244000000 ---p 00000000 00:00 0 
7f1244000000-7f1244021000 rw-p 00000000 00:00 0 
7f1244021000-7f1248000000 ---p 00000000 00:00 0 
7f1248000000-7f12483fa000 rw-p 00000000 00:00 0 
7f12483fa000-7f124c000000 ---p 00000000 00:00 0 
7f124dca7000-7f124dfee000 rw-p 00000000 00:00 0 
7f124dfee000-7f124e0ae000 ---p 00000000 00:00 0 
7f124e0ae000-7f124e2ae000 rw-p 00000000 00:00 0 
7f124e2ae000-7f124e2b2000 ---p 00000000 00:00 0 
7f124e2b2000-7f124e3af000 rw-p 00000000 00:00 0 
7f124e3af000-7f124e3b3000 ---p 00000000 00:00 0 
7f124e3b3000-7f124e4b0000 rw-p 00000000 00:00 0 
7f124e4b0000-7f124e4b4000 ---p 00000000 00:00 0 
7f124e4b4000-7f124e5b1000 rw-p 00000000 00:00 0 
7f124e5b1000-7f124e5b5000 ---p 00000000 00:00 0 
7f124e5b5000-7f124e6b2000 rw-p 00000000 00:00 0 
7f124e6b2000-7f124e6b6000 ---p 00000000 00:00 0 
7f124e6b6000-7f124e7b3000 rw-p 00000000 00:00 0 
7f124e7b3000-7f124e7b7000 ---p 00000000 00:00 0 
7f124e7b7000-7f124e8b4000 rw-p 00000000 00:00 0 
7f124e8b4000-7f124e8b8000 ---p 00000000 00:00 0 
7f124e8b8000-7f124ebb5000 rw-p 00000000 00:00 0 
7f124ebb5000-7f124ebb9000 ---p 00000000 00:00 0 
7f124ebb9000-7f124ecb6000 rw-p 00000000 00:00 0 
7f124ecb6000-7f124ecba000 ---p 00000000 00:00 0 
7f124ecba000-7f124edb7000 rw-p 00000000 00:00 0 
7f124edb7000-7f124edbb000 ---p 00000000 00:00 0 
7f124edbb000-7f124eeb8000 rw-p 00000000 00:00 0 
7f124eeb8000-7f124eebc000 ---p 00000000 00:00 0 
7f124eebc000-7f124efb9000 rw-p 00000000 00:00 0 
7f124efb9000-7f124efbd000 ---p 00000000 00:00 0 
7f124efbd000-7f124f2ba000 rw-p 00000000 00:00 0 
7f124f2fd000-7f124f301000 ---p 00000000 00:00 0 
7f124f301000-7f124f5fe000 rw-p 00000000 00:00 0 
7f124f5fe000-7f124f602000 ---p 00000000 00:00 0 
7f124f602000-7f124f8ff000 rw-p 00000000 00:00 0 
7f124f8ff000-7f124faff000 rw-p 00000000 00:00 0 
7f124faff000-7f124fcff000 rw-p 00000000 00:00 0 
7f124fcff000-7f124fd03000 ---p 00000000 00:00 0 
7f124fd03000-7f1250000000 rw-p 00000000 00:00 0 
7f1250000000-7f1250021000 rw-p 00000000 00:00 0 
7f1250021000-7f1254000000 ---p 00000000 00:00 0 
7f1254000000-7f1254021000 rw-p 00000000 00:00 0 
7f1254021000-7f1258000000 ---p 00000000 00:00 0 
7f1258000000-7f1258021000 rw-p 00000000 00:00 0 
7f1258021000-7f125c000000 ---p 00000000 00:00 0 
7f125c000000-7f125c021000 rw-p 00000000 00:00 0 
7f125c021000-7f1260000000 ---p 00000000 00:00 0 
7f1260000000-7f1260021000 rw-p 00000000 00:00 0 
7f1260021000-7f1264000000 ---p 00000000 00:00 0 
7f1264000000-7f1264021000 rw-p 00000000 00:00 0 
7f1264021000-7f1268000000 ---p 00000000 00:00 0 
7f1268000000-7f12681c3000 rw-p 00000000 00:00 0 
7f12681c3000-7f126c000000 ---p 00000000 00:00 0 
7f126c000000-7f126c021000 rw-p 00000000 00:00 0 
7f126c021000-7f1270000000 ---p 00000000 00:00 0 
7f1270000000-7f1270021000 rw-p 00000000 00:00 0 
7f1270021000-7f1274000000 ---p 00000000 00:00 0 
7f1274000000-7f1274110000 rw-p 00000000 00:00 0 
7f1274110000-7f1278000000 ---p 00000000 00:00 0 
7f1278000000-7f1278021000 rw-p 00000000 00:00 0 
7f1278021000-7f127c000000 ---p 00000000 00:00 0 
7f127c000000-7f127c021000 rw-p 00000000 00:00 0 
7f127c021000-7f1280000000 ---p 00000000 00:00 0 
7f1280000000-7f1280021000 rw-p 00000000 00:00 0 
7f1280021000-7f1284000000 ---p 00000000 00:00 0 
7f1284000000-7f1284755000 rw-p 00000000 00:00 0 
7f1284755000-7f1288000000 ---p 00000000 00:00 0 
7f1288000000-7f1288021000 rw-p 00000000 00:00 0 
7f1288021000-7f128c000000 ---p 00000000 00:00 0 
7f128c000000-7f128c021000 rw-p 00000000 00:00 0 
7f128c021000-7f1290000000 ---p 00000000 00:00 0 
7f1290000000-7f1290021000 rw-p 00000000 00:00 0 
7f1290021000-7f1294000000 ---p 00000000 00:00 0 
7f1294000000-7f1294021000 rw-p 00000000 00:00 0 
7f1294021000-7f1298000000 ---p 00000000 00:00 0 
7f1298000000-7f1298021000 rw-p 00000000 00:00 0 
7f1298021000-7f129c000000 ---p 00000000 00:00 0 
7f129c000000-7f129d0ec000 rw-p 00000000 00:00 0 
7f129d0ec000-7f12a0000000 ---p 00000000 00:00 0 
7f12a0000000-7f12a0021000 rw-p 00000000 00:00 0 
7f12a0021000-7f12a4000000 ---p 00000000 00:00 0 
7f12a4000000-7f12a4f0a000 rw-p 00000000 00:00 0 
7f12a4f0a000-7f12a8000000 ---p 00000000 00:00 0 
7f12a8000000-7f12a8021000 rw-p 00000000 00:00 0 
7f12a8021000-7f12ac000000 ---p 00000000 00:00 0 
7f12ac000000-7f12ac021000 rw-p 00000000 00:00 0 
7f12ac021000-7f12b0000000 ---p 00000000 00:00 0 
7f12b0000000-7f12b0d97000 rw-p 00000000 00:00 0 
7f12b0d97000-7f12b4000000 ---p 00000000 00:00 0 
7f12b4000000-7f12b4f1b000 rw-p 00000000 00:00 0 
7f12b4f1b000-7f12b8000000 ---p 00000000 00:00 0 
7f12b8000000-7f12b8021000 rw-p 00000000 00:00 0 
7f12b8021000-7f12bc000000 ---p 00000000 00:00 0 
7f12bc000000-7f12bc021000 rw-p 00000000 00:00 0 
7f12bc021000-7f12c0000000 ---p 00000000 00:00 0 
7f12c0000000-7f12c0021000 rw-p 00000000 00:00 0 
7f12c0021000-7f12c4000000 ---p 00000000 00:00 0 
7f12c4000000-7f12c4021000 rw-p 00000000 00:00 0 
7f12c4021000-7f12c8000000 ---p 00000000 00:00 0 
7f12c8000000-7f12c8101000 rw-p 00000000 00:00 0 
7f12c8101000-7f12cc000000 ---p 00000000 00:00 0 
7f12cc0a5000-7f12cc0a9000 ---p 00000000 00:00 0 
7f12cc0a9000-7f12cc3a6000 rw-p 00000000 00:00 0 
7f12cc3a6000-7f12cc3aa000 ---p 00000000 00:00 0 
7f12cc3aa000-7f12cc4a7000 rw-p 00000000 00:00 0 
7f12cc4a7000-7f12cc4ab000 ---p 00000000 00:00 0 
7f12cc4ab000-7f12cc7a8000 rw-p 00000000 00:00 0 
7f12cc7a8000-7f12cc7a9000 ---p 00000000 00:00 0 
7f12cc7a9000-7f12cc8aa000 rw-p 00000000 00:00 0 
7f12cc8aa000-7f12cc8ab000 ---p 00000000 00:00 0 
7f12cc8ab000-7f12cc9ac000 rw-p 00000000 00:00 0 
7f12cc9ac000-7f12cc9ad000 ---p 00000000 00:00 0 
7f12cc9ad000-7f12ccaae000 rw-p 00000000 00:00 0 
7f12ccaae000-7f12ccaaf000 ---p 00000000 00:00 0 
7f12ccaaf000-7f12ccbb0000 rw-p 00000000 00:00 0 
7f12ccbb0000-7f12ccbb1000 ---p 00000000 00:00 0 
7f12ccbb1000-7f12cccb2000 rw-p 00000000 00:00 0 
7f12cccb2000-7f12cccb3000 ---p 00000000 00:00 0 
7f12cccb3000-7f12ccfb4000 rw-p 00000000 00:00 0 
7f12ccfb4000-7f12ccfb8000 ---p 00000000 00:00 0 
7f12ccfb8000-7f12cd0b5000 rw-p 00000000 00:00 0 
7f12cd0b5000-7f12cd0b9000 ---p 00000000 00:00 0 
7f12cd0b9000-7f12cd3b6000 rw-p 00000000 00:00 0 
7f12cd3b6000-7f12cd3ba000 ---p 00000000 00:00 0 
7f12cd3ba000-7f12cd6b7000 rw-p 00000000 00:00 0 
7f12cd6b7000-7f12cd6bb000 ---p 00000000 00:00 0 
7f12cd6bb000-7f12cd9b8000 rw-p 00000000 00:00 0 
7f12cd9b8000-7f12cd9bc000 ---p 00000000 00:00 0 
7f12cd9bc000-7f12cdab9000 rw-p 00000000 00:00 0 
7f12cdab9000-7f12cdac9000 r-xp 00000000 103:03 11277634                  /home/luciano/.config/Code/User/globalStorage/redhat.java/1.0.0/config_linux/org.eclipse.equinox.launcher/org.eclipse.equinox.launcher.gtk.linux.x86_64_1.2.400.v20210928-1041/eclipse_11600.so
7f12cdac9000-7f12cdcc8000 ---p 00010000 103:03 11277634                  /home/luciano/.config/Code/User/globalStorage/redhat.java/1.0.0/config_linux/org.eclipse.equinox.launcher/org.eclipse.equinox.launcher.gtk.linux.x86_64_1.2.400.v20210928-1041/eclipse_11600.so
7f12cdcc8000-7f12cdcc9000 r--p 0000f000 103:03 11277634                  /home/luciano/.config/Code/User/globalStorage/redhat.java/1.0.0/config_linux/org.eclipse.equinox.launcher/org.eclipse.equinox.launcher.gtk.linux.x86_64_1.2.400.v20210928-1041/eclipse_11600.so
7f12cdcc9000-7f12cdcca000 rw-p 00010000 103:03 11277634                  /home/luciano/.config/Code/User/globalStorage/redhat.java/1.0.0/config_linux/org.eclipse.equinox.launcher/org.eclipse.equinox.launcher.gtk.linux.x86_64_1.2.400.v20210928-1041/eclipse_11600.so
7f12cdcca000-7f12cdcce000 ---p 00000000 00:00 0 
7f12cdcce000-7f12cddcb000 rw-p 00000000 00:00 0 
7f12cddcb000-7f12cddcc000 ---p 00000000 00:00 0 
7f12cddcc000-7f12cdecd000 rw-p 00000000 00:00 0 
7f12cdecd000-7f12cdece000 ---p 00000000 00:00 0 
7f12cdece000-7f12cdfcf000 rw-p 00000000 00:00 0 
7f12cdfcf000-7f12cdfd0000 ---p 00000000 00:00 0 
7f12cdfd0000-7f12ce0d1000 rw-p 00000000 00:00 0 
7f12ce0d1000-7f12ce0d5000 ---p 00000000 00:00 0 
7f12ce0d5000-7f12ce1d2000 rw-p 00000000 00:00 0 
7f12ce1d2000-7f12ce1d6000 ---p 00000000 00:00 0 
7f12ce1d6000-7f12ce2d3000 rw-p 00000000 00:00 0 
7f12ce2d3000-7f12ce2d7000 ---p 00000000 00:00 0 
7f12ce2d7000-7f12ce3d4000 rw-p 00000000 00:00 0 
7f12ce3d4000-7f12ce3d8000 ---p 00000000 00:00 0 
7f12ce3d8000-7f12ce4d5000 rw-p 00000000 00:00 0 
7f12ce4d5000-7f12ce4d6000 ---p 00000000 00:00 0 
7f12ce4d6000-7f12ce5d7000 rw-p 00000000 00:00 0 
7f12ce5d7000-7f12ce5db000 ---p 00000000 00:00 0 
7f12ce5db000-7f12ce6d8000 rw-p 00000000 00:00 0 
7f12ce6d8000-7f12ce6dc000 ---p 00000000 00:00 0 
7f12ce6dc000-7f12ce7d9000 rw-p 00000000 00:00 0 
7f12ce7d9000-7f12ce7dd000 ---p 00000000 00:00 0 
7f12ce7dd000-7f12ce8da000 rw-p 00000000 00:00 0 
7f12ce8da000-7f12ce8de000 ---p 00000000 00:00 0 
7f12ce8de000-7f12ce9db000 rw-p 00000000 00:00 0 
7f12ce9db000-7f12ce9df000 ---p 00000000 00:00 0 
7f12ce9df000-7f12ceadc000 rw-p 00000000 00:00 0 
7f12ceadc000-7f12ceae0000 ---p 00000000 00:00 0 
7f12ceae0000-7f12cebdd000 rw-p 00000000 00:00 0 
7f12cebdd000-7f12cf3db000 r--p 00000000 103:03 15209766                  /usr/lib/locale/locale-archive
7f12cf3db000-7f12cf3df000 ---p 00000000 00:00 0 
7f12cf3df000-7f12cf4dc000 rw-p 00000000 00:00 0 
7f12cf4dc000-7f12cf4e0000 ---p 00000000 00:00 0 
7f12cf4e0000-7f12cf5dd000 rw-p 00000000 00:00 0 
7f12cf5dd000-7f12cf5de000 ---p 00000000 00:00 0 
7f12cf5de000-7f12d4000000 rw-p 00000000 00:00 0 
7f12d4000000-7f12d4021000 rw-p 00000000 00:00 0 
7f12d4021000-7f12d8000000 ---p 00000000 00:00 0 
7f12d803b000-7f12d803f000 ---p 00000000 00:00 0 
7f12d803f000-7f12d805d000 rw-p 00000000 00:00 0 
7f12d805d000-7f12d8081000 r--p 00000000 103:03 1446343                   /usr/share/locale-langpack/es/LC_MESSAGES/libc.mo
7f12d8081000-7f12d8089000 r--p 00000000 103:03 15346075                  /usr/lib/jvm/java-11-openjdk-amd64/lib/libsunec.so
7f12d8089000-7f12d80a2000 r-xp 00008000 103:03 15346075                  /usr/lib/jvm/java-11-openjdk-amd64/lib/libsunec.so
7f12d80a2000-7f12d80ac000 r--p 00021000 103:03 15346075                  /usr/lib/jvm/java-11-openjdk-amd64/lib/libsunec.so
7f12d80ac000-7f12d80ad000 ---p 0002b000 103:03 15346075                  /usr/lib/jvm/java-11-openjdk-amd64/lib/libsunec.so
7f12d80ad000-7f12d80b1000 r--p 0002b000 103:03 15346075                  /usr/lib/jvm/java-11-openjdk-amd64/lib/libsunec.so
7f12d80b1000-7f12d80b3000 rw-p 0002f000 103:03 15346075                  /usr/lib/jvm/java-11-openjdk-amd64/lib/libsunec.so
7f12d80b3000-7f12d8334000 rw-p 00000000 00:00 0 
7f12d8334000-7f12d8335000 ---p 00000000 00:00 0 
7f12d8335000-7f12d8458000 rw-p 00000000 00:00 0 
7f12d8458000-7f12d858c000 ---p 00000000 00:00 0 
7f12d858c000-7f12d85ae000 rw-p 00000000 00:00 0 
7f12d85ae000-7f12d86e1000 ---p 00000000 00:00 0 
7f12d86e1000-7f12d86f1000 rw-p 00000000 00:00 0 
7f12d86f1000-7f12d878c000 ---p 00000000 00:00 0 
7f12d878c000-7f12d8792000 rw-p 00000000 00:00 0 
7f12d8792000-7f12d8878000 ---p 00000000 00:00 0 
7f12d8878000-7f12d8ae8000 rwxp 00000000 00:00 0 
7f12d8ae8000-7f12d8e09000 ---p 00000000 00:00 0 
7f12d8e09000-7f12d9859000 rwxp 00000000 00:00 0 
7f12d9859000-7f12e0340000 ---p 00000000 00:00 0 
7f12e0340000-7f12e05b0000 rwxp 00000000 00:00 0 
7f12e05b0000-7f12e7878000 ---p 00000000 00:00 0 
7f12e7878000-7f12f0000000 r--s 00000000 103:03 15346079                  /usr/lib/jvm/java-11-openjdk-amd64/lib/modules
7f12f0000000-7f12f05ec000 rw-p 00000000 00:00 0 
7f12f05ec000-7f12f4000000 ---p 00000000 00:00 0 
7f12f4005000-7f12f4009000 r--p 00000000 103:03 15346069                  /usr/lib/jvm/java-11-openjdk-amd64/lib/libnet.so
7f12f4009000-7f12f4018000 r-xp 00004000 103:03 15346069                  /usr/lib/jvm/java-11-openjdk-amd64/lib/libnet.so
7f12f4018000-7f12f401c000 r--p 00013000 103:03 15346069                  /usr/lib/jvm/java-11-openjdk-amd64/lib/libnet.so
7f12f401c000-7f12f401d000 r--p 00016000 103:03 15346069                  /usr/lib/jvm/java-11-openjdk-amd64/lib/libnet.so
7f12f401d000-7f12f401e000 rw-p 00017000 103:03 15346069                  /usr/lib/jvm/java-11-openjdk-amd64/lib/libnet.so
7f12f401e000-7f12f4025000 r--p 00000000 103:03 15346070                  /usr/lib/jvm/java-11-openjdk-amd64/lib/libnio.so
7f12f4025000-7f12f402d000 r-xp 00007000 103:03 15346070                  /usr/lib/jvm/java-11-openjdk-amd64/lib/libnio.so
7f12f402d000-7f12f4030000 r--p 0000f000 103:03 15346070                  /usr/lib/jvm/java-11-openjdk-amd64/lib/libnio.so
7f12f4030000-7f12f4031000 r--p 00011000 103:03 15346070                  /usr/lib/jvm/java-11-openjdk-amd64/lib/libnio.so
7f12f4031000-7f12f4032000 rw-p 00012000 103:03 15346070                  /usr/lib/jvm/java-11-openjdk-amd64/lib/libnio.so
7f12f4032000-7f12f40b6000 rw-p 00000000 00:00 0 
7f12f40b6000-7f12f418c000 ---p 00000000 00:00 0 
7f12f418c000-7f12f4191000 rw-p 00000000 00:00 0 
7f12f4191000-7f12f4198000 ---p 00000000 00:00 0 
7f12f4198000-7f12f419b000 r--p 00000000 103:03 15211162                  /usr/lib/x86_64-linux-gnu/libnss_files-2.31.so
7f12f419b000-7f12f41a2000 r-xp 00003000 103:03 15211162                  /usr/lib/x86_64-linux-gnu/libnss_files-2.31.so
7f12f41a2000-7f12f41a4000 r--p 0000a000 103:03 15211162                  /usr/lib/x86_64-linux-gnu/libnss_files-2.31.so
7f12f41a4000-7f12f41a5000 r--p 0000b000 103:03 15211162                  /usr/lib/x86_64-linux-gnu/libnss_files-2.31.so
7f12f41a5000-7f12f41a6000 rw-p 0000c000 103:03 15211162                  /usr/lib/x86_64-linux-gnu/libnss_files-2.31.so
7f12f41a6000-7f12f41ac000 rw-p 00000000 00:00 0 
7f12f41ad000-7f12f41b4000 r--s 00000000 103:03 134660                    /usr/lib/x86_64-linux-gnu/gconv/gconv-modules.cache
7f12f41b4000-7f12f41b6000 r--p 00000000 103:03 15346078                  /usr/lib/jvm/java-11-openjdk-amd64/lib/libzip.so
7f12f41b6000-7f12f41ba000 r-xp 00002000 103:03 15346078                  /usr/lib/jvm/java-11-openjdk-amd64/lib/libzip.so
7f12f41ba000-7f12f41bc000 r--p 00006000 103:03 15346078                  /usr/lib/jvm/java-11-openjdk-amd64/lib/libzip.so
7f12f41bc000-7f12f41bd000 r--p 00007000 103:03 15346078                  /usr/lib/jvm/java-11-openjdk-amd64/lib/libzip.so
7f12f41bd000-7f12f41be000 rw-p 00008000 103:03 15346078                  /usr/lib/jvm/java-11-openjdk-amd64/lib/libzip.so
7f12f41be000-7f12f41c6000 rw-s 00000000 103:03 2886390                   /tmp/hsperfdata_luciano/20682
7f12f41c6000-7f12f41c8000 r--p 00000000 103:03 15346061                  /usr/lib/jvm/java-11-openjdk-amd64/lib/libjimage.so
7f12f41c8000-7f12f41cb000 r-xp 00002000 103:03 15346061                  /usr/lib/jvm/java-11-openjdk-amd64/lib/libjimage.so
7f12f41cb000-7f12f41cc000 r--p 00005000 103:03 15346061                  /usr/lib/jvm/java-11-openjdk-amd64/lib/libjimage.so
7f12f41cc000-7f12f41cd000 ---p 00006000 103:03 15346061                  /usr/lib/jvm/java-11-openjdk-amd64/lib/libjimage.so
7f12f41cd000-7f12f41ce000 r--p 00006000 103:03 15346061                  /usr/lib/jvm/java-11-openjdk-amd64/lib/libjimage.so
7f12f41ce000-7f12f41cf000 rw-p 00007000 103:03 15346061                  /usr/lib/jvm/java-11-openjdk-amd64/lib/libjimage.so
7f12f41cf000-7f12f41dd000 r--p 00000000 103:03 15346058                  /usr/lib/jvm/java-11-openjdk-amd64/lib/libjava.so
7f12f41dd000-7f12f41f3000 r-xp 0000e000 103:03 15346058                  /usr/lib/jvm/java-11-openjdk-amd64/lib/libjava.so
7f12f41f3000-7f12f41fa000 r--p 00024000 103:03 15346058                  /usr/lib/jvm/java-11-openjdk-amd64/lib/libjava.so
7f12f41fa000-7f12f41fb000 r--p 0002a000 103:03 15346058                  /usr/lib/jvm/java-11-openjdk-amd64/lib/libjava.so
7f12f41fb000-7f12f41fc000 rw-p 0002b000 103:03 15346058                  /usr/lib/jvm/java-11-openjdk-amd64/lib/libjava.so
7f12f41fc000-7f12f41fd000 rw-p 00000000 00:00 0 
7f12f41fd000-7f12f4200000 r--p 00000000 103:03 15211325                  /usr/lib/x86_64-linux-gnu/librt-2.31.so
7f12f4200000-7f12f4204000 r-xp 00003000 103:03 15211325                  /usr/lib/x86_64-linux-gnu/librt-2.31.so
7f12f4204000-7f12f4205000 r--p 00007000 103:03 15211325                  /usr/lib/x86_64-linux-gnu/librt-2.31.so
7f12f4205000-7f12f4206000 ---p 00008000 103:03 15211325                  /usr/lib/x86_64-linux-gnu/librt-2.31.so
7f12f4206000-7f12f4207000 r--p 00008000 103:03 15211325                  /usr/lib/x86_64-linux-gnu/librt-2.31.so
7f12f4207000-7f12f4208000 rw-p 00009000 103:03 15211325                  /usr/lib/x86_64-linux-gnu/librt-2.31.so
7f12f4208000-7f12f420c000 ---p 00000000 00:00 0 
7f12f420c000-7f12f4309000 rw-p 00000000 00:00 0 
7f12f4309000-7f12f430c000 r--p 00000000 103:03 15205944                  /usr/lib/x86_64-linux-gnu/libgcc_s.so.1
7f12f430c000-7f12f431e000 r-xp 00003000 103:03 15205944                  /usr/lib/x86_64-linux-gnu/libgcc_s.so.1
7f12f431e000-7f12f4322000 r--p 00015000 103:03 15205944                  /usr/lib/x86_64-linux-gnu/libgcc_s.so.1
7f12f4322000-7f12f4323000 r--p 00018000 103:03 15205944                  /usr/lib/x86_64-linux-gnu/libgcc_s.so.1
7f12f4323000-7f12f4324000 rw-p 00019000 103:03 15205944                  /usr/lib/x86_64-linux-gnu/libgcc_s.so.1
7f12f4324000-7f12f4333000 r--p 00000000 103:03 15210400                  /usr/lib/x86_64-linux-gnu/libm-2.31.so
7f12f4333000-7f12f43da000 r-xp 0000f000 103:03 15210400                  /usr/lib/x86_64-linux-gnu/libm-2.31.so
7f12f43da000-7f12f4471000 r--p 000b6000 103:03 15210400                  /usr/lib/x86_64-linux-gnu/libm-2.31.so
7f12f4471000-7f12f4472000 r--p 0014c000 103:03 15210400                  /usr/lib/x86_64-linux-gnu/libm-2.31.so
7f12f4472000-7f12f4473000 rw-p 0014d000 103:03 15210400                  /usr/lib/x86_64-linux-gnu/libm-2.31.so
7f12f4473000-7f12f4509000 r--p 00000000 103:03 15208610                  /usr/lib/x86_64-linux-gnu/libstdc++.so.6.0.28
7f12f4509000-7f12f45fa000 r-xp 00096000 103:03 15208610                  /usr/lib/x86_64-linux-gnu/libstdc++.so.6.0.28
7f12f45fa000-7f12f4643000 r--p 00187000 103:03 15208610                  /usr/lib/x86_64-linux-gnu/libstdc++.so.6.0.28
7f12f4643000-7f12f4644000 ---p 001d0000 103:03 15208610                  /usr/lib/x86_64-linux-gnu/libstdc++.so.6.0.28
7f12f4644000-7f12f464f000 r--p 001d0000 103:03 15208610                  /usr/lib/x86_64-linux-gnu/libstdc++.so.6.0.28
7f12f464f000-7f12f4652000 rw-p 001db000 103:03 15208610                  /usr/lib/x86_64-linux-gnu/libstdc++.so.6.0.28
7f12f4652000-7f12f4655000 rw-p 00000000 00:00 0 
7f12f4655000-7f12f48cf000 r--p 00000000 103:03 15346082                  /usr/lib/jvm/java-11-openjdk-amd64/lib/server/libjvm.so
7f12f48cf000-7f12f5554000 r-xp 0027a000 103:03 15346082                  /usr/lib/jvm/java-11-openjdk-amd64/lib/server/libjvm.so
7f12f5554000-7f12f57ab000 r--p 00eff000 103:03 15346082                  /usr/lib/jvm/java-11-openjdk-amd64/lib/server/libjvm.so
7f12f57ab000-7f12f586c000 r--p 01155000 103:03 15346082                  /usr/lib/jvm/java-11-openjdk-amd64/lib/server/libjvm.so
7f12f586c000-7f12f58a7000 rw-p 01216000 103:03 15346082                  /usr/lib/jvm/java-11-openjdk-amd64/lib/server/libjvm.so
7f12f58a7000-7f12f5900000 rw-p 00000000 00:00 0 
7f12f5900000-7f12f5907000 r--p 00000000 103:03 15211313                  /usr/lib/x86_64-linux-gnu/libpthread-2.31.so
7f12f5907000-7f12f5918000 r-xp 00007000 103:03 15211313                  /usr/lib/x86_64-linux-gnu/libpthread-2.31.so
7f12f5918000-7f12f591d000 r--p 00018000 103:03 15211313                  /usr/lib/x86_64-linux-gnu/libpthread-2.31.so
7f12f591d000-7f12f591e000 r--p 0001c000 103:03 15211313                  /usr/lib/x86_64-linux-gnu/libpthread-2.31.so
7f12f591e000-7f12f591f000 rw-p 0001d000 103:03 15211313                  /usr/lib/x86_64-linux-gnu/libpthread-2.31.so
7f12f591f000-7f12f5923000 rw-p 00000000 00:00 0 
7f12f5923000-7f12f5924000 r--p 00000000 103:03 15210399                  /usr/lib/x86_64-linux-gnu/libdl-2.31.so
7f12f5924000-7f12f5926000 r-xp 00001000 103:03 15210399                  /usr/lib/x86_64-linux-gnu/libdl-2.31.so
7f12f5926000-7f12f5927000 r--p 00003000 103:03 15210399                  /usr/lib/x86_64-linux-gnu/libdl-2.31.so
7f12f5927000-7f12f5928000 r--p 00003000 103:03 15210399                  /usr/lib/x86_64-linux-gnu/libdl-2.31.so
7f12f5928000-7f12f5929000 rw-p 00004000 103:03 15210399                  /usr/lib/x86_64-linux-gnu/libdl-2.31.so
7f12f5929000-7f12f592b000 r--p 00000000 103:03 15210681                  /usr/lib/x86_64-linux-gnu/libz.so.1.2.11
7f12f592b000-7f12f593c000 r-xp 00002000 103:03 15210681                  /usr/lib/x86_64-linux-gnu/libz.so.1.2.11
7f12f593c000-7f12f5942000 r--p 00013000 103:03 15210681                  /usr/lib/x86_64-linux-gnu/libz.so.1.2.11
7f12f5942000-7f12f5943000 ---p 00019000 103:03 15210681                  /usr/lib/x86_64-linux-gnu/libz.so.1.2.11
7f12f5943000-7f12f5944000 r--p 00019000 103:03 15210681                  /usr/lib/x86_64-linux-gnu/libz.so.1.2.11
7f12f5944000-7f12f5945000 rw-p 0001a000 103:03 15210681                  /usr/lib/x86_64-linux-gnu/libz.so.1.2.11
7f12f5945000-7f12f596a000 r--p 00000000 103:03 15210398                  /usr/lib/x86_64-linux-gnu/libc-2.31.so
7f12f596a000-7f12f5ae2000 r-xp 00025000 103:03 15210398                  /usr/lib/x86_64-linux-gnu/libc-2.31.so
7f12f5ae2000-7f12f5b2c000 r--p 0019d000 103:03 15210398                  /usr/lib/x86_64-linux-gnu/libc-2.31.so
7f12f5b2c000-7f12f5b2d000 ---p 001e7000 103:03 15210398                  /usr/lib/x86_64-linux-gnu/libc-2.31.so
7f12f5b2d000-7f12f5b30000 r--p 001e7000 103:03 15210398                  /usr/lib/x86_64-linux-gnu/libc-2.31.so
7f12f5b30000-7f12f5b33000 rw-p 001ea000 103:03 15210398                  /usr/lib/x86_64-linux-gnu/libc-2.31.so
7f12f5b33000-7f12f5b37000 rw-p 00000000 00:00 0 
7f12f5b3b000-7f12f5b3d000 r--s 0000c000 103:03 265066                    /usr/share/java/java-atk-wrapper.jar
7f12f5b3d000-7f12f5b3e000 ---p 00000000 00:00 0 
7f12f5b3e000-7f12f5b3f000 r--p 00000000 00:00 0 
7f12f5b3f000-7f12f5b44000 r--p 00000000 103:03 15346077                  /usr/lib/jvm/java-11-openjdk-amd64/lib/libverify.so
7f12f5b44000-7f12f5b4b000 r-xp 00005000 103:03 15346077                  /usr/lib/jvm/java-11-openjdk-amd64/lib/libverify.so
7f12f5b4b000-7f12f5b4d000 r--p 0000c000 103:03 15346077                  /usr/lib/jvm/java-11-openjdk-amd64/lib/libverify.so
7f12f5b4d000-7f12f5b4e000 ---p 0000e000 103:03 15346077                  /usr/lib/jvm/java-11-openjdk-amd64/lib/libverify.so
7f12f5b4e000-7f12f5b50000 r--p 0000e000 103:03 15346077                  /usr/lib/jvm/java-11-openjdk-amd64/lib/libverify.so
7f12f5b50000-7f12f5b51000 rw-p 00010000 103:03 15346077                  /usr/lib/jvm/java-11-openjdk-amd64/lib/libverify.so
7f12f5b51000-7f12f5b54000 r--p 00000000 103:03 15346043                  /usr/lib/jvm/java-11-openjdk-amd64/lib/jli/libjli.so
7f12f5b54000-7f12f5b5e000 r-xp 00003000 103:03 15346043                  /usr/lib/jvm/java-11-openjdk-amd64/lib/jli/libjli.so
7f12f5b5e000-7f12f5b61000 r--p 0000d000 103:03 15346043                  /usr/lib/jvm/java-11-openjdk-amd64/lib/jli/libjli.so
7f12f5b61000-7f12f5b62000 ---p 00010000 103:03 15346043                  /usr/lib/jvm/java-11-openjdk-amd64/lib/jli/libjli.so
7f12f5b62000-7f12f5b63000 r--p 00010000 103:03 15346043                  /usr/lib/jvm/java-11-openjdk-amd64/lib/jli/libjli.so
7f12f5b63000-7f12f5b64000 rw-p 00011000 103:03 15346043                  /usr/lib/jvm/java-11-openjdk-amd64/lib/jli/libjli.so
7f12f5b64000-7f12f5b66000 rw-p 00000000 00:00 0 
7f12f5b66000-7f12f5b67000 r--p 00000000 103:03 15204852                  /usr/lib/x86_64-linux-gnu/ld-2.31.so
7f12f5b67000-7f12f5b8a000 r-xp 00001000 103:03 15204852                  /usr/lib/x86_64-linux-gnu/ld-2.31.so
7f12f5b8a000-7f12f5b92000 r--p 00024000 103:03 15204852                  /usr/lib/x86_64-linux-gnu/ld-2.31.so
7f12f5b93000-7f12f5b94000 r--p 0002c000 103:03 15204852                  /usr/lib/x86_64-linux-gnu/ld-2.31.so
7f12f5b94000-7f12f5b95000 rw-p 0002d000 103:03 15204852                  /usr/lib/x86_64-linux-gnu/ld-2.31.so
7f12f5b95000-7f12f5b96000 rw-p 00000000 00:00 0 
7fff63d8e000-7fff63db0000 rw-p 00000000 00:00 0                          [stack]
7fff63db3000-7fff63db6000 r--p 00000000 00:00 0                          [vvar]
7fff63db6000-7fff63db7000 r-xp 00000000 00:00 0                          [vdso]
ffffffffff600000-ffffffffff601000 --xp 00000000 00:00 0                  [vsyscall]


VM Arguments:
jvm_args: --add-modules=ALL-SYSTEM --add-opens=java.base/java.util=ALL-UNNAMED --add-opens=java.base/java.lang=ALL-UNNAMED -Declipse.application=org.eclipse.jdt.ls.core.id1 -Dosgi.bundles.defaultStartLevel=4 -Declipse.product=org.eclipse.jdt.ls.core.product -Dfile.encoding=utf8 -XX:+UseParallelGC -XX:GCTimeRatio=4 -XX:AdaptiveSizePolicyWeight=90 -Dsun.zip.disableMemoryMapping=true -Xmx1G -Xms100m -Xverify:none 
java_command: /home/luciano/.vscode/extensions/redhat.java-1.0.0/server/plugins/org.eclipse.equinox.launcher_1.6.400.v20210924-0641.jar -configuration /home/luciano/.config/Code/User/globalStorage/redhat.java/1.0.0/config_linux -data /home/luciano/.config/Code/User/workspaceStorage/0e4c054c09ae2116ef8cd654f49414de/redhat.java/jdt_ws
java_class_path (initial): /home/luciano/.vscode/extensions/redhat.java-1.0.0/server/plugins/org.eclipse.equinox.launcher_1.6.400.v20210924-0641.jar
Launcher Type: SUN_STANDARD

[Global flags]
    uintx AdaptiveSizePolicyWeight                 = 90                                        {product} {command line}
     bool BytecodeVerificationLocal                = false                                     {product} {command line}
     bool BytecodeVerificationRemote               = false                                     {product} {command line}
     intx CICompilerCount                          = 4                                         {product} {ergonomic}
    uintx GCTimeRatio                              = 4                                         {product} {command line}
   size_t InitialHeapSize                          = 104857600                                 {product} {command line}
   size_t MaxHeapSize                              = 1073741824                                {product} {command line}
   size_t MaxNewSize                               = 357564416                                 {product} {ergonomic}
   size_t MinHeapDeltaBytes                        = 524288                                    {product} {ergonomic}
   size_t NewSize                                  = 34603008                                  {product} {ergonomic}
    uintx NonNMethodCodeHeapSize                   = 5836300                                {pd product} {ergonomic}
    uintx NonProfiledCodeHeapSize                  = 122910970                              {pd product} {ergonomic}
   size_t OldSize                                  = 70254592                                  {product} {ergonomic}
    uintx ProfiledCodeHeapSize                     = 122910970                              {pd product} {ergonomic}
    uintx ReservedCodeCacheSize                    = 251658240                              {pd product} {ergonomic}
     bool SegmentedCodeCache                       = true                                      {product} {ergonomic}
     bool UseCompressedClassPointers               = true                                 {lp64_product} {ergonomic}
     bool UseCompressedOops                        = true                                 {lp64_product} {ergonomic}
     bool UseParallelGC                            = true                                      {product} {command line}

Logging:
Log output configuration:
 #0: stdout all=warning uptime,level,tags
 #1: stderr all=off uptime,level,tags

Environment Variables:
PATH=/home/luciano/.sdkman/candidates/gradle/current/bin:/home/luciano/.config/nvm/versions/node/v14.15.4/bin:/usr/local/sbin:/usr/local/bin:/usr/sbin:/usr/bin:/sbin:/bin:/usr/games:/usr/local/games:/snap/bin
SHELL=/bin/bash
DISPLAY=:0
LANG=es_UY.UTF-8

Signal Handlers:
SIGSEGV: [libjvm.so+0xe8ba00], sa_mask[0]=11111111011111111101111111111110, sa_flags=SA_RESTART|SA_SIGINFO
SIGBUS: [libjvm.so+0xe8ba00], sa_mask[0]=11111111011111111101111111111110, sa_flags=SA_RESTART|SA_SIGINFO
SIGFPE: [libjvm.so+0xe8ba00], sa_mask[0]=11111111011111111101111111111110, sa_flags=SA_RESTART|SA_SIGINFO
SIGPIPE: [libjvm.so+0xbd10f0], sa_mask[0]=11111111011111111101111111111110, sa_flags=SA_RESTART|SA_SIGINFO
SIGXFSZ: [libjvm.so+0xbd10f0], sa_mask[0]=11111111011111111101111111111110, sa_flags=SA_RESTART|SA_SIGINFO
SIGILL: [libjvm.so+0xe8ba00], sa_mask[0]=11111111011111111101111111111110, sa_flags=SA_RESTART|SA_SIGINFO
SIGUSR2: [libjvm.so+0xbd0f90], sa_mask[0]=00000000000000000000000000000000, sa_flags=SA_RESTART|SA_SIGINFO
SIGHUP: [libjvm.so+0xbd1430], sa_mask[0]=11111111011111111101111111111110, sa_flags=SA_RESTART|SA_SIGINFO
SIGINT: [libjvm.so+0xbd1430], sa_mask[0]=11111111011111111101111111111110, sa_flags=SA_RESTART|SA_SIGINFO
SIGTERM: [libjvm.so+0xbd1430], sa_mask[0]=11111111011111111101111111111110, sa_flags=SA_RESTART|SA_SIGINFO
SIGQUIT: [libjvm.so+0xbd1430], sa_mask[0]=11111111011111111101111111111110, sa_flags=SA_RESTART|SA_SIGINFO


---------------  S Y S T E M  ---------------

OS:DISTRIB_ID=Ubuntu
DISTRIB_RELEASE=20.04
DISTRIB_CODENAME=focal
DISTRIB_DESCRIPTION="Ubuntu 20.04.3 LTS"
uname:Linux 5.4.0-86-generic #97-Ubuntu SMP Fri Sep 17 19:19:40 UTC 2021 x86_64
OS uptime: 0 days 1:44 hours
libc:glibc 2.31 NPTL 2.31 
rlimit (soft/hard): STACK 8192k/infinity , CORE 0k/infinity , NPROC 63433/63433 , NOFILE 1048576/1048576 , AS infinity/infinity , CPU infinity/infinity , DATA infinity/infinity , FSIZE infinity/infinity , MEMLOCK 65536k/65536k
load average:0,99 1,25 1,08

/proc/meminfo:
MemTotal:       16399988 kB
MemFree:         6423044 kB
MemAvailable:   10949012 kB
Buffers:          583872 kB
Cached:          4137892 kB
SwapCached:            0 kB
Active:          3922716 kB
Inactive:        2653376 kB
Active(anon):    1862012 kB
Inactive(anon):   111636 kB
Active(file):    2060704 kB
Inactive(file):  2541740 kB
Unevictable:          16 kB
Mlocked:              16 kB
SwapTotal:             0 kB
SwapFree:              0 kB
Dirty:             30228 kB
Writeback:             0 kB
AnonPages:       1854228 kB
Mapped:           825468 kB
Shmem:            121588 kB
KReclaimable:     259460 kB
Slab:             488608 kB
SReclaimable:     259460 kB
SUnreclaim:       229148 kB
KernelStack:       19488 kB
PageTables:        26652 kB
NFS_Unstable:          0 kB
Bounce:                0 kB
WritebackTmp:          0 kB
CommitLimit:     6889272 kB
Committed_AS:    8432780 kB
VmallocTotal:   34359738367 kB
VmallocUsed:       38340 kB
VmallocChunk:          0 kB
Percpu:            33152 kB
HardwareCorrupted:     0 kB
AnonHugePages:         0 kB
ShmemHugePages:        0 kB
ShmemPmdMapped:        0 kB
FileHugePages:         0 kB
FilePmdMapped:         0 kB
CmaTotal:              0 kB
CmaFree:               0 kB
HugePages_Total:    1280
HugePages_Free:     1280
HugePages_Rsvd:        0
HugePages_Surp:        0
Hugepagesize:       2048 kB
Hugetlb:         2621440 kB
DirectMap4k:      583652 kB
DirectMap2M:    10895360 kB
DirectMap1G:     6291456 kB

/sys/kernel/mm/transparent_hugepage/enabled:
always [madvise] never
/sys/kernel/mm/transparent_hugepage/defrag (defrag/compaction efforts parameter):
always defer defer+madvise [madvise] never

Process Memory:
Virtual Size: 6117608K (peak: 12135140K)
Resident Set Size: 239940K (peak: 240424K) (anon: 207152K, file: 32788K, shmem: 0K)
Swapped out: 0K
C-Heap outstanding allocations: 79806K

/proc/sys/kernel/threads-max (system-wide limit on the number of threads):
126866
/proc/sys/vm/max_map_count (maximum number of memory map areas a process may have):
65530
/proc/sys/kernel/pid_max (system-wide limit on number of process identifiers):
4194304

container (cgroup) information:
container_type: cgroupv1
cpu_cpuset_cpus: 0-11
cpu_memory_nodes: 0
active_processor_count: 12
cpu_quota: -1
cpu_period: 100000
cpu_shares: -1
memory_limit_in_bytes: -1
memory_and_swap_limit_in_bytes: -2
memory_soft_limit_in_bytes: -1
memory_usage_in_bytes: 3847651328
memory_max_usage_in_bytes: 5661253632

Steal ticks since vm start: 0
Steal ticks percentage since vm start:  0,000

CPU:total 12 (initial active 12) (12 cores per cpu, 2 threads per core) family 23 model 1 stepping 1 microcode 0x8001138, cmov, cx8, fxsr, mmx, sse, sse2, sse3, ssse3, sse4.1, sse4.2, popcnt, avx, avx2, aes, clmul, mmxext, 3dnowpref, lzcnt, sse4a, ht, tsc, tscinvbit, tscinv, bmi1, bmi2, 
CPU Model and flags from /proc/cpuinfo:
model name	: AMD Ryzen 5 1600 Six-Core Processor
flags		: fpu vme de pse tsc msr pae mce cx8 apic sep mtrr pge mca cmov pat pse36 clflush mmx fxsr sse sse2 ht syscall nx mmxext fxsr_opt pdpe1gb rdtscp lm constant_tsc rep_good nopl nonstop_tsc cpuid extd_apicid aperfmperf pni pclmulqdq monitor ssse3 fma cx16 sse4_1 sse4_2 movbe popcnt aes xsave avx f16c rdrand lahf_lm cmp_legacy svm extapic cr8_legacy abm sse4a misalignsse 3dnowprefetch osvw skinit wdt tce topoext perfctr_core perfctr_nb bpext perfctr_llc mwaitx cpb hw_pstate sme ssbd sev ibpb vmmcall fsgsbase bmi1 avx2 smep bmi2 rdseed adx smap clflushopt sha_ni xsaveopt xsavec xgetbv1 xsaves clzero irperf xsaveerptr arat npt lbrv svm_lock nrip_save tsc_scale vmcb_clean flushbyasid decodeassists pausefilter pfthreshold avic v_vmsave_vmload vgif overflow_recov succor smca
Online cpus:
0-11
Offline cpus:
12-31
BIOS frequency limitation:
<Not Available>
Frequency switch latency (ns):
<Not Available>
Available cpu frequencies:
<Not Available>
Current governor:
<Not Available>
Core performance/turbo boost:
<Not Available>

Memory: 4k page, physical 16399988k(6422704k free), swap 0k(0k free)

vm_info: OpenJDK 64-Bit Server VM (11.0.11+9-Ubuntu-0ubuntu2.20.04) for linux-amd64 JRE (11.0.11+9-Ubuntu-0ubuntu2.20.04), built on Apr 21 2021 09:15:32 by "unknown" with gcc 9.3.0

END.
