#
# A fatal error has been detected by the Java Runtime Environment:
#
#  SIGSEGV (0xb) at pc=0x00007f78ed867c0f, pid=11025, tid=11089
#
# JRE version: OpenJDK Runtime Environment (11.0.11+9) (build 11.0.11+9-Ubuntu-0ubuntu2.20.04)
# Java VM: OpenJDK 64-Bit Server VM (11.0.11+9-Ubuntu-0ubuntu2.20.04, mixed mode, sharing, tiered, compressed oops, parallel gc, linux-amd64)
# Problematic frame:
# V  [libjvm.so+0xb28c0f]
#
# Core dump will be written. Default location: Core dumps may be processed with "/usr/share/apport/apport %p %s %c %d %P %E" (or dumping to /home/luciano/Desktop/fing/tprog/tpgr19/core.11025)
#
# If you would like to submit a bug report, please visit:
#   https://bugs.launchpad.net/ubuntu/+source/openjdk-lts
#

---------------  S U M M A R Y ------------

Command Line: --add-modules=ALL-SYSTEM --add-opens=java.base/java.util=ALL-UNNAMED --add-opens=java.base/java.lang=ALL-UNNAMED -Declipse.application=org.eclipse.jdt.ls.core.id1 -Dosgi.bundles.defaultStartLevel=4 -Declipse.product=org.eclipse.jdt.ls.core.product -Dfile.encoding=utf8 -XX:+UseParallelGC -XX:GCTimeRatio=4 -XX:AdaptiveSizePolicyWeight=90 -Dsun.zip.disableMemoryMapping=true -Xmx1G -Xms100m -Xverify:none /home/luciano/.vscode/extensions/redhat.java-1.0.0/server/plugins/org.eclipse.equinox.launcher_1.6.400.v20210924-0641.jar -configuration /home/luciano/.config/Code/User/globalStorage/redhat.java/1.0.0/config_linux -data /home/luciano/.config/Code/User/workspaceStorage/0e4c054c09ae2116ef8cd654f49414de/redhat.java/jdt_ws

Host: AMD Ryzen 5 1600 Six-Core Processor, 12 cores, 15G, Ubuntu 20.04.3 LTS
Time: Tue Oct 19 16:12:01 2021 -03 elapsed time: 3.362186 seconds (0d 0h 0m 3s)

---------------  T H R E A D  ---------------

Current thread (0x00007f78ac23a800):  JavaThread "C2 CompilerThread2" daemon [_thread_in_native, id=11089, stack(0x00007f78c69da000,0x00007f78c6adb000)]


Current CompileTask:
C2:   3362 4039   !   4       org.eclipse.osgi.internal.loader.classpath.ClasspathManager::findLocalClass (210 bytes)

Stack: [0x00007f78c69da000,0x00007f78c6adb000],  sp=0x00007f78c6ad67a0,  free space=1009k
Native frames: (J=compiled Java code, A=aot compiled Java code, j=interpreted, Vv=VM code, C=native code)
V  [libjvm.so+0xb28c0f]
V  [libjvm.so+0xb2af82]
V  [libjvm.so+0x60c52f]
V  [libjvm.so+0x610770]
V  [libjvm.so+0x53793f]
V  [libjvm.so+0x6190e1]
V  [libjvm.so+0x61a2b8]
V  [libjvm.so+0xe2105f]
V  [libjvm.so+0xe1d690]
V  [libjvm.so+0xbdac76]


siginfo: si_signo: 11 (SIGSEGV), si_code: 1 (SEGV_MAPERR), si_addr: 0x0000000000000000

Register to memory mapping:

RAX=0x0 is NULL
RBX=0x00007f78c6ad7530 is pointing into the stack for thread: 0x00007f78ac23a800
RCX=0x00007f7894862bb0 points into unknown readable memory: 0x00007f78a8175270 | 70 52 17 a8 78 7f 00 00
RDX=0x00007f78a8174d60 points into unknown readable memory: 0x00007f78401fcd60 | 60 cd 1f 40 78 7f 00 00
RSP=0x00007f78c6ad67a0 is pointing into the stack for thread: 0x00007f78ac23a800
RBP=0x00007f78c6ad6820 is pointing into the stack for thread: 0x00007f78ac23a800
RSI=0x00007f7894190970 points into unknown readable memory: 0x00007f78edf402d8 | d8 02 f4 ed 78 7f 00 00
RDI=0x00007f789408c198 points into unknown readable memory: 0x0000000000000000 | 00 00 00 00 00 00 00 00
R8 =0x00007f78a8174c90 points into unknown readable memory: 0x00007f78edeee1b0 | b0 e1 ee ed 78 7f 00 00
R9 =0x00007f789408c198 points into unknown readable memory: 0x0000000000000000 | 00 00 00 00 00 00 00 00
R10=0x000000000000024c is an unknown value
R11=0x00007f789849a9e0 points into unknown readable memory: 0x696c63652e67726f | 6f 72 67 2e 65 63 6c 69
R12=0x00007f78c6ad67d0 is pointing into the stack for thread: 0x00007f78ac23a800
R13=0x0000000000000024 is an unknown value
R14=0x0000000000000061 is an unknown value
R15=0x00007f78a8174c90 points into unknown readable memory: 0x00007f78edeee1b0 | b0 e1 ee ed 78 7f 00 00


Registers:
RAX=0x0000000000000000, RBX=0x00007f78c6ad7530, RCX=0x00007f7894862bb0, RDX=0x00007f78a8174d60
RSP=0x00007f78c6ad67a0, RBP=0x00007f78c6ad6820, RSI=0x00007f7894190970, RDI=0x00007f789408c198
R8 =0x00007f78a8174c90, R9 =0x00007f789408c198, R10=0x000000000000024c, R11=0x00007f789849a9e0
R12=0x00007f78c6ad67d0, R13=0x0000000000000024, R14=0x0000000000000061, R15=0x00007f78a8174c90
RIP=0x00007f78ed867c0f, EFLAGS=0x0000000000010212, CSGSFS=0x002b000000000033, ERR=0x0000000000000004
  TRAPNO=0x000000000000000e

Top of Stack: (sp=0x00007f78c6ad67a0)
0x00007f78c6ad67a0:   00007f78c6ad67c0 000000066c17bff0
0x00007f78c6ad67b0:   00007f78c6ad9158 0000000000000005
0x00007f78c6ad67c0:   00007f789408c198 0000000000000062
0x00007f78c6ad67d0:   00007f7894863320 00007f78948cd190 

Instructions: (pc=0x00007f78ed867c0f)
0x00007f78ed867b0f:   f0 48 8b 55 b0 e9 6e fd ff ff 89 f1 ba 01 00 00
0x00007f78ed867b1f:   00 83 e1 1f 48 d3 e2 48 8b 8b d0 09 00 00 48 8d
0x00007f78ed867b2f:   0c 81 8b 01 89 c6 09 d6 89 31 85 d0 0f 84 09 fe
0x00007f78ed867b3f:   ff ff 48 8b 55 b0 4d 89 fd e9 42 fd ff ff 49 8b
0x00007f78ed867b4f:   07 4c 89 ff ff 90 88 00 00 00 48 89 c7 8b 45 a8
0x00007f78ed867b5f:   89 45 8c 48 85 ff 74 08 e8 c4 6c a1 ff 89 45 8c
0x00007f78ed867b6f:   8b 45 a8 44 8d 70 ff 8b 45 8c 45 89 f5 8d 48 ff
0x00007f78ed867b7f:   89 4d 98 44 39 f0 7e 73 e9 df 03 00 00 0f 1f 40
0x00007f78ed867b8f:   00 4c 89 39 48 8b 55 b0 48 8d 4a 10 44 89 6a 08
0x00007f78ed867b9f:   48 89 4d b0 48 89 42 10 c7 42 18 02 00 00 00 48
0x00007f78ed867baf:   8b 48 08 48 8b 31 48 8d 4a 20 48 83 c2 30 48 89
0x00007f78ed867bbf:   4d b0 48 39 55 b8 0f 86 9d 00 00 00 48 89 01 48
0x00007f78ed867bcf:   8b 45 b0 48 8d 50 10 c7 40 08 00 00 00 00 48 89
0x00007f78ed867bdf:   55 b0 48 89 70 10 c7 40 18 01 00 00 00 41 83 ed
0x00007f78ed867bef:   01 44 3b 6d 98 0f 84 cc 00 00 00 49 8b 57 08 44
0x00007f78ed867bff:   89 e8 4c 8b 0c c2 49 8b 01 4c 89 4d a0 4c 89 cf
0x00007f78ed867c0f:   ff 10 4c 8b 4d a0 8d 50 95 83 e2 fd 74 0d 8d 50
0x00007f78ed867c1f:   99 83 fa 03 76 05 83 f8 6c 75 5f 4c 89 cf e8 ce
0x00007f78ed867c2f:   8f 07 00 48 8b 55 b0 48 8d 4a 10 48 83 c2 20 48
0x00007f78ed867c3f:   89 4d b0 48 39 55 b8 0f 87 44 ff ff ff 4c 89 e7
0x00007f78ed867c4f:   48 89 45 a0 e8 28 d8 07 00 48 8b 4d b0 48 8b 45
0x00007f78ed867c5f:   a0 e9 2b ff ff ff 0f 1f 00 4c 89 e7 48 89 75 90
0x00007f78ed867c6f:   48 89 45 a0 e8 08 d8 07 00 48 8b 4d b0 48 8b 75
0x00007f78ed867c7f:   90 48 8b 45 a0 e9 42 ff ff ff 48 8b 45 b0 48 8d
0x00007f78ed867c8f:   50 10 48 83 c0 20 48 89 55 b0 48 39 45 b8 0f 86
0x00007f78ed867c9f:   7d 02 00 00 4c 89 3a 48 8b 45 b0 48 8d 50 10 44
0x00007f78ed867caf:   89 68 08 48 89 55 b0 4c 89 48 10 c7 40 18 01 00
0x00007f78ed867cbf:   00 00 e9 26 ff ff ff 8b 45 8c 2b 45 a8 41 01 c6
0x00007f78ed867ccf:   4d 63 ee 49 c1 e5 03 45 85 f6 79 31 eb 64 0f 1f
0x00007f78ed867cdf:   00 4c 89 38 48 8b 45 b0 48 8d 50 10 44 89 70 08
0x00007f78ed867cef:   48 89 55 b0 48 89 48 10 c7 40 18 01 00 00 00 41
0x00007f78ed867cff:   83 ee 01 49 83 ed 08 41 83 fe ff 74 35 49 8b 47 


Stack slot to memory mapping:
stack at sp + 0 slots: 0x00007f78c6ad67c0 is pointing into the stack for thread: 0x00007f78ac23a800
stack at sp + 1 slots: 0x000000066c17bff0 is an unknown value
stack at sp + 2 slots: 0x00007f78c6ad9158 is pointing into the stack for thread: 0x00007f78ac23a800
stack at sp + 3 slots: 0x0000000000000005 is an unknown value
stack at sp + 4 slots: 0x00007f789408c198 points into unknown readable memory: 0x0000000000000000 | 00 00 00 00 00 00 00 00
stack at sp + 5 slots: 0x0000000000000062 is an unknown value
stack at sp + 6 slots: 0x00007f7894863320 points into unknown readable memory: 0x00007f789449d830 | 30 d8 49 94 78 7f 00 00
stack at sp + 7 slots: 0x00007f78948cd190 points into unknown readable memory: 0x0000000000000000 | 00 00 00 00 00 00 00 00


---------------  P R O C E S S  ---------------

Threads class SMR info:
_java_thread_list=0x00007f786c1da1e0, length=28, elements={
0x00007f78e8016000, 0x00007f78e821f800, 0x00007f78e8221800, 0x00007f78e822c000,
0x00007f78e822e000, 0x00007f78e8230800, 0x00007f78e8232800, 0x00007f78e8234800,
0x00007f78e827d800, 0x00007f78ac067800, 0x00007f78e8393000, 0x00007f78ac23a800,
0x00007f78e852a000, 0x00007f78e8574800, 0x00007f78e855e000, 0x00007f787c031000,
0x00007f787c0a9000, 0x00007f787c1f5000, 0x00007f787c25e800, 0x00007f786c001800,
0x00007f787c3e9800, 0x00007f786c008000, 0x00007f78e85cc800, 0x00007f78e8655000,
0x00007f786000e800, 0x00007f7828001000, 0x00007f783815f800, 0x00007f786c1e3800
}

Java Threads: ( => current thread )
  0x00007f78e8016000 JavaThread "main" [_thread_blocked, id=11026, stack(0x00007f78ec8f2000,0x00007f78ec9f3000)]
  0x00007f78e821f800 JavaThread "Reference Handler" daemon [_thread_blocked, id=11029, stack(0x00007f78c7c5b000,0x00007f78c7d5c000)]
  0x00007f78e8221800 JavaThread "Finalizer" daemon [_thread_blocked, id=11030, stack(0x00007f78c7b5a000,0x00007f78c7c5b000)]
  0x00007f78e822c000 JavaThread "Signal Dispatcher" daemon [_thread_blocked, id=11031, stack(0x00007f78c725b000,0x00007f78c735c000)]
  0x00007f78e822e000 JavaThread "Service Thread" daemon [_thread_blocked, id=11032, stack(0x00007f78c715a000,0x00007f78c725b000)]
  0x00007f78e8230800 JavaThread "C2 CompilerThread0" daemon [_thread_in_native, id=11033, stack(0x00007f78c7059000,0x00007f78c715a000)]
  0x00007f78e8232800 JavaThread "C1 CompilerThread0" daemon [_thread_blocked, id=11034, stack(0x00007f78c6f58000,0x00007f78c7059000)]
  0x00007f78e8234800 JavaThread "Sweeper thread" daemon [_thread_blocked, id=11035, stack(0x00007f78c6e57000,0x00007f78c6f58000)]
  0x00007f78e827d800 JavaThread "Common-Cleaner" daemon [_thread_blocked, id=11036, stack(0x00007f78c6d56000,0x00007f78c6e57000)]
  0x00007f78ac067800 JavaThread "C2 CompilerThread1" daemon [_thread_blocked, id=11042, stack(0x00007f78c6c55000,0x00007f78c6d56000)]
  0x00007f78e8393000 JavaThread "process reaper" daemon [_thread_blocked, id=11075, stack(0x00007f78c6adb000,0x00007f78c6afd000)]
=>0x00007f78ac23a800 JavaThread "C2 CompilerThread2" daemon [_thread_in_native, id=11089, stack(0x00007f78c69da000,0x00007f78c6adb000)]
  0x00007f78e852a000 JavaThread "Active Thread: Equinox Container: 1c3a35d6-7ded-4f7f-af58-86301b766278" [_thread_blocked, id=11100, stack(0x00007f78c68d9000,0x00007f78c69da000)]
  0x00007f78e8574800 JavaThread "Framework Event Dispatcher: Equinox Container: 1c3a35d6-7ded-4f7f-af58-86301b766278" daemon [_thread_blocked, id=11108, stack(0x00007f78c67d8000,0x00007f78c68d9000)]
  0x00007f78e855e000 JavaThread "Start Level: Equinox Container: 1c3a35d6-7ded-4f7f-af58-86301b766278" daemon [_thread_blocked, id=11112, stack(0x00007f78c63d1000,0x00007f78c64d2000)]
  0x00007f787c031000 JavaThread "SCR Component Actor" daemon [_thread_blocked, id=11114, stack(0x00007f78c60bf000,0x00007f78c61c0000)]
  0x00007f787c0a9000 JavaThread "Timer-0" daemon [_thread_blocked, id=11115, stack(0x00007f78c5dbe000,0x00007f78c5ebf000)]
  0x00007f787c1f5000 JavaThread "Worker-JM" [_thread_blocked, id=11118, stack(0x00007f78c5abd000,0x00007f78c5bbe000)]
  0x00007f787c25e800 JavaThread "Worker-0: Building" [_thread_blocked, id=11132, stack(0x00007f78c57bc000,0x00007f78c58bd000)]
  0x00007f786c001800 JavaThread "Worker-1: Updating Maven Dependencies" [_thread_blocked, id=11139, stack(0x00007f78c56bb000,0x00007f78c57bc000)]
  0x00007f787c3e9800 JavaThread "Java indexing" daemon [_thread_blocked, id=11155, stack(0x00007f78c4dae000,0x00007f78c4eaf000)]
  0x00007f786c008000 JavaThread "Worker-2: Repository registry initialization" [_thread_in_vm, id=11156, stack(0x00007f78c4aad000,0x00007f78c4bae000)]
  0x00007f78e85cc800 JavaThread "pool-3-thread-1" [_thread_blocked, id=11215, stack(0x00007f78c45ac000,0x00007f78c46ad000)]
  0x00007f78e8655000 JavaThread "pool-2-thread-1" [_thread_in_native, id=11227, stack(0x00007f78c44ab000,0x00007f78c45ac000)]
  0x00007f786000e800 JavaThread "Worker-3" [_thread_blocked, id=11300, stack(0x00007f783feff000,0x00007f7840000000)]
  0x00007f7828001000 JavaThread "Worker-4: Initialize workspace" [_thread_blocked, id=11305, stack(0x00007f783fbfe000,0x00007f783fcff000)]
  0x00007f783815f800 JavaThread "ForkJoinPool.commonPool-worker-19" daemon [_thread_blocked, id=11329, stack(0x00007f783f4fd000,0x00007f783f5fe000)]
  0x00007f786c1e3800 JavaThread "Compiler Processing Task" daemon [_thread_in_Java, id=11346, stack(0x00007f783f1de000,0x00007f783f2df000)]

Other Threads:
  0x00007f78e821c800 VMThread "VM Thread" [stack: 0x00007f78c7d5e000,0x00007f78c7e5e000] [id=11028] _threads_hazard_ptr=0x00007f786c1da1e0
  0x00007f78e82d2000 WatcherThread [stack: 0x00007f78c6b55000,0x00007f78c6c55000] [id=11045]
  0x00007f78e802d800 GCTaskThread "ParGC Thread#0" [stack: 0x00007f78ec249000,0x00007f78ec349000] [id=11027]
  0x00007f78c0001000 GCTaskThread "ParGC Thread#1" [stack: 0x00007f78c66d8000,0x00007f78c67d8000] [id=11109]
  0x00007f78c0003000 GCTaskThread "ParGC Thread#2" [stack: 0x00007f78c65d6000,0x00007f78c66d6000] [id=11110]
  0x00007f78c0004800 GCTaskThread "ParGC Thread#3" [stack: 0x00007f78c64d4000,0x00007f78c65d4000] [id=11111]
  0x00007f78c0006800 GCTaskThread "ParGC Thread#4" [stack: 0x00007f78c53bb000,0x00007f78c54bb000] [id=11146]
  0x00007f78c0008000 GCTaskThread "ParGC Thread#5" [stack: 0x00007f78c52b9000,0x00007f78c53b9000] [id=11147]
  0x00007f78c0009800 GCTaskThread "ParGC Thread#6" [stack: 0x00007f78c51b7000,0x00007f78c52b7000] [id=11148]
  0x00007f78c000b000 GCTaskThread "ParGC Thread#7" [stack: 0x00007f78c50b5000,0x00007f78c51b5000] [id=11149]
  0x00007f78c000c800 GCTaskThread "ParGC Thread#8" [stack: 0x00007f78c4fb3000,0x00007f78c50b3000] [id=11150]
  0x00007f78c000e800 GCTaskThread "ParGC Thread#9" [stack: 0x00007f78c4eb1000,0x00007f78c4fb1000] [id=11151]

Threads with active compile tasks:
C2 CompilerThread0   3367 4148       4       org.eclipse.jdt.internal.compiler.parser.Parser::consumeRule (7754 bytes)
C1 CompilerThread0   3367 4401       2       org.eclipse.jdt.internal.compiler.classfmt.MethodInfo::isConstructor (8 bytes)
C2 CompilerThread1   3367 3952       4       org.eclipse.osgi.internal.loader.BundleLoader::addExportedProvidersFor (167 bytes)
C2 CompilerThread2   3367 4039   !   4       org.eclipse.osgi.internal.loader.classpath.ClasspathManager::findLocalClass (210 bytes)

VM state:synchronizing (normal execution)

VM Mutex/Monitor currently owned by a thread:  ([mutex/lock_event])
[0x00007f78e8012fe0] Safepoint_lock - owner thread: 0x00007f78e821c800
[0x00007f78e8013070] Threads_lock - owner thread: 0x00007f78e821c800

Heap address: 0x00000000c0000000, size: 1024 MB, Compressed Oops mode: 32-bit
Narrow klass base: 0x0000000800000000, Narrow klass shift: 3
Compressed class space size: 1073741824 Address: 0x0000000840000000

Heap:
 PSYoungGen      total 22528K, used 5498K [0x00000000eab00000, 0x00000000ec880000, 0x0000000100000000)
  eden space 22016K, 22% used [0x00000000eab00000,0x00000000eafe0738,0x00000000ec080000)
  from space 512K, 98% used [0x00000000ec800000,0x00000000ec87e1c0,0x00000000ec880000)
  to   space 2560K, 0% used [0x00000000ec380000,0x00000000ec380000,0x00000000ec600000)
 ParOldGen       total 68608K, used 31158K [0x00000000c0000000, 0x00000000c4300000, 0x00000000eab00000)
  object space 68608K, 45% used [0x00000000c0000000,0x00000000c1e6d930,0x00000000c4300000)
 Metaspace       used 39983K, capacity 42383K, committed 42660K, reserved 1087488K
  class space    used 4203K, capacity 5087K, committed 5120K, reserved 1048576K

Card table byte_map: [0x00007f78ec49f000,0x00007f78ec6a0000] _byte_map_base: 0x00007f78ebe9f000

Marking Bits: (ParMarkBitMap*) 0x00007f78edfbf7e0
 Begin Bits: [0x00007f78ca000000, 0x00007f78cb000000)
 End Bits:   [0x00007f78cb000000, 0x00007f78cc000000)

Polling page: 0x00007f78ee227000

Metaspace:

Usage:
  Non-class:     36,42 MB capacity,    34,94 MB ( 96%) used,     1,39 MB (  4%) free+waste,    91,88 KB ( <1%) overhead. 
      Class:      4,97 MB capacity,     4,10 MB ( 83%) used,   837,97 KB ( 16%) free+waste,    45,69 KB ( <1%) overhead. 
       Both:     41,39 MB capacity,    39,05 MB ( 94%) used,     2,21 MB (  5%) free+waste,   137,56 KB ( <1%) overhead. 

Virtual space:
  Non-class space:       38,00 MB reserved,      36,66 MB ( 96%) committed 
      Class space:        1,00 GB reserved,       5,00 MB ( <1%) committed 
             Both:        1,04 GB reserved,      41,66 MB (  4%) committed 

Chunk freelists:
   Non-Class:  236,00 KB
       Class:  1,00 KB
        Both:  237,00 KB

MaxMetaspaceSize: unlimited
CompressedClassSpaceSize: 1,00 GB

CodeHeap 'non-profiled nmethods': size=120032Kb used=2063Kb max_used=2063Kb free=117968Kb
 bounds [0x00007f78d8340000, 0x00007f78d85b0000, 0x00007f78df878000]
CodeHeap 'profiled nmethods': size=120028Kb used=9669Kb max_used=9669Kb free=110358Kb
 bounds [0x00007f78d0e09000, 0x00007f78d1789000, 0x00007f78d8340000]
CodeHeap 'non-nmethods': size=5700Kb used=1226Kb max_used=1270Kb free=4473Kb
 bounds [0x00007f78d0878000, 0x00007f78d0ae8000, 0x00007f78d0e09000]
 total_blobs=4982 nmethods=4372 adapters=524
 compilation: enabled
              stopped_count=0, restarted_count=0
 full_count=0

Compilation events (20 events):
Event: 3,341 Thread 0x00007f78e8232800 nmethod 4376 0x00007f78d1771c10 code [0x00007f78d1771dc0, 0x00007f78d1771f90]
Event: 3,341 Thread 0x00007f78e8232800 4377       2       com.google.common.cache.LocalCache$StrongEntry::<init> (27 bytes)
Event: 3,342 Thread 0x00007f78e8232800 nmethod 4377 0x00007f78d1772090 code [0x00007f78d1772240, 0x00007f78d17723b0]
Event: 3,342 Thread 0x00007f78e8232800 4378       2       com.google.common.collect.ImmutableList::iterator (5 bytes)
Event: 3,342 Thread 0x00007f78e8232800 nmethod 4378 0x00007f78d1772490 code [0x00007f78d1772640, 0x00007f78d1772780]
Event: 3,342 Thread 0x00007f78e8232800 4379       2       com.google.common.collect.ImmutableList::listIterator (6 bytes)
Event: 3,342 Thread 0x00007f78e8232800 nmethod 4379 0x00007f78d1772810 code [0x00007f78d17729c0, 0x00007f78d1772b00]
Event: 3,342 Thread 0x00007f78e8232800 4380       2       com.google.common.collect.RegularImmutableList::listIterator (15 bytes)
Event: 3,342 Thread 0x00007f78e8232800 nmethod 4380 0x00007f78d1772b90 code [0x00007f78d1772d40, 0x00007f78d1772e80]
Event: 3,342 Thread 0x00007f78e8232800 4381       2       java.util.Hashtable::<init> (114 bytes)
Event: 3,343 Thread 0x00007f78e8232800 nmethod 4381 0x00007f78d1772f90 code [0x00007f78d1773240, 0x00007f78d1773b30]
Event: 3,343 Thread 0x00007f78e8232800 4382       2       com.google.inject.spi.InjectionPoint::hashCode (16 bytes)
Event: 3,343 Thread 0x00007f78e8232800 nmethod 4382 0x00007f78d1773f10 code [0x00007f78d17740c0, 0x00007f78d1774220]
Event: 3,343 Thread 0x00007f78e8232800 4383       2       com.google.common.cache.LocalCache$LoadingValueReference::<init> (34 bytes)
Event: 3,344 Thread 0x00007f78e8232800 nmethod 4383 0x00007f78d1774310 code [0x00007f78d17744c0, 0x00007f78d1774730]
Event: 3,344 Thread 0x00007f78e8232800 4384   !   2       com.google.common.cache.LocalCache$Segment::getAndRecordStats (153 bytes)
Event: 3,345 Thread 0x00007f78e8232800 nmethod 4384 0x00007f78d1774810 code [0x00007f78d1774ae0, 0x00007f78d17752f0]
Event: 3,345 Thread 0x00007f78e8232800 4389       2       org.eclipse.sisu.bean.DeclaredMembers$MemberIterator::hasNext (96 bytes)
Event: 3,345 Thread 0x00007f78e8232800 nmethod 4389 0x00007f78d1775b10 code [0x00007f78d1775ce0, 0x00007f78d1775f90]
Event: 3,345 Thread 0x00007f78e8232800 4385   !   2       com.google.common.cache.LocalCache$LoadingValueReference::loadFuture (125 bytes)

GC Heap History (20 events):
Event: 2,130 GC heap before
{Heap before GC invocations=7 (full 1):
 PSYoungGen      total 29184K, used 29171K [0x00000000eab00000, 0x00000000ece80000, 0x0000000100000000)
  eden space 25088K, 100% used [0x00000000eab00000,0x00000000ec380000,0x00000000ec380000)
  from space 4096K, 99% used [0x00000000ec400000,0x00000000ec7fcd40,0x00000000ec800000)
  to   space 5632K, 0% used [0x00000000ec900000,0x00000000ec900000,0x00000000ece80000)
 ParOldGen       total 68608K, used 11590K [0x00000000c0000000, 0x00000000c4300000, 0x00000000eab00000)
  object space 68608K, 16% used [0x00000000c0000000,0x00000000c0b518f0,0x00000000c4300000)
 Metaspace       used 27160K, capacity 29486K, committed 29824K, reserved 1075200K
  class space    used 2821K, capacity 3654K, committed 3712K, reserved 1048576K
}
Event: 2,144 GC heap after
{Heap after GC invocations=7 (full 1):
 PSYoungGen      total 29696K, used 5603K [0x00000000eab00000, 0x00000000ed000000, 0x0000000100000000)
  eden space 24064K, 0% used [0x00000000eab00000,0x00000000eab00000,0x00000000ec280000)
  from space 5632K, 99% used [0x00000000ec900000,0x00000000ece78d50,0x00000000ece80000)
  to   space 6656K, 0% used [0x00000000ec280000,0x00000000ec280000,0x00000000ec900000)
 ParOldGen       total 68608K, used 12238K [0x00000000c0000000, 0x00000000c4300000, 0x00000000eab00000)
  object space 68608K, 17% used [0x00000000c0000000,0x00000000c0bf3910,0x00000000c4300000)
 Metaspace       used 27160K, capacity 29486K, committed 29824K, reserved 1075200K
  class space    used 2821K, capacity 3654K, committed 3712K, reserved 1048576K
}
Event: 2,237 GC heap before
{Heap before GC invocations=8 (full 1):
 PSYoungGen      total 29696K, used 29667K [0x00000000eab00000, 0x00000000ed000000, 0x0000000100000000)
  eden space 24064K, 100% used [0x00000000eab00000,0x00000000ec280000,0x00000000ec280000)
  from space 5632K, 99% used [0x00000000ec900000,0x00000000ece78d50,0x00000000ece80000)
  to   space 6656K, 0% used [0x00000000ec280000,0x00000000ec280000,0x00000000ec900000)
 ParOldGen       total 68608K, used 12238K [0x00000000c0000000, 0x00000000c4300000, 0x00000000eab00000)
  object space 68608K, 17% used [0x00000000c0000000,0x00000000c0bf3910,0x00000000c4300000)
 Metaspace       used 27324K, capacity 29614K, committed 29824K, reserved 1075200K
  class space    used 2831K, capacity 3654K, committed 3712K, reserved 1048576K
}
Event: 2,247 GC heap after
{Heap after GC invocations=8 (full 1):
 PSYoungGen      total 30208K, used 6638K [0x00000000eab00000, 0x00000000ed300000, 0x0000000100000000)
  eden space 23552K, 0% used [0x00000000eab00000,0x00000000eab00000,0x00000000ec200000)
  from space 6656K, 99% used [0x00000000ec280000,0x00000000ec8fb970,0x00000000ec900000)
  to   space 8704K, 0% used [0x00000000eca80000,0x00000000eca80000,0x00000000ed300000)
 ParOldGen       total 68608K, used 13464K [0x00000000c0000000, 0x00000000c4300000, 0x00000000eab00000)
  object space 68608K, 19% used [0x00000000c0000000,0x00000000c0d262a0,0x00000000c4300000)
 Metaspace       used 27324K, capacity 29614K, committed 29824K, reserved 1075200K
  class space    used 2831K, capacity 3654K, committed 3712K, reserved 1048576K
}
Event: 2,318 GC heap before
{Heap before GC invocations=9 (full 1):
 PSYoungGen      total 30208K, used 30190K [0x00000000eab00000, 0x00000000ed300000, 0x0000000100000000)
  eden space 23552K, 100% used [0x00000000eab00000,0x00000000ec200000,0x00000000ec200000)
  from space 6656K, 99% used [0x00000000ec280000,0x00000000ec8fb970,0x00000000ec900000)
  to   space 8704K, 0% used [0x00000000eca80000,0x00000000eca80000,0x00000000ed300000)
 ParOldGen       total 68608K, used 13464K [0x00000000c0000000, 0x00000000c4300000, 0x00000000eab00000)
  object space 68608K, 19% used [0x00000000c0000000,0x00000000c0d262a0,0x00000000c4300000)
 Metaspace       used 27329K, capacity 29614K, committed 29824K, reserved 1075200K
  class space    used 2832K, capacity 3654K, committed 3712K, reserved 1048576K
}
Event: 2,329 GC heap after
{Heap after GC invocations=9 (full 1):
 PSYoungGen      total 30720K, used 7570K [0x00000000eab00000, 0x00000000ed200000, 0x0000000100000000)
  eden space 23040K, 0% used [0x00000000eab00000,0x00000000eab00000,0x00000000ec180000)
  from space 7680K, 98% used [0x00000000eca80000,0x00000000ed1e4b48,0x00000000ed200000)
  to   space 7680K, 0% used [0x00000000ec300000,0x00000000ec300000,0x00000000eca80000)
 ParOldGen       total 68608K, used 15351K [0x00000000c0000000, 0x00000000c4300000, 0x00000000eab00000)
  object space 68608K, 22% used [0x00000000c0000000,0x00000000c0efdea8,0x00000000c4300000)
 Metaspace       used 27329K, capacity 29614K, committed 29824K, reserved 1075200K
  class space    used 2832K, capacity 3654K, committed 3712K, reserved 1048576K
}
Event: 2,379 GC heap before
{Heap before GC invocations=10 (full 1):
 PSYoungGen      total 30720K, used 30610K [0x00000000eab00000, 0x00000000ed200000, 0x0000000100000000)
  eden space 23040K, 100% used [0x00000000eab00000,0x00000000ec180000,0x00000000ec180000)
  from space 7680K, 98% used [0x00000000eca80000,0x00000000ed1e4b48,0x00000000ed200000)
  to   space 7680K, 0% used [0x00000000ec300000,0x00000000ec300000,0x00000000eca80000)
 ParOldGen       total 68608K, used 15351K [0x00000000c0000000, 0x00000000c4300000, 0x00000000eab00000)
  object space 68608K, 22% used [0x00000000c0000000,0x00000000c0efdea8,0x00000000c4300000)
 Metaspace       used 27329K, capacity 29614K, committed 29824K, reserved 1075200K
  class space    used 2832K, capacity 3654K, committed 3712K, reserved 1048576K
}
Event: 2,402 GC heap after
{Heap after GC invocations=10 (full 1):
 PSYoungGen      total 30208K, used 7392K [0x00000000eab00000, 0x00000000ed000000, 0x0000000100000000)
  eden space 22528K, 0% used [0x00000000eab00000,0x00000000eab00000,0x00000000ec100000)
  from space 7680K, 96% used [0x00000000ec300000,0x00000000eca38020,0x00000000eca80000)
  to   space 5632K, 0% used [0x00000000eca80000,0x00000000eca80000,0x00000000ed000000)
 ParOldGen       total 68608K, used 18273K [0x00000000c0000000, 0x00000000c4300000, 0x00000000eab00000)
  object space 68608K, 26% used [0x00000000c0000000,0x00000000c11d8578,0x00000000c4300000)
 Metaspace       used 27329K, capacity 29614K, committed 29824K, reserved 1075200K
  class space    used 2832K, capacity 3654K, committed 3712K, reserved 1048576K
}
Event: 2,515 GC heap before
{Heap before GC invocations=11 (full 1):
 PSYoungGen      total 30208K, used 29919K [0x00000000eab00000, 0x00000000ed000000, 0x0000000100000000)
  eden space 22528K, 99% used [0x00000000eab00000,0x00000000ec0fff88,0x00000000ec100000)
  from space 7680K, 96% used [0x00000000ec300000,0x00000000eca38020,0x00000000eca80000)
  to   space 5632K, 0% used [0x00000000eca80000,0x00000000eca80000,0x00000000ed000000)
 ParOldGen       total 68608K, used 18273K [0x00000000c0000000, 0x00000000c4300000, 0x00000000eab00000)
  object space 68608K, 26% used [0x00000000c0000000,0x00000000c11d8578,0x00000000c4300000)
 Metaspace       used 28018K, capacity 30416K, committed 30720K, reserved 1077248K
  class space    used 2917K, capacity 3793K, committed 3840K, reserved 1048576K
}
Event: 2,527 GC heap after
{Heap after GC invocations=11 (full 1):
 PSYoungGen      total 27648K, used 5504K [0x00000000eab00000, 0x00000000ed000000, 0x0000000100000000)
  eden space 22016K, 0% used [0x00000000eab00000,0x00000000eab00000,0x00000000ec080000)
  from space 5632K, 97% used [0x00000000eca80000,0x00000000ecfe0010,0x00000000ed000000)
  to   space 6656K, 0% used [0x00000000ec300000,0x00000000ec300000,0x00000000ec980000)
 ParOldGen       total 68608K, used 22863K [0x00000000c0000000, 0x00000000c4300000, 0x00000000eab00000)
  object space 68608K, 33% used [0x00000000c0000000,0x00000000c1653df8,0x00000000c4300000)
 Metaspace       used 28018K, capacity 30416K, committed 30720K, reserved 1077248K
  class space    used 2917K, capacity 3793K, committed 3840K, reserved 1048576K
}
Event: 2,730 GC heap before
{Heap before GC invocations=12 (full 1):
 PSYoungGen      total 27648K, used 27520K [0x00000000eab00000, 0x00000000ed000000, 0x0000000100000000)
  eden space 22016K, 100% used [0x00000000eab00000,0x00000000ec080000,0x00000000ec080000)
  from space 5632K, 97% used [0x00000000eca80000,0x00000000ecfe0010,0x00000000ed000000)
  to   space 6656K, 0% used [0x00000000ec300000,0x00000000ec300000,0x00000000ec980000)
 ParOldGen       total 68608K, used 22863K [0x00000000c0000000, 0x00000000c4300000, 0x00000000eab00000)
  object space 68608K, 33% used [0x00000000c0000000,0x00000000c1653df8,0x00000000c4300000)
 Metaspace       used 30409K, capacity 32689K, committed 33024K, reserved 1079296K
  class space    used 3179K, capacity 4013K, committed 4096K, reserved 1048576K
}
Event: 2,745 GC heap after
{Heap after GC invocations=12 (full 1):
 PSYoungGen      total 23552K, used 1061K [0x00000000eab00000, 0x00000000ecb00000, 0x0000000100000000)
  eden space 22016K, 0% used [0x00000000eab00000,0x00000000eab00000,0x00000000ec080000)
  from space 1536K, 69% used [0x00000000ec300000,0x00000000ec4096b0,0x00000000ec480000)
  to   space 3072K, 0% used [0x00000000ec800000,0x00000000ec800000,0x00000000ecb00000)
 ParOldGen       total 68608K, used 28209K [0x00000000c0000000, 0x00000000c4300000, 0x00000000eab00000)
  object space 68608K, 41% used [0x00000000c0000000,0x00000000c1b8c698,0x00000000c4300000)
 Metaspace       used 30409K, capacity 32689K, committed 33024K, reserved 1079296K
  class space    used 3179K, capacity 4013K, committed 4096K, reserved 1048576K
}
Event: 2,913 GC heap before
{Heap before GC invocations=13 (full 1):
 PSYoungGen      total 23552K, used 21741K [0x00000000eab00000, 0x00000000ecb00000, 0x0000000100000000)
  eden space 22016K, 93% used [0x00000000eab00000,0x00000000ebf31f08,0x00000000ec080000)
  from space 1536K, 69% used [0x00000000ec300000,0x00000000ec4096b0,0x00000000ec480000)
  to   space 3072K, 0% used [0x00000000ec800000,0x00000000ec800000,0x00000000ecb00000)
 ParOldGen       total 68608K, used 28209K [0x00000000c0000000, 0x00000000c4300000, 0x00000000eab00000)
  object space 68608K, 41% used [0x00000000c0000000,0x00000000c1b8c698,0x00000000c4300000)
 Metaspace       used 32663K, capacity 35142K, committed 35584K, reserved 1081344K
  class space    used 3403K, capacity 4253K, committed 4352K, reserved 1048576K
}
Event: 2,920 GC heap after
{Heap after GC invocations=13 (full 1):
 PSYoungGen      total 23552K, used 1039K [0x00000000eab00000, 0x00000000ec980000, 0x0000000100000000)
  eden space 22016K, 0% used [0x00000000eab00000,0x00000000eab00000,0x00000000ec080000)
  from space 1536K, 67% used [0x00000000ec800000,0x00000000ec903f10,0x00000000ec980000)
  to   space 1536K, 0% used [0x00000000ec300000,0x00000000ec300000,0x00000000ec480000)
 ParOldGen       total 68608K, used 29002K [0x00000000c0000000, 0x00000000c4300000, 0x00000000eab00000)
  object space 68608K, 42% used [0x00000000c0000000,0x00000000c1c52b08,0x00000000c4300000)
 Metaspace       used 32663K, capacity 35142K, committed 35584K, reserved 1081344K
  class space    used 3403K, capacity 4253K, committed 4352K, reserved 1048576K
}
Event: 2,932 GC heap before
{Heap before GC invocations=14 (full 1):
 PSYoungGen      total 23552K, used 3066K [0x00000000eab00000, 0x00000000ec980000, 0x0000000100000000)
  eden space 22016K, 9% used [0x00000000eab00000,0x00000000eacfac00,0x00000000ec080000)
  from space 1536K, 67% used [0x00000000ec800000,0x00000000ec903f10,0x00000000ec980000)
  to   space 1536K, 0% used [0x00000000ec300000,0x00000000ec300000,0x00000000ec480000)
 ParOldGen       total 68608K, used 29002K [0x00000000c0000000, 0x00000000c4300000, 0x00000000eab00000)
  object space 68608K, 42% used [0x00000000c0000000,0x00000000c1c52b08,0x00000000c4300000)
 Metaspace       used 33158K, capacity 35558K, committed 35748K, reserved 1081344K
  class space    used 3471K, capacity 4285K, committed 4352K, reserved 1048576K
}
Event: 2,939 GC heap after
{Heap after GC invocations=14 (full 1):
 PSYoungGen      total 23552K, used 128K [0x00000000eab00000, 0x00000000ec880000, 0x0000000100000000)
  eden space 22016K, 0% used [0x00000000eab00000,0x00000000eab00000,0x00000000ec080000)
  from space 1536K, 8% used [0x00000000ec300000,0x00000000ec320000,0x00000000ec480000)
  to   space 512K, 0% used [0x00000000ec800000,0x00000000ec800000,0x00000000ec880000)
 ParOldGen       total 68608K, used 29993K [0x00000000c0000000, 0x00000000c4300000, 0x00000000eab00000)
  object space 68608K, 43% used [0x00000000c0000000,0x00000000c1d4a4e8,0x00000000c4300000)
 Metaspace       used 33158K, capacity 35558K, committed 35748K, reserved 1081344K
  class space    used 3471K, capacity 4285K, committed 4352K, reserved 1048576K
}
Event: 2,939 GC heap before
{Heap before GC invocations=15 (full 2):
 PSYoungGen      total 23552K, used 128K [0x00000000eab00000, 0x00000000ec880000, 0x0000000100000000)
  eden space 22016K, 0% used [0x00000000eab00000,0x00000000eab00000,0x00000000ec080000)
  from space 1536K, 8% used [0x00000000ec300000,0x00000000ec320000,0x00000000ec480000)
  to   space 512K, 0% used [0x00000000ec800000,0x00000000ec800000,0x00000000ec880000)
 ParOldGen       total 68608K, used 29993K [0x00000000c0000000, 0x00000000c4300000, 0x00000000eab00000)
  object space 68608K, 43% used [0x00000000c0000000,0x00000000c1d4a4e8,0x00000000c4300000)
 Metaspace       used 33158K, capacity 35558K, committed 35748K, reserved 1081344K
  class space    used 3471K, capacity 4285K, committed 4352K, reserved 1048576K
}
Event: 3,088 GC heap after
{Heap after GC invocations=15 (full 2):
 PSYoungGen      total 23552K, used 0K [0x00000000eab00000, 0x00000000ec880000, 0x0000000100000000)
  eden space 22016K, 0% used [0x00000000eab00000,0x00000000eab00000,0x00000000ec080000)
  from space 1536K, 0% used [0x00000000ec300000,0x00000000ec300000,0x00000000ec480000)
  to   space 512K, 0% used [0x00000000ec800000,0x00000000ec800000,0x00000000ec880000)
 ParOldGen       total 68608K, used 29497K [0x00000000c0000000, 0x00000000c4300000, 0x00000000eab00000)
  object space 68608K, 42% used [0x00000000c0000000,0x00000000c1cce460,0x00000000c4300000)
 Metaspace       used 33158K, capacity 35558K, committed 35748K, reserved 1081344K
  class space    used 3471K, capacity 4285K, committed 4352K, reserved 1048576K
}
Event: 3,292 GC heap before
{Heap before GC invocations=16 (full 2):
 PSYoungGen      total 23552K, used 22016K [0x00000000eab00000, 0x00000000ec880000, 0x0000000100000000)
  eden space 22016K, 100% used [0x00000000eab00000,0x00000000ec080000,0x00000000ec080000)
  from space 1536K, 0% used [0x00000000ec300000,0x00000000ec300000,0x00000000ec480000)
  to   space 512K, 0% used [0x00000000ec800000,0x00000000ec800000,0x00000000ec880000)
 ParOldGen       total 68608K, used 29497K [0x00000000c0000000, 0x00000000c4300000, 0x00000000eab00000)
  object space 68608K, 42% used [0x00000000c0000000,0x00000000c1cce460,0x00000000c4300000)
 Metaspace       used 38664K, capacity 41108K, committed 41508K, reserved 1085440K
  class space    used 4090K, capacity 4983K, committed 4992K, reserved 1048576K
}
Event: 3,296 GC heap after
{Heap after GC invocations=16 (full 2):
 PSYoungGen      total 22528K, used 504K [0x00000000eab00000, 0x00000000ec880000, 0x0000000100000000)
  eden space 22016K, 0% used [0x00000000eab00000,0x00000000eab00000,0x00000000ec080000)
  from space 512K, 98% used [0x00000000ec800000,0x00000000ec87e1c0,0x00000000ec880000)
  to   space 2560K, 0% used [0x00000000ec380000,0x00000000ec380000,0x00000000ec600000)
 ParOldGen       total 68608K, used 31158K [0x00000000c0000000, 0x00000000c4300000, 0x00000000eab00000)
  object space 68608K, 45% used [0x00000000c0000000,0x00000000c1e6d930,0x00000000c4300000)
 Metaspace       used 38664K, capacity 41108K, committed 41508K, reserved 1085440K
  class space    used 4090K, capacity 4983K, committed 4992K, reserved 1048576K
}

Deoptimization events (20 events):
Event: 3,193 Thread 0x00007f787c25e800 Uncommon trap: trap_request=0xffffff4d fr.pc=0x00007f78d846c950 relative=0x00000000000029d0
Event: 3,193 Thread 0x00007f787c25e800 Uncommon trap: reason=unstable_if action=reinterpret pc=0x00007f78d846c950 method=jdk.internal.jimage.ImageReader$SharedImageReader.buildNode(Ljava/lang/String;)Ljdk/internal/jimage/ImageReader$Node; @ 47 c2
Event: 3,193 Thread 0x00007f787c25e800 DEOPT PACKING pc=0x00007f78d846c950 sp=0x00007f78c58b9f80
Event: 3,193 Thread 0x00007f787c25e800 DEOPT UNPACKING pc=0x00007f78d089d2a5 sp=0x00007f78c58b9d78 mode 2
Event: 3,193 Thread 0x00007f787c25e800 Uncommon trap: trap_request=0xffffff4d fr.pc=0x00007f78d84728f4 relative=0x0000000000002794
Event: 3,193 Thread 0x00007f787c25e800 Uncommon trap: reason=unstable_if action=reinterpret pc=0x00007f78d84728f4 method=jdk.internal.jimage.ImageReader$SharedImageReader.buildNode(Ljava/lang/String;)Ljdk/internal/jimage/ImageReader$Node; @ 47 c2
Event: 3,193 Thread 0x00007f787c25e800 DEOPT PACKING pc=0x00007f78d84728f4 sp=0x00007f78c58b9ee0
Event: 3,193 Thread 0x00007f787c25e800 DEOPT UNPACKING pc=0x00007f78d089d2a5 sp=0x00007f78c58b9d90 mode 2
Event: 3,193 Thread 0x00007f787c25e800 Uncommon trap: trap_request=0xffffff4d fr.pc=0x00007f78d84781d4 relative=0x00000000000027f4
Event: 3,193 Thread 0x00007f787c25e800 Uncommon trap: reason=unstable_if action=reinterpret pc=0x00007f78d84781d4 method=jdk.internal.jimage.ImageReader$SharedImageReader.buildNode(Ljava/lang/String;)Ljdk/internal/jimage/ImageReader$Node; @ 47 c2
Event: 3,193 Thread 0x00007f787c25e800 DEOPT PACKING pc=0x00007f78d84781d4 sp=0x00007f78c58b9de0
Event: 3,193 Thread 0x00007f787c25e800 DEOPT UNPACKING pc=0x00007f78d089d2a5 sp=0x00007f78c58b9d60 mode 2
Event: 3,194 Thread 0x00007f787c25e800 Uncommon trap: trap_request=0xffffff4d fr.pc=0x00007f78d844b878 relative=0x0000000000000238
Event: 3,194 Thread 0x00007f787c25e800 Uncommon trap: reason=unstable_if action=reinterpret pc=0x00007f78d844b878 method=java.lang.String.regionMatches(ILjava/lang/String;II)Z @ 32 c2
Event: 3,194 Thread 0x00007f787c25e800 DEOPT PACKING pc=0x00007f78d844b878 sp=0x00007f78c58b9990
Event: 3,194 Thread 0x00007f787c25e800 DEOPT UNPACKING pc=0x00007f78d089d2a5 sp=0x00007f78c58b9938 mode 2
Event: 3,303 Thread 0x00007f787c25e800 Uncommon trap: trap_request=0xffffff76 fr.pc=0x00007f78d84c9c98 relative=0x00000000000003d8
Event: 3,303 Thread 0x00007f787c25e800 Uncommon trap: reason=loop_limit_check action=maybe_recompile pc=0x00007f78d84c9c98 method=org.eclipse.jdt.internal.compiler.classfmt.ClassFileStruct.utf8At(II)[C @ 143 c2
Event: 3,303 Thread 0x00007f787c25e800 DEOPT PACKING pc=0x00007f78d84c9c98 sp=0x00007f78c58ba120
Event: 3,303 Thread 0x00007f787c25e800 DEOPT UNPACKING pc=0x00007f78d089d2a5 sp=0x00007f78c58ba0d8 mode 2

Classes redefined (0 events):
No events

Internal exceptions (20 events):
Event: 3,259 Thread 0x00007f787c25e800 Exception <a 'java/lang/ArrayIndexOutOfBoundsException'{0x00000000ebcb7f08}> (0x00000000ebcb7f08) thrown at [src/hotspot/share/runtime/sharedRuntime.cpp, line 606]
Event: 3,260 Thread 0x00007f787c25e800 Exception <a 'java/lang/ArrayIndexOutOfBoundsException'{0x00000000ebcba3b0}> (0x00000000ebcba3b0) thrown at [src/hotspot/share/runtime/sharedRuntime.cpp, line 606]
Event: 3,260 Thread 0x00007f787c25e800 Exception <a 'java/lang/ArrayIndexOutOfBoundsException'{0x00000000ebcbbeb8}> (0x00000000ebcbbeb8) thrown at [src/hotspot/share/runtime/sharedRuntime.cpp, line 606]
Event: 3,260 Thread 0x00007f787c25e800 Exception <a 'java/lang/ArrayIndexOutOfBoundsException'{0x00000000ebcbd458}> (0x00000000ebcbd458) thrown at [src/hotspot/share/runtime/sharedRuntime.cpp, line 606]
Event: 3,261 Thread 0x00007f787c25e800 Exception <a 'java/lang/ArrayIndexOutOfBoundsException'{0x00000000ebcbea20}> (0x00000000ebcbea20) thrown at [src/hotspot/share/runtime/sharedRuntime.cpp, line 606]
Event: 3,261 Thread 0x00007f787c25e800 Exception <a 'java/lang/ArrayIndexOutOfBoundsException'{0x00000000ebcbfff8}> (0x00000000ebcbfff8) thrown at [src/hotspot/share/runtime/sharedRuntime.cpp, line 606]
Event: 3,264 Thread 0x00007f787c25e800 Exception <a 'java/lang/ArrayIndexOutOfBoundsException'{0x00000000ebdb3888}> (0x00000000ebdb3888) thrown at [src/hotspot/share/runtime/sharedRuntime.cpp, line 606]
Event: 3,265 Thread 0x00007f787c25e800 Exception <a 'java/lang/ArrayIndexOutOfBoundsException'{0x00000000ebdb9c90}> (0x00000000ebdb9c90) thrown at [src/hotspot/share/runtime/sharedRuntime.cpp, line 606]
Event: 3,266 Thread 0x00007f787c25e800 Exception <a 'java/lang/ArrayIndexOutOfBoundsException'{0x00000000ebdbc7a8}> (0x00000000ebdbc7a8) thrown at [src/hotspot/share/runtime/sharedRuntime.cpp, line 606]
Event: 3,268 Thread 0x00007f787c25e800 Exception <a 'java/lang/ArrayIndexOutOfBoundsException'{0x00000000ebdc35d8}> (0x00000000ebdc35d8) thrown at [src/hotspot/share/runtime/sharedRuntime.cpp, line 606]
Event: 3,269 Thread 0x00007f787c25e800 Exception <a 'java/lang/ArrayIndexOutOfBoundsException'{0x00000000ebdc6128}> (0x00000000ebdc6128) thrown at [src/hotspot/share/runtime/sharedRuntime.cpp, line 606]
Event: 3,271 Thread 0x00007f787c25e800 Exception <a 'java/lang/ArrayIndexOutOfBoundsException'{0x00000000ebdcd228}> (0x00000000ebdcd228) thrown at [src/hotspot/share/runtime/sharedRuntime.cpp, line 606]
Event: 3,272 Thread 0x00007f787c25e800 Exception <a 'java/lang/ArrayIndexOutOfBoundsException'{0x00000000ebdd1f40}> (0x00000000ebdd1f40) thrown at [src/hotspot/share/runtime/sharedRuntime.cpp, line 606]
Event: 3,273 Thread 0x00007f787c25e800 Exception <a 'java/lang/ArrayIndexOutOfBoundsException'{0x00000000ebdd4978}> (0x00000000ebdd4978) thrown at [src/hotspot/share/runtime/sharedRuntime.cpp, line 606]
Event: 3,276 Thread 0x00007f787c25e800 Exception <a 'java/lang/ArrayIndexOutOfBoundsException'{0x00000000ebe996b8}> (0x00000000ebe996b8) thrown at [src/hotspot/share/runtime/sharedRuntime.cpp, line 606]
Event: 3,277 Thread 0x00007f787c25e800 Exception <a 'java/lang/ArrayIndexOutOfBoundsException'{0x00000000ebe9d300}> (0x00000000ebe9d300) thrown at [src/hotspot/share/runtime/sharedRuntime.cpp, line 606]
Event: 3,278 Thread 0x00007f787c25e800 Exception <a 'java/lang/ArrayIndexOutOfBoundsException'{0x00000000ebedae10}> (0x00000000ebedae10) thrown at [src/hotspot/share/runtime/sharedRuntime.cpp, line 606]
Event: 3,280 Thread 0x00007f787c25e800 Exception <a 'java/lang/ArrayIndexOutOfBoundsException'{0x00000000ebedfbe8}> (0x00000000ebedfbe8) thrown at [src/hotspot/share/runtime/sharedRuntime.cpp, line 606]
Event: 3,281 Thread 0x00007f787c25e800 Exception <a 'java/lang/ArrayIndexOutOfBoundsException'{0x00000000ebee2e58}> (0x00000000ebee2e58) thrown at [src/hotspot/share/runtime/sharedRuntime.cpp, line 606]
Event: 3,283 Thread 0x00007f787c25e800 Exception <a 'java/lang/ArrayIndexOutOfBoundsException'{0x00000000ebeff4a8}> (0x00000000ebeff4a8) thrown at [src/hotspot/share/runtime/sharedRuntime.cpp, line 606]

Events (20 events):
Event: 3,324 Executing VM operation: RevokeBias
Event: 3,324 Executing VM operation: RevokeBias done
Event: 3,343 loading class org/eclipse/jdt/internal/compiler/ast/ASTNode
Event: 3,343 loading class org/eclipse/jdt/internal/compiler/ast/ASTNode done
Event: 3,343 loading class org/eclipse/jdt/internal/compiler/ast/ASTNode
Event: 3,343 loading class org/eclipse/jdt/internal/compiler/ast/ASTNode done
Event: 3,344 loading class org/eclipse/jdt/internal/compiler/ast/ASTNode
Event: 3,344 loading class org/eclipse/jdt/internal/compiler/ast/ASTNode done
Event: 3,344 loading class org/eclipse/jdt/internal/compiler/ast/ASTNode
Event: 3,344 loading class org/eclipse/jdt/internal/compiler/ast/ASTNode done
Event: 3,344 loading class org/eclipse/jdt/internal/compiler/ast/ASTNode
Event: 3,344 loading class org/eclipse/jdt/internal/compiler/ast/ASTNode done
Event: 3,344 loading class org/eclipse/jdt/internal/compiler/ast/ASTNode
Event: 3,344 loading class org/eclipse/jdt/internal/compiler/ast/ASTNode done
Event: 3,345 loading class org/eclipse/jdt/internal/compiler/lookup/VariableBinding
Event: 3,345 loading class org/eclipse/jdt/internal/compiler/lookup/VariableBinding done
Event: 3,345 loading class org/eclipse/jdt/internal/compiler/lookup/VariableBinding
Event: 3,345 loading class org/eclipse/jdt/internal/compiler/lookup/VariableBinding done
Event: 3,345 loading class org/eclipse/jdt/internal/compiler/lookup/VariableBinding
Event: 3,345 loading class org/eclipse/jdt/internal/compiler/lookup/VariableBinding done


Dynamic libraries:
c0000000-c4300000 rw-p 00000000 00:00 0 
c4300000-eab00000 ---p 00000000 00:00 0 
eab00000-ec880000 rw-p 00000000 00:00 0 
ec880000-100000000 ---p 00000000 00:00 0 
800000000-800002000 rwxp 00001000 103:03 15335726                        /usr/lib/jvm/java-11-openjdk-amd64/lib/server/classes.jsa
800002000-8003b9000 rw-p 00003000 103:03 15335726                        /usr/lib/jvm/java-11-openjdk-amd64/lib/server/classes.jsa
8003b9000-800a96000 r--p 003ba000 103:03 15335726                        /usr/lib/jvm/java-11-openjdk-amd64/lib/server/classes.jsa
800a96000-800a97000 rw-p 00a97000 103:03 15335726                        /usr/lib/jvm/java-11-openjdk-amd64/lib/server/classes.jsa
800a97000-8010a5000 r--p 00a98000 103:03 15335726                        /usr/lib/jvm/java-11-openjdk-amd64/lib/server/classes.jsa
840000000-840500000 rw-p 00000000 00:00 0 
840500000-880000000 ---p 00000000 00:00 0 
55ac69ac4000-55ac69ac5000 r--p 00000000 103:03 15340688                  /usr/lib/jvm/java-11-openjdk-amd64/bin/java
55ac69ac5000-55ac69ac6000 r-xp 00001000 103:03 15340688                  /usr/lib/jvm/java-11-openjdk-amd64/bin/java
55ac69ac6000-55ac69ac7000 r--p 00002000 103:03 15340688                  /usr/lib/jvm/java-11-openjdk-amd64/bin/java
55ac69ac7000-55ac69ac8000 r--p 00002000 103:03 15340688                  /usr/lib/jvm/java-11-openjdk-amd64/bin/java
55ac69ac8000-55ac69ac9000 rw-p 00003000 103:03 15340688                  /usr/lib/jvm/java-11-openjdk-amd64/bin/java
55ac6a228000-55ac6a249000 rw-p 00000000 00:00 0                          [heap]
7f77e8000000-7f77e8021000 rw-p 00000000 00:00 0 
7f77e8021000-7f77ec000000 ---p 00000000 00:00 0 
7f77f0000000-7f77f0021000 rw-p 00000000 00:00 0 
7f77f0021000-7f77f4000000 ---p 00000000 00:00 0 
7f77f4000000-7f77f4021000 rw-p 00000000 00:00 0 
7f77f4021000-7f77f8000000 ---p 00000000 00:00 0 
7f77f8000000-7f77f8021000 rw-p 00000000 00:00 0 
7f77f8021000-7f77fc000000 ---p 00000000 00:00 0 
7f77fc000000-7f77fc021000 rw-p 00000000 00:00 0 
7f77fc021000-7f7800000000 ---p 00000000 00:00 0 
7f7800000000-7f7800021000 rw-p 00000000 00:00 0 
7f7800021000-7f7804000000 ---p 00000000 00:00 0 
7f7804000000-7f7804021000 rw-p 00000000 00:00 0 
7f7804021000-7f7808000000 ---p 00000000 00:00 0 
7f7808000000-7f7808021000 rw-p 00000000 00:00 0 
7f7808021000-7f780c000000 ---p 00000000 00:00 0 
7f780c000000-7f780c021000 rw-p 00000000 00:00 0 
7f780c021000-7f7810000000 ---p 00000000 00:00 0 
7f7810000000-7f7810021000 rw-p 00000000 00:00 0 
7f7810021000-7f7814000000 ---p 00000000 00:00 0 
7f7814000000-7f7814021000 rw-p 00000000 00:00 0 
7f7814021000-7f7818000000 ---p 00000000 00:00 0 
7f7818000000-7f7818041000 rw-p 00000000 00:00 0 
7f7818041000-7f781c000000 ---p 00000000 00:00 0 
7f781c000000-7f781c021000 rw-p 00000000 00:00 0 
7f781c021000-7f7820000000 ---p 00000000 00:00 0 
7f7820000000-7f7820021000 rw-p 00000000 00:00 0 
7f7820021000-7f7824000000 ---p 00000000 00:00 0 
7f7824000000-7f782402b000 rw-p 00000000 00:00 0 
7f782402b000-7f7828000000 ---p 00000000 00:00 0 
7f7828000000-7f7828057000 rw-p 00000000 00:00 0 
7f7828057000-7f782c000000 ---p 00000000 00:00 0 
7f782f878000-7f7838000000 r--s 00000000 103:03 15346079                  /usr/lib/jvm/java-11-openjdk-amd64/lib/modules
7f7838000000-7f783818c000 rw-p 00000000 00:00 0 
7f783818c000-7f783c000000 ---p 00000000 00:00 0 
7f783e182000-7f783e242000 rw-p 00000000 00:00 0 
7f783e242000-7f783e382000 ---p 00000000 00:00 0 
7f783e382000-7f783e582000 rw-p 00000000 00:00 0 
7f783e7d4000-7f783e7d8000 ---p 00000000 00:00 0 
7f783e7d8000-7f783e8d5000 rw-p 00000000 00:00 0 
7f783e8d5000-7f783e8d9000 ---p 00000000 00:00 0 
7f783e8d9000-7f783e9d6000 rw-p 00000000 00:00 0 
7f783e9d6000-7f783e9da000 ---p 00000000 00:00 0 
7f783e9da000-7f783ead7000 rw-p 00000000 00:00 0 
7f783ead7000-7f783eadb000 ---p 00000000 00:00 0 
7f783eadb000-7f783ebd8000 rw-p 00000000 00:00 0 
7f783ebd8000-7f783ebdc000 ---p 00000000 00:00 0 
7f783ebdc000-7f783ecd9000 rw-p 00000000 00:00 0 
7f783ecd9000-7f783ecdd000 ---p 00000000 00:00 0 
7f783ecdd000-7f783edda000 rw-p 00000000 00:00 0 
7f783edda000-7f783edde000 ---p 00000000 00:00 0 
7f783edde000-7f783eedb000 rw-p 00000000 00:00 0 
7f783eedb000-7f783eedf000 ---p 00000000 00:00 0 
7f783eedf000-7f783efdc000 rw-p 00000000 00:00 0 
7f783efdc000-7f783efe0000 ---p 00000000 00:00 0 
7f783efe0000-7f783f0dd000 rw-p 00000000 00:00 0 
7f783f0dd000-7f783f0e1000 ---p 00000000 00:00 0 
7f783f0e1000-7f783f1de000 rw-p 00000000 00:00 0 
7f783f1de000-7f783f1e2000 ---p 00000000 00:00 0 
7f783f1e2000-7f783f2df000 rw-p 00000000 00:00 0 
7f783f2fb000-7f783f2ff000 ---p 00000000 00:00 0 
7f783f2ff000-7f783f3fc000 rw-p 00000000 00:00 0 
7f783f3fc000-7f783f400000 ---p 00000000 00:00 0 
7f783f400000-7f783f4fd000 rw-p 00000000 00:00 0 
7f783f4fd000-7f783f501000 ---p 00000000 00:00 0 
7f783f501000-7f783f7fe000 rw-p 00000000 00:00 0 
7f783f7fe000-7f783f9e7000 rw-p 00000000 00:00 0 
7f783f9e7000-7f783f9fe000 ---p 00000000 00:00 0 
7f783f9fe000-7f783fbfe000 rw-p 00000000 00:00 0 
7f783fbfe000-7f783fc02000 ---p 00000000 00:00 0 
7f783fc02000-7f783feff000 rw-p 00000000 00:00 0 
7f783feff000-7f783ff03000 ---p 00000000 00:00 0 
7f783ff03000-7f7840000000 rw-p 00000000 00:00 0 
7f7840000000-7f7840409000 rw-p 00000000 00:00 0 
7f7840409000-7f7844000000 ---p 00000000 00:00 0 
7f7844000000-7f7844021000 rw-p 00000000 00:00 0 
7f7844021000-7f7848000000 ---p 00000000 00:00 0 
7f7848000000-7f7848021000 rw-p 00000000 00:00 0 
7f7848021000-7f784c000000 ---p 00000000 00:00 0 
7f784c000000-7f784c021000 rw-p 00000000 00:00 0 
7f784c021000-7f7850000000 ---p 00000000 00:00 0 
7f7850000000-7f7850021000 rw-p 00000000 00:00 0 
7f7850021000-7f7854000000 ---p 00000000 00:00 0 
7f7854000000-7f7854021000 rw-p 00000000 00:00 0 
7f7854021000-7f7858000000 ---p 00000000 00:00 0 
7f7858000000-7f7858021000 rw-p 00000000 00:00 0 
7f7858021000-7f785c000000 ---p 00000000 00:00 0 
7f785c000000-7f785c021000 rw-p 00000000 00:00 0 
7f785c021000-7f7860000000 ---p 00000000 00:00 0 
7f7860000000-7f7860034000 rw-p 00000000 00:00 0 
7f7860034000-7f7864000000 ---p 00000000 00:00 0 
7f7864000000-7f7864021000 rw-p 00000000 00:00 0 
7f7864021000-7f7868000000 ---p 00000000 00:00 0 
7f7868000000-7f7868021000 rw-p 00000000 00:00 0 
7f7868021000-7f786c000000 ---p 00000000 00:00 0 
7f786c000000-7f786c22f000 rw-p 00000000 00:00 0 
7f786c22f000-7f7870000000 ---p 00000000 00:00 0 
7f7870000000-7f7870021000 rw-p 00000000 00:00 0 
7f7870021000-7f7874000000 ---p 00000000 00:00 0 
7f7874000000-7f7874021000 rw-p 00000000 00:00 0 
7f7874021000-7f7878000000 ---p 00000000 00:00 0 
7f7878000000-7f7878021000 rw-p 00000000 00:00 0 
7f7878021000-7f787c000000 ---p 00000000 00:00 0 
7f787c000000-7f787c754000 rw-p 00000000 00:00 0 
7f787c754000-7f7880000000 ---p 00000000 00:00 0 
7f7880000000-7f7880021000 rw-p 00000000 00:00 0 
7f7880021000-7f7884000000 ---p 00000000 00:00 0 
7f7884000000-7f7884021000 rw-p 00000000 00:00 0 
7f7884021000-7f7888000000 ---p 00000000 00:00 0 
7f7888000000-7f7888021000 rw-p 00000000 00:00 0 
7f7888021000-7f788c000000 ---p 00000000 00:00 0 
7f788c000000-7f788c021000 rw-p 00000000 00:00 0 
7f788c021000-7f7890000000 ---p 00000000 00:00 0 
7f7890000000-7f7890021000 rw-p 00000000 00:00 0 
7f7890021000-7f7894000000 ---p 00000000 00:00 0 
7f7894000000-7f7894b9b000 rw-p 00000000 00:00 0 
7f7894b9b000-7f7898000000 ---p 00000000 00:00 0 
7f7898000000-7f7898cf8000 rw-p 00000000 00:00 0 
7f7898cf8000-7f789c000000 ---p 00000000 00:00 0 
7f789c000000-7f789c021000 rw-p 00000000 00:00 0 
7f789c021000-7f78a0000000 ---p 00000000 00:00 0 
7f78a0000000-7f78a0021000 rw-p 00000000 00:00 0 
7f78a0021000-7f78a4000000 ---p 00000000 00:00 0 
7f78a4000000-7f78a4021000 rw-p 00000000 00:00 0 
7f78a4021000-7f78a8000000 ---p 00000000 00:00 0 
7f78a8000000-7f78a8a79000 rw-p 00000000 00:00 0 
7f78a8a79000-7f78ac000000 ---p 00000000 00:00 0 
7f78ac000000-7f78acbaa000 rw-p 00000000 00:00 0 
7f78acbaa000-7f78b0000000 ---p 00000000 00:00 0 
7f78b0000000-7f78b0021000 rw-p 00000000 00:00 0 
7f78b0021000-7f78b4000000 ---p 00000000 00:00 0 
7f78b4000000-7f78b4021000 rw-p 00000000 00:00 0 
7f78b4021000-7f78b8000000 ---p 00000000 00:00 0 
7f78b8000000-7f78b8021000 rw-p 00000000 00:00 0 
7f78b8021000-7f78bc000000 ---p 00000000 00:00 0 
7f78bc000000-7f78bc021000 rw-p 00000000 00:00 0 
7f78bc021000-7f78c0000000 ---p 00000000 00:00 0 
7f78c0000000-7f78c0059000 rw-p 00000000 00:00 0 
7f78c0059000-7f78c4000000 ---p 00000000 00:00 0 
7f78c40ab000-7f78c42ab000 rw-p 00000000 00:00 0 
7f78c42ab000-7f78c44ab000 rw-p 00000000 00:00 0 
7f78c44ab000-7f78c44af000 ---p 00000000 00:00 0 
7f78c44af000-7f78c45ac000 rw-p 00000000 00:00 0 
7f78c45ac000-7f78c45b0000 ---p 00000000 00:00 0 
7f78c45b0000-7f78c48ad000 rw-p 00000000 00:00 0 
7f78c48ad000-7f78c4aad000 rw-p 00000000 00:00 0 
7f78c4aad000-7f78c4ab1000 ---p 00000000 00:00 0 
7f78c4ab1000-7f78c4dae000 rw-p 00000000 00:00 0 
7f78c4dae000-7f78c4db2000 ---p 00000000 00:00 0 
7f78c4db2000-7f78c4eaf000 rw-p 00000000 00:00 0 
7f78c4eaf000-7f78c4eb0000 ---p 00000000 00:00 0 
7f78c4eb0000-7f78c4fb1000 rw-p 00000000 00:00 0 
7f78c4fb1000-7f78c4fb2000 ---p 00000000 00:00 0 
7f78c4fb2000-7f78c50b3000 rw-p 00000000 00:00 0 
7f78c50b3000-7f78c50b4000 ---p 00000000 00:00 0 
7f78c50b4000-7f78c51b5000 rw-p 00000000 00:00 0 
7f78c51b5000-7f78c51b6000 ---p 00000000 00:00 0 
7f78c51b6000-7f78c52b7000 rw-p 00000000 00:00 0 
7f78c52b7000-7f78c52b8000 ---p 00000000 00:00 0 
7f78c52b8000-7f78c53b9000 rw-p 00000000 00:00 0 
7f78c53b9000-7f78c53ba000 ---p 00000000 00:00 0 
7f78c53ba000-7f78c56bb000 rw-p 00000000 00:00 0 
7f78c56bb000-7f78c56bf000 ---p 00000000 00:00 0 
7f78c56bf000-7f78c57bc000 rw-p 00000000 00:00 0 
7f78c57bc000-7f78c57c0000 ---p 00000000 00:00 0 
7f78c57c0000-7f78c5abd000 rw-p 00000000 00:00 0 
7f78c5abd000-7f78c5ac1000 ---p 00000000 00:00 0 
7f78c5ac1000-7f78c5dbe000 rw-p 00000000 00:00 0 
7f78c5dbe000-7f78c5dc2000 ---p 00000000 00:00 0 
7f78c5dc2000-7f78c60bf000 rw-p 00000000 00:00 0 
7f78c60bf000-7f78c60c3000 ---p 00000000 00:00 0 
7f78c60c3000-7f78c61c0000 rw-p 00000000 00:00 0 
7f78c61c0000-7f78c61d0000 r-xp 00000000 103:03 11277634                  /home/luciano/.config/Code/User/globalStorage/redhat.java/1.0.0/config_linux/org.eclipse.equinox.launcher/org.eclipse.equinox.launcher.gtk.linux.x86_64_1.2.400.v20210928-1041/eclipse_11600.so
7f78c61d0000-7f78c63cf000 ---p 00010000 103:03 11277634                  /home/luciano/.config/Code/User/globalStorage/redhat.java/1.0.0/config_linux/org.eclipse.equinox.launcher/org.eclipse.equinox.launcher.gtk.linux.x86_64_1.2.400.v20210928-1041/eclipse_11600.so
7f78c63cf000-7f78c63d0000 r--p 0000f000 103:03 11277634                  /home/luciano/.config/Code/User/globalStorage/redhat.java/1.0.0/config_linux/org.eclipse.equinox.launcher/org.eclipse.equinox.launcher.gtk.linux.x86_64_1.2.400.v20210928-1041/eclipse_11600.so
7f78c63d0000-7f78c63d1000 rw-p 00010000 103:03 11277634                  /home/luciano/.config/Code/User/globalStorage/redhat.java/1.0.0/config_linux/org.eclipse.equinox.launcher/org.eclipse.equinox.launcher.gtk.linux.x86_64_1.2.400.v20210928-1041/eclipse_11600.so
7f78c63d1000-7f78c63d5000 ---p 00000000 00:00 0 
7f78c63d5000-7f78c64d2000 rw-p 00000000 00:00 0 
7f78c64d2000-7f78c64d3000 ---p 00000000 00:00 0 
7f78c64d3000-7f78c65d4000 rw-p 00000000 00:00 0 
7f78c65d4000-7f78c65d5000 ---p 00000000 00:00 0 
7f78c65d5000-7f78c66d6000 rw-p 00000000 00:00 0 
7f78c66d6000-7f78c66d7000 ---p 00000000 00:00 0 
7f78c66d7000-7f78c67d8000 rw-p 00000000 00:00 0 
7f78c67d8000-7f78c67dc000 ---p 00000000 00:00 0 
7f78c67dc000-7f78c68d9000 rw-p 00000000 00:00 0 
7f78c68d9000-7f78c68dd000 ---p 00000000 00:00 0 
7f78c68dd000-7f78c69da000 rw-p 00000000 00:00 0 
7f78c69da000-7f78c69de000 ---p 00000000 00:00 0 
7f78c69de000-7f78c6adb000 rw-p 00000000 00:00 0 
7f78c6adb000-7f78c6adf000 ---p 00000000 00:00 0 
7f78c6adf000-7f78c6afd000 rw-p 00000000 00:00 0 
7f78c6afd000-7f78c6b21000 r--p 00000000 103:03 1446343                   /usr/share/locale-langpack/es/LC_MESSAGES/libc.mo
7f78c6b21000-7f78c6b29000 r--p 00000000 103:03 15346075                  /usr/lib/jvm/java-11-openjdk-amd64/lib/libsunec.so
7f78c6b29000-7f78c6b42000 r-xp 00008000 103:03 15346075                  /usr/lib/jvm/java-11-openjdk-amd64/lib/libsunec.so
7f78c6b42000-7f78c6b4c000 r--p 00021000 103:03 15346075                  /usr/lib/jvm/java-11-openjdk-amd64/lib/libsunec.so
7f78c6b4c000-7f78c6b4d000 ---p 0002b000 103:03 15346075                  /usr/lib/jvm/java-11-openjdk-amd64/lib/libsunec.so
7f78c6b4d000-7f78c6b51000 r--p 0002b000 103:03 15346075                  /usr/lib/jvm/java-11-openjdk-amd64/lib/libsunec.so
7f78c6b51000-7f78c6b53000 rw-p 0002f000 103:03 15346075                  /usr/lib/jvm/java-11-openjdk-amd64/lib/libsunec.so
7f78c6b53000-7f78c6b54000 ---p 00000000 00:00 0 
7f78c6b54000-7f78c6c55000 rw-p 00000000 00:00 0 
7f78c6c55000-7f78c6c59000 ---p 00000000 00:00 0 
7f78c6c59000-7f78c6d56000 rw-p 00000000 00:00 0 
7f78c6d56000-7f78c6d5a000 ---p 00000000 00:00 0 
7f78c6d5a000-7f78c6e57000 rw-p 00000000 00:00 0 
7f78c6e57000-7f78c6e5b000 ---p 00000000 00:00 0 
7f78c6e5b000-7f78c6f58000 rw-p 00000000 00:00 0 
7f78c6f58000-7f78c6f5c000 ---p 00000000 00:00 0 
7f78c6f5c000-7f78c7059000 rw-p 00000000 00:00 0 
7f78c7059000-7f78c705d000 ---p 00000000 00:00 0 
7f78c705d000-7f78c715a000 rw-p 00000000 00:00 0 
7f78c715a000-7f78c715e000 ---p 00000000 00:00 0 
7f78c715e000-7f78c725b000 rw-p 00000000 00:00 0 
7f78c725b000-7f78c725f000 ---p 00000000 00:00 0 
7f78c725f000-7f78c735c000 rw-p 00000000 00:00 0 
7f78c735c000-7f78c7b5a000 r--p 00000000 103:03 15209766                  /usr/lib/locale/locale-archive
7f78c7b5a000-7f78c7b5e000 ---p 00000000 00:00 0 
7f78c7b5e000-7f78c7c5b000 rw-p 00000000 00:00 0 
7f78c7c5b000-7f78c7c5f000 ---p 00000000 00:00 0 
7f78c7c5f000-7f78c7d5c000 rw-p 00000000 00:00 0 
7f78c7d5c000-7f78c7d5d000 ---p 00000000 00:00 0 
7f78c7d5d000-7f78cc000000 rw-p 00000000 00:00 0 
7f78cc000000-7f78cc021000 rw-p 00000000 00:00 0 
7f78cc021000-7f78d0000000 ---p 00000000 00:00 0 
7f78d001d000-7f78d0878000 rw-p 00000000 00:00 0 
7f78d0878000-7f78d0ae8000 rwxp 00000000 00:00 0 
7f78d0ae8000-7f78d0e09000 ---p 00000000 00:00 0 
7f78d0e09000-7f78d1789000 rwxp 00000000 00:00 0 
7f78d1789000-7f78d8340000 ---p 00000000 00:00 0 
7f78d8340000-7f78d85b0000 rwxp 00000000 00:00 0 
7f78d85b0000-7f78df878000 ---p 00000000 00:00 0 
7f78df878000-7f78e8000000 r--s 00000000 103:03 15346079                  /usr/lib/jvm/java-11-openjdk-amd64/lib/modules
7f78e8000000-7f78e865e000 rw-p 00000000 00:00 0 
7f78e865e000-7f78ec000000 ---p 00000000 00:00 0 
7f78ec006000-7f78ec00a000 r--p 00000000 103:03 15346069                  /usr/lib/jvm/java-11-openjdk-amd64/lib/libnet.so
7f78ec00a000-7f78ec019000 r-xp 00004000 103:03 15346069                  /usr/lib/jvm/java-11-openjdk-amd64/lib/libnet.so
7f78ec019000-7f78ec01d000 r--p 00013000 103:03 15346069                  /usr/lib/jvm/java-11-openjdk-amd64/lib/libnet.so
7f78ec01d000-7f78ec01e000 r--p 00016000 103:03 15346069                  /usr/lib/jvm/java-11-openjdk-amd64/lib/libnet.so
7f78ec01e000-7f78ec01f000 rw-p 00017000 103:03 15346069                  /usr/lib/jvm/java-11-openjdk-amd64/lib/libnet.so
7f78ec01f000-7f78ec026000 r--p 00000000 103:03 15346070                  /usr/lib/jvm/java-11-openjdk-amd64/lib/libnio.so
7f78ec026000-7f78ec02e000 r-xp 00007000 103:03 15346070                  /usr/lib/jvm/java-11-openjdk-amd64/lib/libnio.so
7f78ec02e000-7f78ec031000 r--p 0000f000 103:03 15346070                  /usr/lib/jvm/java-11-openjdk-amd64/lib/libnio.so
7f78ec031000-7f78ec032000 r--p 00011000 103:03 15346070                  /usr/lib/jvm/java-11-openjdk-amd64/lib/libnio.so
7f78ec032000-7f78ec033000 rw-p 00012000 103:03 15346070                  /usr/lib/jvm/java-11-openjdk-amd64/lib/libnio.so
7f78ec033000-7f78ec247000 rw-p 00000000 00:00 0 
7f78ec247000-7f78ec248000 ---p 00000000 00:00 0 
7f78ec248000-7f78ec36b000 rw-p 00000000 00:00 0 
7f78ec36b000-7f78ec49f000 ---p 00000000 00:00 0 
7f78ec49f000-7f78ec4c1000 rw-p 00000000 00:00 0 
7f78ec4c1000-7f78ec5f4000 ---p 00000000 00:00 0 
7f78ec5f4000-7f78ec604000 rw-p 00000000 00:00 0 
7f78ec604000-7f78ec69f000 ---p 00000000 00:00 0 
7f78ec69f000-7f78ec6a5000 rw-p 00000000 00:00 0 
7f78ec6a5000-7f78ec78b000 ---p 00000000 00:00 0 
7f78ec78b000-7f78ec79e000 rw-p 00000000 00:00 0 
7f78ec79e000-7f78ec876000 ---p 00000000 00:00 0 
7f78ec876000-7f78ec87b000 rw-p 00000000 00:00 0 
7f78ec87b000-7f78ec882000 ---p 00000000 00:00 0 
7f78ec882000-7f78ec885000 r--p 00000000 103:03 15211162                  /usr/lib/x86_64-linux-gnu/libnss_files-2.31.so
7f78ec885000-7f78ec88c000 r-xp 00003000 103:03 15211162                  /usr/lib/x86_64-linux-gnu/libnss_files-2.31.so
7f78ec88c000-7f78ec88e000 r--p 0000a000 103:03 15211162                  /usr/lib/x86_64-linux-gnu/libnss_files-2.31.so
7f78ec88e000-7f78ec88f000 r--p 0000b000 103:03 15211162                  /usr/lib/x86_64-linux-gnu/libnss_files-2.31.so
7f78ec88f000-7f78ec890000 rw-p 0000c000 103:03 15211162                  /usr/lib/x86_64-linux-gnu/libnss_files-2.31.so
7f78ec890000-7f78ec896000 rw-p 00000000 00:00 0 
7f78ec897000-7f78ec89e000 r--s 00000000 103:03 134660                    /usr/lib/x86_64-linux-gnu/gconv/gconv-modules.cache
7f78ec89e000-7f78ec8a0000 r--p 00000000 103:03 15346078                  /usr/lib/jvm/java-11-openjdk-amd64/lib/libzip.so
7f78ec8a0000-7f78ec8a4000 r-xp 00002000 103:03 15346078                  /usr/lib/jvm/java-11-openjdk-amd64/lib/libzip.so
7f78ec8a4000-7f78ec8a6000 r--p 00006000 103:03 15346078                  /usr/lib/jvm/java-11-openjdk-amd64/lib/libzip.so
7f78ec8a6000-7f78ec8a7000 r--p 00007000 103:03 15346078                  /usr/lib/jvm/java-11-openjdk-amd64/lib/libzip.so
7f78ec8a7000-7f78ec8a8000 rw-p 00008000 103:03 15346078                  /usr/lib/jvm/java-11-openjdk-amd64/lib/libzip.so
7f78ec8a8000-7f78ec8b0000 rw-s 00000000 103:03 2885973                   /tmp/hsperfdata_luciano/11025
7f78ec8b0000-7f78ec8b2000 r--p 00000000 103:03 15346061                  /usr/lib/jvm/java-11-openjdk-amd64/lib/libjimage.so
7f78ec8b2000-7f78ec8b5000 r-xp 00002000 103:03 15346061                  /usr/lib/jvm/java-11-openjdk-amd64/lib/libjimage.so
7f78ec8b5000-7f78ec8b6000 r--p 00005000 103:03 15346061                  /usr/lib/jvm/java-11-openjdk-amd64/lib/libjimage.so
7f78ec8b6000-7f78ec8b7000 ---p 00006000 103:03 15346061                  /usr/lib/jvm/java-11-openjdk-amd64/lib/libjimage.so
7f78ec8b7000-7f78ec8b8000 r--p 00006000 103:03 15346061                  /usr/lib/jvm/java-11-openjdk-amd64/lib/libjimage.so
7f78ec8b8000-7f78ec8b9000 rw-p 00007000 103:03 15346061                  /usr/lib/jvm/java-11-openjdk-amd64/lib/libjimage.so
7f78ec8b9000-7f78ec8c7000 r--p 00000000 103:03 15346058                  /usr/lib/jvm/java-11-openjdk-amd64/lib/libjava.so
7f78ec8c7000-7f78ec8dd000 r-xp 0000e000 103:03 15346058                  /usr/lib/jvm/java-11-openjdk-amd64/lib/libjava.so
7f78ec8dd000-7f78ec8e4000 r--p 00024000 103:03 15346058                  /usr/lib/jvm/java-11-openjdk-amd64/lib/libjava.so
7f78ec8e4000-7f78ec8e5000 r--p 0002a000 103:03 15346058                  /usr/lib/jvm/java-11-openjdk-amd64/lib/libjava.so
7f78ec8e5000-7f78ec8e6000 rw-p 0002b000 103:03 15346058                  /usr/lib/jvm/java-11-openjdk-amd64/lib/libjava.so
7f78ec8e6000-7f78ec8e7000 rw-p 00000000 00:00 0 
7f78ec8e7000-7f78ec8ea000 r--p 00000000 103:03 15211325                  /usr/lib/x86_64-linux-gnu/librt-2.31.so
7f78ec8ea000-7f78ec8ee000 r-xp 00003000 103:03 15211325                  /usr/lib/x86_64-linux-gnu/librt-2.31.so
7f78ec8ee000-7f78ec8ef000 r--p 00007000 103:03 15211325                  /usr/lib/x86_64-linux-gnu/librt-2.31.so
7f78ec8ef000-7f78ec8f0000 ---p 00008000 103:03 15211325                  /usr/lib/x86_64-linux-gnu/librt-2.31.so
7f78ec8f0000-7f78ec8f1000 r--p 00008000 103:03 15211325                  /usr/lib/x86_64-linux-gnu/librt-2.31.so
7f78ec8f1000-7f78ec8f2000 rw-p 00009000 103:03 15211325                  /usr/lib/x86_64-linux-gnu/librt-2.31.so
7f78ec8f2000-7f78ec8f6000 ---p 00000000 00:00 0 
7f78ec8f6000-7f78ec9f3000 rw-p 00000000 00:00 0 
7f78ec9f3000-7f78ec9f6000 r--p 00000000 103:03 15205944                  /usr/lib/x86_64-linux-gnu/libgcc_s.so.1
7f78ec9f6000-7f78eca08000 r-xp 00003000 103:03 15205944                  /usr/lib/x86_64-linux-gnu/libgcc_s.so.1
7f78eca08000-7f78eca0c000 r--p 00015000 103:03 15205944                  /usr/lib/x86_64-linux-gnu/libgcc_s.so.1
7f78eca0c000-7f78eca0d000 r--p 00018000 103:03 15205944                  /usr/lib/x86_64-linux-gnu/libgcc_s.so.1
7f78eca0d000-7f78eca0e000 rw-p 00019000 103:03 15205944                  /usr/lib/x86_64-linux-gnu/libgcc_s.so.1
7f78eca0e000-7f78eca1d000 r--p 00000000 103:03 15210400                  /usr/lib/x86_64-linux-gnu/libm-2.31.so
7f78eca1d000-7f78ecac4000 r-xp 0000f000 103:03 15210400                  /usr/lib/x86_64-linux-gnu/libm-2.31.so
7f78ecac4000-7f78ecb5b000 r--p 000b6000 103:03 15210400                  /usr/lib/x86_64-linux-gnu/libm-2.31.so
7f78ecb5b000-7f78ecb5c000 r--p 0014c000 103:03 15210400                  /usr/lib/x86_64-linux-gnu/libm-2.31.so
7f78ecb5c000-7f78ecb5d000 rw-p 0014d000 103:03 15210400                  /usr/lib/x86_64-linux-gnu/libm-2.31.so
7f78ecb5d000-7f78ecbf3000 r--p 00000000 103:03 15208610                  /usr/lib/x86_64-linux-gnu/libstdc++.so.6.0.28
7f78ecbf3000-7f78ecce4000 r-xp 00096000 103:03 15208610                  /usr/lib/x86_64-linux-gnu/libstdc++.so.6.0.28
7f78ecce4000-7f78ecd2d000 r--p 00187000 103:03 15208610                  /usr/lib/x86_64-linux-gnu/libstdc++.so.6.0.28
7f78ecd2d000-7f78ecd2e000 ---p 001d0000 103:03 15208610                  /usr/lib/x86_64-linux-gnu/libstdc++.so.6.0.28
7f78ecd2e000-7f78ecd39000 r--p 001d0000 103:03 15208610                  /usr/lib/x86_64-linux-gnu/libstdc++.so.6.0.28
7f78ecd39000-7f78ecd3c000 rw-p 001db000 103:03 15208610                  /usr/lib/x86_64-linux-gnu/libstdc++.so.6.0.28
7f78ecd3c000-7f78ecd3f000 rw-p 00000000 00:00 0 
7f78ecd3f000-7f78ecfb9000 r--p 00000000 103:03 15346082                  /usr/lib/jvm/java-11-openjdk-amd64/lib/server/libjvm.so
7f78ecfb9000-7f78edc3e000 r-xp 0027a000 103:03 15346082                  /usr/lib/jvm/java-11-openjdk-amd64/lib/server/libjvm.so
7f78edc3e000-7f78ede95000 r--p 00eff000 103:03 15346082                  /usr/lib/jvm/java-11-openjdk-amd64/lib/server/libjvm.so
7f78ede95000-7f78edf56000 r--p 01155000 103:03 15346082                  /usr/lib/jvm/java-11-openjdk-amd64/lib/server/libjvm.so
7f78edf56000-7f78edf91000 rw-p 01216000 103:03 15346082                  /usr/lib/jvm/java-11-openjdk-amd64/lib/server/libjvm.so
7f78edf91000-7f78edfea000 rw-p 00000000 00:00 0 
7f78edfea000-7f78edff1000 r--p 00000000 103:03 15211313                  /usr/lib/x86_64-linux-gnu/libpthread-2.31.so
7f78edff1000-7f78ee002000 r-xp 00007000 103:03 15211313                  /usr/lib/x86_64-linux-gnu/libpthread-2.31.so
7f78ee002000-7f78ee007000 r--p 00018000 103:03 15211313                  /usr/lib/x86_64-linux-gnu/libpthread-2.31.so
7f78ee007000-7f78ee008000 r--p 0001c000 103:03 15211313                  /usr/lib/x86_64-linux-gnu/libpthread-2.31.so
7f78ee008000-7f78ee009000 rw-p 0001d000 103:03 15211313                  /usr/lib/x86_64-linux-gnu/libpthread-2.31.so
7f78ee009000-7f78ee00d000 rw-p 00000000 00:00 0 
7f78ee00d000-7f78ee00e000 r--p 00000000 103:03 15210399                  /usr/lib/x86_64-linux-gnu/libdl-2.31.so
7f78ee00e000-7f78ee010000 r-xp 00001000 103:03 15210399                  /usr/lib/x86_64-linux-gnu/libdl-2.31.so
7f78ee010000-7f78ee011000 r--p 00003000 103:03 15210399                  /usr/lib/x86_64-linux-gnu/libdl-2.31.so
7f78ee011000-7f78ee012000 r--p 00003000 103:03 15210399                  /usr/lib/x86_64-linux-gnu/libdl-2.31.so
7f78ee012000-7f78ee013000 rw-p 00004000 103:03 15210399                  /usr/lib/x86_64-linux-gnu/libdl-2.31.so
7f78ee013000-7f78ee015000 r--p 00000000 103:03 15210681                  /usr/lib/x86_64-linux-gnu/libz.so.1.2.11
7f78ee015000-7f78ee026000 r-xp 00002000 103:03 15210681                  /usr/lib/x86_64-linux-gnu/libz.so.1.2.11
7f78ee026000-7f78ee02c000 r--p 00013000 103:03 15210681                  /usr/lib/x86_64-linux-gnu/libz.so.1.2.11
7f78ee02c000-7f78ee02d000 ---p 00019000 103:03 15210681                  /usr/lib/x86_64-linux-gnu/libz.so.1.2.11
7f78ee02d000-7f78ee02e000 r--p 00019000 103:03 15210681                  /usr/lib/x86_64-linux-gnu/libz.so.1.2.11
7f78ee02e000-7f78ee02f000 rw-p 0001a000 103:03 15210681                  /usr/lib/x86_64-linux-gnu/libz.so.1.2.11
7f78ee02f000-7f78ee054000 r--p 00000000 103:03 15210398                  /usr/lib/x86_64-linux-gnu/libc-2.31.so
7f78ee054000-7f78ee1cc000 r-xp 00025000 103:03 15210398                  /usr/lib/x86_64-linux-gnu/libc-2.31.so
7f78ee1cc000-7f78ee216000 r--p 0019d000 103:03 15210398                  /usr/lib/x86_64-linux-gnu/libc-2.31.so
7f78ee216000-7f78ee217000 ---p 001e7000 103:03 15210398                  /usr/lib/x86_64-linux-gnu/libc-2.31.so
7f78ee217000-7f78ee21a000 r--p 001e7000 103:03 15210398                  /usr/lib/x86_64-linux-gnu/libc-2.31.so
7f78ee21a000-7f78ee21d000 rw-p 001ea000 103:03 15210398                  /usr/lib/x86_64-linux-gnu/libc-2.31.so
7f78ee21d000-7f78ee221000 rw-p 00000000 00:00 0 
7f78ee225000-7f78ee227000 r--s 0000c000 103:03 265066                    /usr/share/java/java-atk-wrapper.jar
7f78ee227000-7f78ee228000 ---p 00000000 00:00 0 
7f78ee228000-7f78ee229000 r--p 00000000 00:00 0 
7f78ee229000-7f78ee22e000 r--p 00000000 103:03 15346077                  /usr/lib/jvm/java-11-openjdk-amd64/lib/libverify.so
7f78ee22e000-7f78ee235000 r-xp 00005000 103:03 15346077                  /usr/lib/jvm/java-11-openjdk-amd64/lib/libverify.so
7f78ee235000-7f78ee237000 r--p 0000c000 103:03 15346077                  /usr/lib/jvm/java-11-openjdk-amd64/lib/libverify.so
7f78ee237000-7f78ee238000 ---p 0000e000 103:03 15346077                  /usr/lib/jvm/java-11-openjdk-amd64/lib/libverify.so
7f78ee238000-7f78ee23a000 r--p 0000e000 103:03 15346077                  /usr/lib/jvm/java-11-openjdk-amd64/lib/libverify.so
7f78ee23a000-7f78ee23b000 rw-p 00010000 103:03 15346077                  /usr/lib/jvm/java-11-openjdk-amd64/lib/libverify.so
7f78ee23b000-7f78ee23e000 r--p 00000000 103:03 15346043                  /usr/lib/jvm/java-11-openjdk-amd64/lib/jli/libjli.so
7f78ee23e000-7f78ee248000 r-xp 00003000 103:03 15346043                  /usr/lib/jvm/java-11-openjdk-amd64/lib/jli/libjli.so
7f78ee248000-7f78ee24b000 r--p 0000d000 103:03 15346043                  /usr/lib/jvm/java-11-openjdk-amd64/lib/jli/libjli.so
7f78ee24b000-7f78ee24c000 ---p 00010000 103:03 15346043                  /usr/lib/jvm/java-11-openjdk-amd64/lib/jli/libjli.so
7f78ee24c000-7f78ee24d000 r--p 00010000 103:03 15346043                  /usr/lib/jvm/java-11-openjdk-amd64/lib/jli/libjli.so
7f78ee24d000-7f78ee24e000 rw-p 00011000 103:03 15346043                  /usr/lib/jvm/java-11-openjdk-amd64/lib/jli/libjli.so
7f78ee24e000-7f78ee250000 rw-p 00000000 00:00 0 
7f78ee250000-7f78ee251000 r--p 00000000 103:03 15204852                  /usr/lib/x86_64-linux-gnu/ld-2.31.so
7f78ee251000-7f78ee274000 r-xp 00001000 103:03 15204852                  /usr/lib/x86_64-linux-gnu/ld-2.31.so
7f78ee274000-7f78ee27c000 r--p 00024000 103:03 15204852                  /usr/lib/x86_64-linux-gnu/ld-2.31.so
7f78ee27d000-7f78ee27e000 r--p 0002c000 103:03 15204852                  /usr/lib/x86_64-linux-gnu/ld-2.31.so
7f78ee27e000-7f78ee27f000 rw-p 0002d000 103:03 15204852                  /usr/lib/x86_64-linux-gnu/ld-2.31.so
7f78ee27f000-7f78ee280000 rw-p 00000000 00:00 0 
7ffebc822000-7ffebc844000 rw-p 00000000 00:00 0                          [stack]
7ffebc8dc000-7ffebc8df000 r--p 00000000 00:00 0                          [vvar]
7ffebc8df000-7ffebc8e0000 r-xp 00000000 00:00 0                          [vdso]
ffffffffff600000-ffffffffff601000 --xp 00000000 00:00 0                  [vsyscall]


VM Arguments:
jvm_args: --add-modules=ALL-SYSTEM --add-opens=java.base/java.util=ALL-UNNAMED --add-opens=java.base/java.lang=ALL-UNNAMED -Declipse.application=org.eclipse.jdt.ls.core.id1 -Dosgi.bundles.defaultStartLevel=4 -Declipse.product=org.eclipse.jdt.ls.core.product -Dfile.encoding=utf8 -XX:+UseParallelGC -XX:GCTimeRatio=4 -XX:AdaptiveSizePolicyWeight=90 -Dsun.zip.disableMemoryMapping=true -Xmx1G -Xms100m -Xverify:none 
java_command: /home/luciano/.vscode/extensions/redhat.java-1.0.0/server/plugins/org.eclipse.equinox.launcher_1.6.400.v20210924-0641.jar -configuration /home/luciano/.config/Code/User/globalStorage/redhat.java/1.0.0/config_linux -data /home/luciano/.config/Code/User/workspaceStorage/0e4c054c09ae2116ef8cd654f49414de/redhat.java/jdt_ws
java_class_path (initial): /home/luciano/.vscode/extensions/redhat.java-1.0.0/server/plugins/org.eclipse.equinox.launcher_1.6.400.v20210924-0641.jar
Launcher Type: SUN_STANDARD

[Global flags]
    uintx AdaptiveSizePolicyWeight                 = 90                                        {product} {command line}
     bool BytecodeVerificationLocal                = false                                     {product} {command line}
     bool BytecodeVerificationRemote               = false                                     {product} {command line}
     intx CICompilerCount                          = 4                                         {product} {ergonomic}
    uintx GCTimeRatio                              = 4                                         {product} {command line}
   size_t InitialHeapSize                          = 104857600                                 {product} {command line}
   size_t MaxHeapSize                              = 1073741824                                {product} {command line}
   size_t MaxNewSize                               = 357564416                                 {product} {ergonomic}
   size_t MinHeapDeltaBytes                        = 524288                                    {product} {ergonomic}
   size_t NewSize                                  = 34603008                                  {product} {ergonomic}
    uintx NonNMethodCodeHeapSize                   = 5836300                                {pd product} {ergonomic}
    uintx NonProfiledCodeHeapSize                  = 122910970                              {pd product} {ergonomic}
   size_t OldSize                                  = 70254592                                  {product} {ergonomic}
    uintx ProfiledCodeHeapSize                     = 122910970                              {pd product} {ergonomic}
    uintx ReservedCodeCacheSize                    = 251658240                              {pd product} {ergonomic}
     bool SegmentedCodeCache                       = true                                      {product} {ergonomic}
     bool UseCompressedClassPointers               = true                                 {lp64_product} {ergonomic}
     bool UseCompressedOops                        = true                                 {lp64_product} {ergonomic}
     bool UseParallelGC                            = true                                      {product} {command line}

Logging:
Log output configuration:
 #0: stdout all=warning uptime,level,tags
 #1: stderr all=off uptime,level,tags

Environment Variables:
PATH=/home/luciano/.sdkman/candidates/gradle/current/bin:/home/luciano/.config/nvm/versions/node/v14.15.4/bin:/usr/local/sbin:/usr/local/bin:/usr/sbin:/usr/bin:/sbin:/bin:/usr/games:/usr/local/games:/snap/bin
SHELL=/bin/bash
DISPLAY=:0
LANG=es_UY.UTF-8

Signal Handlers:
SIGSEGV: [libjvm.so+0xe8ba00], sa_mask[0]=11111111011111111101111111111110, sa_flags=SA_RESTART|SA_SIGINFO
SIGBUS: [libjvm.so+0xe8ba00], sa_mask[0]=11111111011111111101111111111110, sa_flags=SA_RESTART|SA_SIGINFO
SIGFPE: [libjvm.so+0xe8ba00], sa_mask[0]=11111111011111111101111111111110, sa_flags=SA_RESTART|SA_SIGINFO
SIGPIPE: [libjvm.so+0xbd10f0], sa_mask[0]=11111111011111111101111111111110, sa_flags=SA_RESTART|SA_SIGINFO
SIGXFSZ: [libjvm.so+0xbd10f0], sa_mask[0]=11111111011111111101111111111110, sa_flags=SA_RESTART|SA_SIGINFO
SIGILL: [libjvm.so+0xe8ba00], sa_mask[0]=11111111011111111101111111111110, sa_flags=SA_RESTART|SA_SIGINFO
SIGUSR2: [libjvm.so+0xbd0f90], sa_mask[0]=00000000000000000000000000000000, sa_flags=SA_RESTART|SA_SIGINFO
SIGHUP: [libjvm.so+0xbd1430], sa_mask[0]=11111111011111111101111111111110, sa_flags=SA_RESTART|SA_SIGINFO
SIGINT: [libjvm.so+0xbd1430], sa_mask[0]=11111111011111111101111111111110, sa_flags=SA_RESTART|SA_SIGINFO
SIGTERM: [libjvm.so+0xbd1430], sa_mask[0]=11111111011111111101111111111110, sa_flags=SA_RESTART|SA_SIGINFO
SIGQUIT: [libjvm.so+0xbd1430], sa_mask[0]=11111111011111111101111111111110, sa_flags=SA_RESTART|SA_SIGINFO


---------------  S Y S T E M  ---------------

OS:DISTRIB_ID=Ubuntu
DISTRIB_RELEASE=20.04
DISTRIB_CODENAME=focal
DISTRIB_DESCRIPTION="Ubuntu 20.04.3 LTS"
uname:Linux 5.4.0-86-generic #97-Ubuntu SMP Fri Sep 17 19:19:40 UTC 2021 x86_64
OS uptime: 0 days 1:02 hours
libc:glibc 2.31 NPTL 2.31 
rlimit (soft/hard): STACK 8192k/infinity , CORE 0k/infinity , NPROC 63433/63433 , NOFILE 1048576/1048576 , AS infinity/infinity , CPU infinity/infinity , DATA infinity/infinity , FSIZE infinity/infinity , MEMLOCK 65536k/65536k
load average:2,06 1,02 0,78

/proc/meminfo:
MemTotal:       16399988 kB
MemFree:         6429440 kB
MemAvailable:   10002172 kB
Buffers:          376340 kB
Cached:          3463632 kB
SwapCached:            0 kB
Active:          4453156 kB
Inactive:        2230060 kB
Active(anon):    2858696 kB
Inactive(anon):   110388 kB
Active(file):    1594460 kB
Inactive(file):  2119672 kB
Unevictable:          32 kB
Mlocked:              32 kB
SwapTotal:             0 kB
SwapFree:              0 kB
Dirty:              1308 kB
Writeback:            40 kB
AnonPages:       2843508 kB
Mapped:           837620 kB
Shmem:            128156 kB
KReclaimable:     194536 kB
Slab:             422152 kB
SReclaimable:     194536 kB
SUnreclaim:       227616 kB
KernelStack:       22364 kB
PageTables:        33552 kB
NFS_Unstable:          0 kB
Bounce:                0 kB
WritebackTmp:          0 kB
CommitLimit:     6889272 kB
Committed_AS:   10579448 kB
VmallocTotal:   34359738367 kB
VmallocUsed:       41124 kB
VmallocChunk:          0 kB
Percpu:            33152 kB
HardwareCorrupted:     0 kB
AnonHugePages:         0 kB
ShmemHugePages:        0 kB
ShmemPmdMapped:        0 kB
FileHugePages:         0 kB
FilePmdMapped:         0 kB
CmaTotal:              0 kB
CmaFree:               0 kB
HugePages_Total:    1280
HugePages_Free:     1280
HugePages_Rsvd:        0
HugePages_Surp:        0
Hugepagesize:       2048 kB
Hugetlb:         2621440 kB
DirectMap4k:      518116 kB
DirectMap2M:     9912320 kB
DirectMap1G:     7340032 kB

/sys/kernel/mm/transparent_hugepage/enabled:
always [madvise] never
/sys/kernel/mm/transparent_hugepage/defrag (defrag/compaction efforts parameter):
always defer defer+madvise [madvise] never

Process Memory:
Virtual Size: 6248660K (peak: 12135140K)
Resident Set Size: 220672K (peak: 222244K) (anon: 188688K, file: 31984K, shmem: 0K)
Swapped out: 0K
C-Heap outstanding allocations: 62316K

/proc/sys/kernel/threads-max (system-wide limit on the number of threads):
126866
/proc/sys/vm/max_map_count (maximum number of memory map areas a process may have):
65530
/proc/sys/kernel/pid_max (system-wide limit on number of process identifiers):
4194304

container (cgroup) information:
container_type: cgroupv1
cpu_cpuset_cpus: 0-11
cpu_memory_nodes: 0
active_processor_count: 12
cpu_quota: -1
cpu_period: 100000
cpu_shares: -1
memory_limit_in_bytes: -1
memory_and_swap_limit_in_bytes: -2
memory_soft_limit_in_bytes: -1
memory_usage_in_bytes: 4090175488
memory_max_usage_in_bytes: 4890345472

Steal ticks since vm start: 0
Steal ticks percentage since vm start:  0,000

CPU:total 12 (initial active 12) (12 cores per cpu, 2 threads per core) family 23 model 1 stepping 1 microcode 0x8001138, cmov, cx8, fxsr, mmx, sse, sse2, sse3, ssse3, sse4.1, sse4.2, popcnt, avx, avx2, aes, clmul, mmxext, 3dnowpref, lzcnt, sse4a, ht, tsc, tscinvbit, tscinv, bmi1, bmi2, 
CPU Model and flags from /proc/cpuinfo:
model name	: AMD Ryzen 5 1600 Six-Core Processor
flags		: fpu vme de pse tsc msr pae mce cx8 apic sep mtrr pge mca cmov pat pse36 clflush mmx fxsr sse sse2 ht syscall nx mmxext fxsr_opt pdpe1gb rdtscp lm constant_tsc rep_good nopl nonstop_tsc cpuid extd_apicid aperfmperf pni pclmulqdq monitor ssse3 fma cx16 sse4_1 sse4_2 movbe popcnt aes xsave avx f16c rdrand lahf_lm cmp_legacy svm extapic cr8_legacy abm sse4a misalignsse 3dnowprefetch osvw skinit wdt tce topoext perfctr_core perfctr_nb bpext perfctr_llc mwaitx cpb hw_pstate sme ssbd sev ibpb vmmcall fsgsbase bmi1 avx2 smep bmi2 rdseed adx smap clflushopt sha_ni xsaveopt xsavec xgetbv1 xsaves clzero irperf xsaveerptr arat npt lbrv svm_lock nrip_save tsc_scale vmcb_clean flushbyasid decodeassists pausefilter pfthreshold avic v_vmsave_vmload vgif overflow_recov succor smca
Online cpus:
0-11
Offline cpus:
12-31
BIOS frequency limitation:
<Not Available>
Frequency switch latency (ns):
<Not Available>
Available cpu frequencies:
<Not Available>
Current governor:
<Not Available>
Core performance/turbo boost:
<Not Available>

Memory: 4k page, physical 16399988k(6429440k free), swap 0k(0k free)

vm_info: OpenJDK 64-Bit Server VM (11.0.11+9-Ubuntu-0ubuntu2.20.04) for linux-amd64 JRE (11.0.11+9-Ubuntu-0ubuntu2.20.04), built on Apr 21 2021 09:15:32 by "unknown" with gcc 9.3.0

END.
