#
# A fatal error has been detected by the Java Runtime Environment:
#
#  SIGSEGV (0xb) at pc=0x00007ff5abc1d2d9, pid=20656, tid=20770
#
# JRE version: OpenJDK Runtime Environment (11.0.11+9) (build 11.0.11+9-Ubuntu-0ubuntu2.20.04)
# Java VM: OpenJDK 64-Bit Server VM (11.0.11+9-Ubuntu-0ubuntu2.20.04, mixed mode, sharing, tiered, compressed oops, parallel gc, linux-amd64)
# Problematic frame:
# V  [libjvm.so+0x5582d9]
#
# Core dump will be written. Default location: Core dumps may be processed with "/usr/share/apport/apport %p %s %c %d %P %E" (or dumping to /home/luciano/Desktop/fing/tprog/tpgr19/core.20656)
#
# If you would like to submit a bug report, please visit:
#   https://bugs.launchpad.net/ubuntu/+source/openjdk-lts
#

---------------  S U M M A R Y ------------

Command Line: --add-modules=ALL-SYSTEM --add-opens=java.base/java.util=ALL-UNNAMED --add-opens=java.base/java.lang=ALL-UNNAMED -Declipse.application=org.eclipse.jdt.ls.core.id1 -Dosgi.bundles.defaultStartLevel=4 -Declipse.product=org.eclipse.jdt.ls.core.product -Dfile.encoding=utf8 -XX:+UseParallelGC -XX:GCTimeRatio=4 -XX:AdaptiveSizePolicyWeight=90 -Dsun.zip.disableMemoryMapping=true -Xmx1G -Xms100m -Xverify:none /home/luciano/.vscode/extensions/redhat.java-1.0.0/server/plugins/org.eclipse.equinox.launcher_1.6.400.v20210924-0641.jar -configuration /home/luciano/.config/Code/User/globalStorage/redhat.java/1.0.0/config_ss_linux -data /home/luciano/.config/Code/User/workspaceStorage/0e4c054c09ae2116ef8cd654f49414de/redhat.java/ss_ws

Host: AMD Ryzen 5 1600 Six-Core Processor, 12 cores, 15G, Ubuntu 20.04.3 LTS
Time: Tue Oct 19 16:54:32 2021 -03 elapsed time: 2.337326 seconds (0d 0h 0m 2s)

---------------  T H R E A D  ---------------

Current thread (0x00007ff56c2fd800):  JavaThread "C2 CompilerThread2" daemon [_thread_in_native, id=20770, stack(0x00007ff5843be000,0x00007ff5844bf000)]


Current CompileTask:
C2:   2337 2937       4       jdk.internal.jimage.ImageReader$SharedImageReader$$Lambda$195/0x00000008402b7440::visit (13 bytes)

Stack: [0x00007ff5843be000,0x00007ff5844bf000],  sp=0x00007ff5844ba550,  free space=1009k
Native frames: (J=compiled Java code, A=aot compiled Java code, j=interpreted, Vv=VM code, C=native code)
V  [libjvm.so+0x5582d9]
V  [libjvm.so+0x55ac8f]
V  [libjvm.so+0x60ca75]
V  [libjvm.so+0x610770]
V  [libjvm.so+0x53793f]
V  [libjvm.so+0x6190e1]
V  [libjvm.so+0x61a2b8]
V  [libjvm.so+0xe2105f]
V  [libjvm.so+0xe1d690]
V  [libjvm.so+0xbdac76]


siginfo: si_signo: 11 (SIGSEGV), si_code: 1 (SEGV_MAPERR), si_addr: 0x00000000000000b0

Register to memory mapping:

RAX=0x0 is NULL
RBX=0x0000000000000004 is an unknown value
RCX=0x00007ff5aba0b2e0: <offset 0x00000000003462e0> in /usr/lib/jvm/java-11-openjdk-amd64/lib/server/libjvm.so at 0x00007ff5ab6c5000
RDX=0x00007ff56c0905e0 points into unknown readable memory: 0x00007ff55c51bd40 | 40 bd 51 5c f5 7f 00 00
RSP=0x00007ff5844ba550 is pointing into the stack for thread: 0x00007ff56c2fd800
RBP=0x00007ff5844ba620 is pointing into the stack for thread: 0x00007ff56c2fd800
RSI=0x0 is NULL
RDI=0x00007ff56c057660 points into unknown readable memory: 0x00007ff5ac8c1a38 | 38 1a 8c ac f5 7f 00 00
R8 =0x00007ff5680c4ee8 points into unknown readable memory: 0x00007ff5ac8585e0 | e0 85 85 ac f5 7f 00 00
R9 =0x00007ff55c4f2090 points into unknown readable memory: 0x00007ff5ac81d5b0 | b0 d5 81 ac f5 7f 00 00
R10=0x00007ff5844baa00 is pointing into the stack for thread: 0x00007ff56c2fd800
R11=0x000000000000000a is an unknown value
R12=0x000000000000000c is an unknown value
R13=0x00007ff5844baa00 is pointing into the stack for thread: 0x00007ff56c2fd800
R14=0x00007ff568047be8 points into unknown readable memory: 0x0000000000000000 | 00 00 00 00 00 00 00 00
R15=0x00007ff500253c58 points into unknown readable memory: 0x00007ff5ac81d5b0 | b0 d5 81 ac f5 7f 00 00


Registers:
RAX=0x0000000000000000, RBX=0x0000000000000004, RCX=0x00007ff5aba0b2e0, RDX=0x00007ff56c0905e0
RSP=0x00007ff5844ba550, RBP=0x00007ff5844ba620, RSI=0x0000000000000000, RDI=0x00007ff56c057660
R8 =0x00007ff5680c4ee8, R9 =0x00007ff55c4f2090, R10=0x00007ff5844baa00, R11=0x000000000000000a
R12=0x000000000000000c, R13=0x00007ff5844baa00, R14=0x00007ff568047be8, R15=0x00007ff500253c58
RIP=0x00007ff5abc1d2d9, EFLAGS=0x0000000000010216, CSGSFS=0x002b000000000033, ERR=0x0000000000000004
  TRAPNO=0x000000000000000e

Top of Stack: (sp=0x00007ff5844ba550)
0x00007ff5844ba550:   0000000000002490 00007ff500000009
0x00007ff5844ba560:   0000000000000000 00007ff55c517818
0x00007ff5844ba570:   00007ff5844ba590 0000000000000000
0x00007ff5844ba580:   00007ff500000007 0000004f280764f0 

Instructions: (pc=0x00007ff5abc1d2d9)
0x00007ff5abc1d1d9:   a2 9c 00 48 89 e5 41 57 49 89 ff 41 56 48 8d 85
0x00007ff5abc1d1e9:   70 ff ff ff 41 55 48 89 c7 41 54 53 48 81 ec a8
0x00007ff5abc1d1f9:   00 00 00 48 89 85 50 ff ff ff 48 8d 05 f6 7f d2
0x00007ff5abc1d209:   00 48 8d 90 a0 02 00 00 e8 9a f2 0a 00 49 8b 57
0x00007ff5abc1d219:   48 31 c0 48 8b 72 18 8b 4e 18 85 c9 74 07 48 8b
0x00007ff5abc1d229:   46 20 48 8b 00 48 8b 40 08 4d 89 fd c7 85 6c ff
0x00007ff5abc1d239:   ff ff 00 00 00 00 48 8b 40 08 48 8b 40 08 48 8b
0x00007ff5abc1d249:   40 18 48 89 85 48 ff ff ff 8b 42 40 85 c0 0f 84
0x00007ff5abc1d259:   b1 01 00 00 8b 85 6c ff ff ff 48 8b 52 30 31 db
0x00007ff5abc1d269:   4c 8b 3c c2 41 8b 47 28 44 8d 60 ff 45 3b 67 18
0x00007ff5abc1d279:   73 0b 49 8b 57 20 44 89 e0 48 8b 1c c2 48 8b 03
0x00007ff5abc1d289:   48 89 df ff 50 20 48 39 c3 74 04 45 2b 67 48 bb
0x00007ff5abc1d299:   01 00 00 00 45 85 e4 75 1a e9 f6 00 00 00 66 0f
0x00007ff5abc1d2a9:   1f 84 00 00 00 00 00 83 c3 01 44 39 e3 0f 87 e1
0x00007ff5abc1d2b9:   00 00 00 45 31 f6 41 39 5f 18 76 0a 49 8b 57 20
0x00007ff5abc1d2c9:   89 d8 4c 8b 34 c2 49 8b 06 48 8d 0d 07 e0 de ff
0x00007ff5abc1d2d9:   48 8b 80 b0 00 00 00 48 39 c8 74 cb 4c 89 f7 ff
0x00007ff5abc1d2e9:   d0 89 c6 83 f8 ff 74 bf 4c 89 f7 e8 37 30 54 00
0x00007ff5abc1d2f9:   49 8b 56 08 89 c0 4c 8b 04 c2 48 8d 0c c5 00 00
0x00007ff5abc1d309:   00 00 31 c0 49 63 50 28 41 3b 95 10 01 00 00 73
0x00007ff5abc1d319:   4c 49 8b b5 28 01 00 00 8b 14 96 85 d2 74 3e 41
0x00007ff5abc1d329:   3b 95 e8 00 00 00 0f 83 fb 00 00 00 49 8b bd 08
0x00007ff5abc1d339:   01 00 00 48 63 c2 8b 04 87 39 c2 0f 84 e6 00 00
0x00007ff5abc1d349:   00 66 0f 1f 44 00 00 48 63 f0 89 c2 8b 04 b7 39
0x00007ff5abc1d359:   c2 75 f4 89 c0 48 8d 04 80 48 c1 e0 05 49 8b 55
0x00007ff5abc1d369:   70 be 01 00 00 00 48 03 42 20 0f b7 90 94 00 00
0x00007ff5abc1d379:   00 29 d6 03 70 30 48 8d 05 a2 83 cf 00 39 30 7e
0x00007ff5abc1d389:   36 83 c3 01 83 05 cc 30 d0 00 01 44 39 e3 0f 86
0x00007ff5abc1d399:   1f ff ff ff 49 8b 55 48 83 85 6c ff ff ff 01 8b
0x00007ff5abc1d3a9:   85 6c ff ff ff 3b 42 40 0f 82 a6 fe ff ff eb 55
0x00007ff5abc1d3b9:   0f 1f 80 00 00 00 00 4c 89 ef 4c 89 85 58 ff ff
0x00007ff5abc1d3c9:   ff 48 89 8d 60 ff ff ff e8 1a 1d 72 00 4d 8b 4d 


Stack slot to memory mapping:
stack at sp + 0 slots: 0x0000000000002490 is an unknown value
stack at sp + 1 slots: 0x00007ff500000009 points into unknown readable memory: 00 00 00 00 00 00 00
stack at sp + 2 slots: 0x0 is NULL
stack at sp + 3 slots: 0x00007ff55c517818 points into unknown readable memory: 0x00007ff5ac8c3300 | 00 33 8c ac f5 7f 00 00
stack at sp + 4 slots: 0x00007ff5844ba590 is pointing into the stack for thread: 0x00007ff56c2fd800
stack at sp + 5 slots: 0x0 is NULL
stack at sp + 6 slots: 0x00007ff500000007 points into unknown readable memory: 00
stack at sp + 7 slots: 0x0000004f280764f0 is an unknown value


---------------  P R O C E S S  ---------------

Threads class SMR info:
_java_thread_list=0x00007ff5a45e1a50, length=22, elements={
0x00007ff5a4016000, 0x00007ff5a421f800, 0x00007ff5a4221800, 0x00007ff5a422c000,
0x00007ff5a422e000, 0x00007ff5a4230800, 0x00007ff5a4232800, 0x00007ff5a4234800,
0x00007ff5a428d800, 0x00007ff5a43af000, 0x00007ff5a4516800, 0x00007ff5a4557800,
0x00007ff5a455a800, 0x00007ff54c02f800, 0x00007ff54c0a9000, 0x00007ff54c1c6800,
0x00007ff54c212000, 0x00007ff52c001800, 0x00007ff56c2fc000, 0x00007ff56c2fd800,
0x00007ff5a455f000, 0x00007ff5a45e8000
}

Java Threads: ( => current thread )
  0x00007ff5a4016000 JavaThread "main" [_thread_blocked, id=20657, stack(0x00007ff5ab278000,0x00007ff5ab379000)]
  0x00007ff5a421f800 JavaThread "Reference Handler" daemon [_thread_blocked, id=20660, stack(0x00007ff5864e4000,0x00007ff5865e5000)]
  0x00007ff5a4221800 JavaThread "Finalizer" daemon [_thread_blocked, id=20661, stack(0x00007ff5863e3000,0x00007ff5864e4000)]
  0x00007ff5a422c000 JavaThread "Signal Dispatcher" daemon [_thread_blocked, id=20662, stack(0x00007ff585ae4000,0x00007ff585be5000)]
  0x00007ff5a422e000 JavaThread "Service Thread" daemon [_thread_blocked, id=20663, stack(0x00007ff5859e3000,0x00007ff585ae4000)]
  0x00007ff5a4230800 JavaThread "C2 CompilerThread0" daemon [_thread_in_native, id=20664, stack(0x00007ff5858e2000,0x00007ff5859e3000)]
  0x00007ff5a4232800 JavaThread "C1 CompilerThread0" daemon [_thread_blocked, id=20665, stack(0x00007ff5857e1000,0x00007ff5858e2000)]
  0x00007ff5a4234800 JavaThread "Sweeper thread" daemon [_thread_blocked, id=20666, stack(0x00007ff5856e0000,0x00007ff5857e1000)]
  0x00007ff5a428d800 JavaThread "Common-Cleaner" daemon [_thread_blocked, id=20681, stack(0x00007ff5855df000,0x00007ff5856e0000)]
  0x00007ff5a43af000 JavaThread "process reaper" daemon [_thread_blocked, id=20719, stack(0x00007ff5a8038000,0x00007ff5a805a000)]
  0x00007ff5a4516800 JavaThread "Active Thread: Equinox Container: 3d12b93c-53ca-4298-a177-d1c9dbb5715b" [_thread_blocked, id=20726, stack(0x00007ff5852db000,0x00007ff5853dc000)]
  0x00007ff5a4557800 JavaThread "Framework Event Dispatcher: Equinox Container: 3d12b93c-53ca-4298-a177-d1c9dbb5715b" daemon [_thread_blocked, id=20727, stack(0x00007ff5851da000,0x00007ff5852db000)]
  0x00007ff5a455a800 JavaThread "Start Level: Equinox Container: 3d12b93c-53ca-4298-a177-d1c9dbb5715b" daemon [_thread_blocked, id=20728, stack(0x00007ff5850d9000,0x00007ff5851da000)]
  0x00007ff54c02f800 JavaThread "SCR Component Actor" daemon [_thread_blocked, id=20730, stack(0x00007ff584dc7000,0x00007ff584ec8000)]
  0x00007ff54c0a9000 JavaThread "Timer-0" daemon [_thread_blocked, id=20739, stack(0x00007ff5847c0000,0x00007ff5848c1000)]
  0x00007ff54c1c6800 JavaThread "Worker-JM" [_thread_blocked, id=20742, stack(0x00007ff5844bf000,0x00007ff5845c0000)]
  0x00007ff54c212000 JavaThread "Worker-0" [_thread_blocked, id=20744, stack(0x00007ff5840bd000,0x00007ff5841be000)]
  0x00007ff52c001800 JavaThread "Worker-1: Initialize Workspace" [_thread_in_Java, id=20745, stack(0x00007ff527eff000,0x00007ff528000000)]
  0x00007ff56c2fc000 JavaThread "C2 CompilerThread1" daemon [_thread_blocked, id=20769, stack(0x00007ff5275f2000,0x00007ff5276f3000)]
=>0x00007ff56c2fd800 JavaThread "C2 CompilerThread2" daemon [_thread_in_native, id=20770, stack(0x00007ff5843be000,0x00007ff5844bf000)]
  0x00007ff5a455f000 JavaThread "pool-2-thread-1" [_thread_blocked, id=20772, stack(0x00007ff5853dc000,0x00007ff5854dd000)]
  0x00007ff5a45e8000 JavaThread "pool-1-thread-1" [_thread_blocked, id=20773, stack(0x00007ff5270f1000,0x00007ff5271f2000)]

Other Threads:
  0x00007ff5a421c800 VMThread "VM Thread" [stack: 0x00007ff5865e7000,0x00007ff5866e7000] [id=20659]
  0x00007ff5a42f1800 WatcherThread [stack: 0x00007ff5854df000,0x00007ff5855df000] [id=20687]
  0x00007ff5a402d800 GCTaskThread "ParGC Thread#0" [stack: 0x00007ff5aabcf000,0x00007ff5aaccf000] [id=20658]
  0x00007ff580001000 GCTaskThread "ParGC Thread#1" [stack: 0x00007ff584cc7000,0x00007ff584dc7000] [id=20731]
  0x00007ff580002800 GCTaskThread "ParGC Thread#2" [stack: 0x00007ff584bc5000,0x00007ff584cc5000] [id=20732]
  0x00007ff580004000 GCTaskThread "ParGC Thread#3" [stack: 0x00007ff584ac3000,0x00007ff584bc3000] [id=20733]
  0x00007ff580006000 GCTaskThread "ParGC Thread#4" [stack: 0x00007ff527bff000,0x00007ff527cff000] [id=20747]
  0x00007ff580007800 GCTaskThread "ParGC Thread#5" [stack: 0x00007ff527afd000,0x00007ff527bfd000] [id=20748]
  0x00007ff580009000 GCTaskThread "ParGC Thread#6" [stack: 0x00007ff5279fb000,0x00007ff527afb000] [id=20749]
  0x00007ff58000a800 GCTaskThread "ParGC Thread#7" [stack: 0x00007ff5278f9000,0x00007ff5279f9000] [id=20750]
  0x00007ff58000c000 GCTaskThread "ParGC Thread#8" [stack: 0x00007ff5277f7000,0x00007ff5278f7000] [id=20751]
  0x00007ff58000e000 GCTaskThread "ParGC Thread#9" [stack: 0x00007ff5276f5000,0x00007ff5277f5000] [id=20752]

Threads with active compile tasks:
C2 CompilerThread0   2341 2938       4       jdk.internal.jimage.ImageReader$SharedImageReader::lambda$handleModulesSubTree$1 (43 bytes)
C2 CompilerThread1   2341 2941       4       org.eclipse.jdt.internal.core.JarPackageFragmentRoot::initRawPackageInfo (349 bytes)
C2 CompilerThread2   2341 2937       4       jdk.internal.jimage.ImageReader$SharedImageReader$$Lambda$195/0x00000008402b7440::visit (13 bytes)

VM state:not at safepoint (normal execution)

VM Mutex/Monitor currently owned by a thread: None

Heap address: 0x00000000c0000000, size: 1024 MB, Compressed Oops mode: 32-bit
Narrow klass base: 0x0000000800000000, Narrow klass shift: 3
Compressed class space size: 1073741824 Address: 0x0000000840000000

Heap:
 PSYoungGen      total 28672K, used 8883K [0x00000000eab00000, 0x00000000ed480000, 0x0000000100000000)
  eden space 20480K, 3% used [0x00000000eab00000,0x00000000eabb4e10,0x00000000ebf00000)
  from space 8192K, 99% used [0x00000000ec900000,0x00000000ed0f8020,0x00000000ed100000)
  to   space 10240K, 0% used [0x00000000ebf00000,0x00000000ebf00000,0x00000000ec900000)
 ParOldGen       total 68608K, used 12405K [0x00000000c0000000, 0x00000000c4300000, 0x00000000eab00000)
  object space 68608K, 18% used [0x00000000c0000000,0x00000000c0c1d5e0,0x00000000c4300000)
 Metaspace       used 22843K, capacity 24774K, committed 24960K, reserved 1071104K
  class space    used 2264K, capacity 2906K, committed 2944K, reserved 1048576K

Card table byte_map: [0x00007ff5aae25000,0x00007ff5ab026000] _byte_map_base: 0x00007ff5aa825000

Marking Bits: (ParMarkBitMap*) 0x00007ff5ac9457e0
 Begin Bits: [0x00007ff5a8bcd000, 0x00007ff5a9bcd000)
 End Bits:   [0x00007ff5a9bcd000, 0x00007ff5aabcd000)

Polling page: 0x00007ff5acbad000

Metaspace:

Usage:
  Non-class:     21,36 MB capacity,    20,10 MB ( 94%) used,     1,20 MB (  6%) free+waste,    62,50 KB ( <1%) overhead. 
      Class:      2,84 MB capacity,     2,21 MB ( 78%) used,   609,01 KB ( 21%) free+waste,    32,50 KB (  1%) overhead. 
       Both:     24,19 MB capacity,    22,31 MB ( 92%) used,     1,79 MB (  7%) free+waste,    95,00 KB ( <1%) overhead. 

Virtual space:
  Non-class space:       22,00 MB reserved,      21,50 MB ( 98%) committed 
      Class space:        1,00 GB reserved,       2,88 MB ( <1%) committed 
             Both:        1,02 GB reserved,      24,38 MB (  2%) committed 

Chunk freelists:
   Non-Class:  80,00 KB
       Class:  6,00 KB
        Both:  86,00 KB

MaxMetaspaceSize: unlimited
CompressedClassSpaceSize: 1,00 GB

CodeHeap 'non-profiled nmethods': size=120032Kb used=1199Kb max_used=1199Kb free=118833Kb
 bounds [0x00007ff594340000, 0x00007ff5945b0000, 0x00007ff59b878000]
CodeHeap 'profiled nmethods': size=120028Kb used=6162Kb max_used=6162Kb free=113865Kb
 bounds [0x00007ff58ce09000, 0x00007ff58d419000, 0x00007ff594340000]
CodeHeap 'non-nmethods': size=5700Kb used=1209Kb max_used=1216Kb free=4490Kb
 bounds [0x00007ff58c878000, 0x00007ff58cae8000, 0x00007ff58ce09000]
 total_blobs=3507 nmethods=2961 adapters=458
 compilation: enabled
              stopped_count=0, restarted_count=0
 full_count=0

Compilation events (20 events):
Event: 2,257 Thread 0x00007ff5a4232800 2971       1       org.eclipse.jdt.internal.compiler.classfmt.ModuleInfo$ModuleReferenceInfo::name (5 bytes)
Event: 2,257 Thread 0x00007ff5a4232800 nmethod 2971 0x00007ff594463390 code [0x00007ff594463540, 0x00007ff594463610]
Event: 2,260 Thread 0x00007ff5a4232800 2973       1       org.eclipse.jdt.internal.core.OpenableElementInfo::getChildren (5 bytes)
Event: 2,260 Thread 0x00007ff5a4232800 nmethod 2973 0x00007ff594463690 code [0x00007ff594463840, 0x00007ff594463910]
Event: 2,260 Thread 0x00007ff5a4232800 2974       1       org.eclipse.jdt.internal.core.NamedMember::getElementName (5 bytes)
Event: 2,260 Thread 0x00007ff5a4232800 nmethod 2974 0x00007ff594463990 code [0x00007ff594463b40, 0x00007ff594463c10]
Event: 2,261 Thread 0x00007ff5a4232800 2975       2       org.eclipse.jdt.internal.core.util.HashtableOfArrayToObject::get (69 bytes)
Event: 2,262 Thread 0x00007ff5a4232800 nmethod 2975 0x00007ff58d40ca10 code [0x00007ff58d40cbe0, 0x00007ff58d40ced0]
Event: 2,271 Thread 0x00007ff56c2fd800 nmethod 2914 0x00007ff594463c90 code [0x00007ff594463ee0, 0x00007ff594465448]
Event: 2,271 Thread 0x00007ff56c2fd800 2961       4       org.eclipse.jdt.internal.compiler.classfmt.ClassFileStruct::utf8At (171 bytes)
Event: 2,276 Thread 0x00007ff56c2fd800 nmethod 2961 0x00007ff594466210 code [0x00007ff5944663c0, 0x00007ff5944667d8]
Event: 2,276 Thread 0x00007ff56c2fd800 2878       4       org.eclipse.jdt.internal.compiler.classfmt.ClassFileStruct::u2At (35 bytes)
Event: 2,277 Thread 0x00007ff56c2fd800 nmethod 2878 0x00007ff594466990 code [0x00007ff594466b20, 0x00007ff594466bf8]
Event: 2,277 Thread 0x00007ff56c2fd800 2937       4       jdk.internal.jimage.ImageReader$SharedImageReader$$Lambda$195/0x00000008402b7440::visit (13 bytes)
Event: 2,295 Thread 0x00007ff5a4230800 nmethod 2951 0x00007ff594466d10 code [0x00007ff594467000, 0x00007ff594468fe0]
Event: 2,295 Thread 0x00007ff5a4230800 2976       4       org.eclipse.jdt.internal.core.util.HashtableOfArrayToObject::get (69 bytes)
Event: 2,308 Thread 0x00007ff5a4232800 2977       3       java.nio.ByteBuffer::get (54 bytes)
Event: 2,308 Thread 0x00007ff5a4230800 nmethod 2976 0x00007ff59446aa10 code [0x00007ff59446abe0, 0x00007ff59446b3d8]
Event: 2,308 Thread 0x00007ff5a4230800 2938       4       jdk.internal.jimage.ImageReader$SharedImageReader::lambda$handleModulesSubTree$1 (43 bytes)
Event: 2,308 Thread 0x00007ff5a4232800 nmethod 2977 0x00007ff58d40d110 code [0x00007ff58d40d320, 0x00007ff58d40d8a0]

GC Heap History (16 events):
Event: 0,557 GC heap before
{Heap before GC invocations=1 (full 0):
 PSYoungGen      total 29696K, used 25600K [0x00000000eab00000, 0x00000000ecc00000, 0x0000000100000000)
  eden space 25600K, 100% used [0x00000000eab00000,0x00000000ec400000,0x00000000ec400000)
  from space 4096K, 0% used [0x00000000ec800000,0x00000000ec800000,0x00000000ecc00000)
  to   space 4096K, 0% used [0x00000000ec400000,0x00000000ec400000,0x00000000ec800000)
 ParOldGen       total 68608K, used 0K [0x00000000c0000000, 0x00000000c4300000, 0x00000000eab00000)
  object space 68608K, 0% used [0x00000000c0000000,0x00000000c0000000,0x00000000c4300000)
 Metaspace       used 6914K, capacity 7598K, committed 7808K, reserved 1056768K
  class space    used 673K, capacity 795K, committed 896K, reserved 1048576K
}
Event: 0,566 GC heap after
{Heap after GC invocations=1 (full 0):
 PSYoungGen      total 29696K, used 4075K [0x00000000eab00000, 0x00000000ecc00000, 0x0000000100000000)
  eden space 25600K, 0% used [0x00000000eab00000,0x00000000eab00000,0x00000000ec400000)
  from space 4096K, 99% used [0x00000000ec400000,0x00000000ec7fada8,0x00000000ec800000)
  to   space 4096K, 0% used [0x00000000ec800000,0x00000000ec800000,0x00000000ecc00000)
 ParOldGen       total 68608K, used 24K [0x00000000c0000000, 0x00000000c4300000, 0x00000000eab00000)
  object space 68608K, 0% used [0x00000000c0000000,0x00000000c0006000,0x00000000c4300000)
 Metaspace       used 6914K, capacity 7598K, committed 7808K, reserved 1056768K
  class space    used 673K, capacity 795K, committed 896K, reserved 1048576K
}
Event: 0,946 GC heap before
{Heap before GC invocations=2 (full 0):
 PSYoungGen      total 29696K, used 29675K [0x00000000eab00000, 0x00000000ecc00000, 0x0000000100000000)
  eden space 25600K, 100% used [0x00000000eab00000,0x00000000ec400000,0x00000000ec400000)
  from space 4096K, 99% used [0x00000000ec400000,0x00000000ec7fada8,0x00000000ec800000)
  to   space 4096K, 0% used [0x00000000ec800000,0x00000000ec800000,0x00000000ecc00000)
 ParOldGen       total 68608K, used 24K [0x00000000c0000000, 0x00000000c4300000, 0x00000000eab00000)
  object space 68608K, 0% used [0x00000000c0000000,0x00000000c0006000,0x00000000c4300000)
 Metaspace       used 15300K, capacity 16386K, committed 16768K, reserved 1064960K
  class space    used 1429K, capacity 1794K, committed 1920K, reserved 1048576K
}
Event: 0,955 GC heap after
{Heap after GC invocations=2 (full 0):
 PSYoungGen      total 29696K, used 4068K [0x00000000eab00000, 0x00000000ecc00000, 0x0000000100000000)
  eden space 25600K, 0% used [0x00000000eab00000,0x00000000eab00000,0x00000000ec400000)
  from space 4096K, 99% used [0x00000000ec800000,0x00000000ecbf9328,0x00000000ecc00000)
  to   space 4096K, 0% used [0x00000000ec400000,0x00000000ec400000,0x00000000ec800000)
 ParOldGen       total 68608K, used 3027K [0x00000000c0000000, 0x00000000c4300000, 0x00000000eab00000)
  object space 68608K, 4% used [0x00000000c0000000,0x00000000c02f4dc0,0x00000000c4300000)
 Metaspace       used 15300K, capacity 16386K, committed 16768K, reserved 1064960K
  class space    used 1429K, capacity 1794K, committed 1920K, reserved 1048576K
}
Event: 1,709 GC heap before
{Heap before GC invocations=3 (full 0):
 PSYoungGen      total 29696K, used 19289K [0x00000000eab00000, 0x00000000ecc00000, 0x0000000100000000)
  eden space 25600K, 59% used [0x00000000eab00000,0x00000000eb9dd220,0x00000000ec400000)
  from space 4096K, 99% used [0x00000000ec800000,0x00000000ecbf9328,0x00000000ecc00000)
  to   space 4096K, 0% used [0x00000000ec400000,0x00000000ec400000,0x00000000ec800000)
 ParOldGen       total 68608K, used 3027K [0x00000000c0000000, 0x00000000c4300000, 0x00000000eab00000)
  object space 68608K, 4% used [0x00000000c0000000,0x00000000c02f4dc0,0x00000000c4300000)
 Metaspace       used 19595K, capacity 21119K, committed 21248K, reserved 1069056K
  class space    used 1927K, capacity 2524K, committed 2560K, reserved 1048576K
}
Event: 1,717 GC heap after
{Heap after GC invocations=3 (full 0):
 PSYoungGen      total 29696K, used 4077K [0x00000000eab00000, 0x00000000ecc00000, 0x0000000100000000)
  eden space 25600K, 0% used [0x00000000eab00000,0x00000000eab00000,0x00000000ec400000)
  from space 4096K, 99% used [0x00000000ec400000,0x00000000ec7fb4a8,0x00000000ec800000)
  to   space 4096K, 0% used [0x00000000ec800000,0x00000000ec800000,0x00000000ecc00000)
 ParOldGen       total 68608K, used 4827K [0x00000000c0000000, 0x00000000c4300000, 0x00000000eab00000)
  object space 68608K, 7% used [0x00000000c0000000,0x00000000c04b6e48,0x00000000c4300000)
 Metaspace       used 19595K, capacity 21119K, committed 21248K, reserved 1069056K
  class space    used 1927K, capacity 2524K, committed 2560K, reserved 1048576K
}
Event: 1,717 GC heap before
{Heap before GC invocations=4 (full 1):
 PSYoungGen      total 29696K, used 4077K [0x00000000eab00000, 0x00000000ecc00000, 0x0000000100000000)
  eden space 25600K, 0% used [0x00000000eab00000,0x00000000eab00000,0x00000000ec400000)
  from space 4096K, 99% used [0x00000000ec400000,0x00000000ec7fb4a8,0x00000000ec800000)
  to   space 4096K, 0% used [0x00000000ec800000,0x00000000ec800000,0x00000000ecc00000)
 ParOldGen       total 68608K, used 4827K [0x00000000c0000000, 0x00000000c4300000, 0x00000000eab00000)
  object space 68608K, 7% used [0x00000000c0000000,0x00000000c04b6e48,0x00000000c4300000)
 Metaspace       used 19595K, capacity 21119K, committed 21248K, reserved 1069056K
  class space    used 1927K, capacity 2524K, committed 2560K, reserved 1048576K
}
Event: 1,779 GC heap after
{Heap after GC invocations=4 (full 1):
 PSYoungGen      total 29696K, used 0K [0x00000000eab00000, 0x00000000ecc00000, 0x0000000100000000)
  eden space 25600K, 0% used [0x00000000eab00000,0x00000000eab00000,0x00000000ec400000)
  from space 4096K, 0% used [0x00000000ec400000,0x00000000ec400000,0x00000000ec800000)
  to   space 4096K, 0% used [0x00000000ec800000,0x00000000ec800000,0x00000000ecc00000)
 ParOldGen       total 68608K, used 8748K [0x00000000c0000000, 0x00000000c4300000, 0x00000000eab00000)
  object space 68608K, 12% used [0x00000000c0000000,0x00000000c088b340,0x00000000c4300000)
 Metaspace       used 19595K, capacity 21119K, committed 21248K, reserved 1069056K
  class space    used 1927K, capacity 2524K, committed 2560K, reserved 1048576K
}
Event: 2,082 GC heap before
{Heap before GC invocations=5 (full 1):
 PSYoungGen      total 29696K, used 25600K [0x00000000eab00000, 0x00000000ecc00000, 0x0000000100000000)
  eden space 25600K, 100% used [0x00000000eab00000,0x00000000ec400000,0x00000000ec400000)
  from space 4096K, 0% used [0x00000000ec400000,0x00000000ec400000,0x00000000ec800000)
  to   space 4096K, 0% used [0x00000000ec800000,0x00000000ec800000,0x00000000ecc00000)
 ParOldGen       total 68608K, used 8748K [0x00000000c0000000, 0x00000000c4300000, 0x00000000eab00000)
  object space 68608K, 12% used [0x00000000c0000000,0x00000000c088b340,0x00000000c4300000)
 Metaspace       used 22571K, capacity 24453K, committed 24704K, reserved 1071104K
  class space    used 2247K, capacity 2906K, committed 2944K, reserved 1048576K
}
Event: 2,085 GC heap after
{Heap after GC invocations=5 (full 1):
 PSYoungGen      total 29696K, used 2478K [0x00000000eab00000, 0x00000000ecc00000, 0x0000000100000000)
  eden space 25600K, 0% used [0x00000000eab00000,0x00000000eab00000,0x00000000ec400000)
  from space 4096K, 60% used [0x00000000ec800000,0x00000000eca6bbc0,0x00000000ecc00000)
  to   space 4096K, 0% used [0x00000000ec400000,0x00000000ec400000,0x00000000ec800000)
 ParOldGen       total 68608K, used 8756K [0x00000000c0000000, 0x00000000c4300000, 0x00000000eab00000)
  object space 68608K, 12% used [0x00000000c0000000,0x00000000c088d340,0x00000000c4300000)
 Metaspace       used 22571K, capacity 24453K, committed 24704K, reserved 1071104K
  class space    used 2247K, capacity 2906K, committed 2944K, reserved 1048576K
}
Event: 2,168 GC heap before
{Heap before GC invocations=6 (full 1):
 PSYoungGen      total 29696K, used 28078K [0x00000000eab00000, 0x00000000ecc00000, 0x0000000100000000)
  eden space 25600K, 100% used [0x00000000eab00000,0x00000000ec400000,0x00000000ec400000)
  from space 4096K, 60% used [0x00000000ec800000,0x00000000eca6bbc0,0x00000000ecc00000)
  to   space 4096K, 0% used [0x00000000ec400000,0x00000000ec400000,0x00000000ec800000)
 ParOldGen       total 68608K, used 8756K [0x00000000c0000000, 0x00000000c4300000, 0x00000000eab00000)
  object space 68608K, 12% used [0x00000000c0000000,0x00000000c088d340,0x00000000c4300000)
 Metaspace       used 22661K, capacity 24518K, committed 24704K, reserved 1071104K
  class space    used 2251K, capacity 2906K, committed 2944K, reserved 1048576K
}
Event: 2,171 GC heap after
{Heap after GC invocations=6 (full 1):
 PSYoungGen      total 29184K, used 4094K [0x00000000eab00000, 0x00000000ecd80000, 0x0000000100000000)
  eden space 25088K, 0% used [0x00000000eab00000,0x00000000eab00000,0x00000000ec380000)
  from space 4096K, 99% used [0x00000000ec400000,0x00000000ec7ffbd0,0x00000000ec800000)
  to   space 5120K, 0% used [0x00000000ec880000,0x00000000ec880000,0x00000000ecd80000)
 ParOldGen       total 68608K, used 9140K [0x00000000c0000000, 0x00000000c4300000, 0x00000000eab00000)
  object space 68608K, 13% used [0x00000000c0000000,0x00000000c08ed340,0x00000000c4300000)
 Metaspace       used 22661K, capacity 24518K, committed 24704K, reserved 1071104K
  class space    used 2251K, capacity 2906K, committed 2944K, reserved 1048576K
}
Event: 2,231 GC heap before
{Heap before GC invocations=7 (full 1):
 PSYoungGen      total 29184K, used 29182K [0x00000000eab00000, 0x00000000ecd80000, 0x0000000100000000)
  eden space 25088K, 100% used [0x00000000eab00000,0x00000000ec380000,0x00000000ec380000)
  from space 4096K, 99% used [0x00000000ec400000,0x00000000ec7ffbd0,0x00000000ec800000)
  to   space 5120K, 0% used [0x00000000ec880000,0x00000000ec880000,0x00000000ecd80000)
 ParOldGen       total 68608K, used 9140K [0x00000000c0000000, 0x00000000c4300000, 0x00000000eab00000)
  object space 68608K, 13% used [0x00000000c0000000,0x00000000c08ed340,0x00000000c4300000)
 Metaspace       used 22762K, capacity 24646K, committed 24960K, reserved 1071104K
  class space    used 2255K, capacity 2906K, committed 2944K, reserved 1048576K
}
Event: 2,239 GC heap after
{Heap after GC invocations=7 (full 1):
 PSYoungGen      total 28160K, used 5102K [0x00000000eab00000, 0x00000000ed100000, 0x0000000100000000)
  eden space 23040K, 0% used [0x00000000eab00000,0x00000000eab00000,0x00000000ec180000)
  from space 5120K, 99% used [0x00000000ec880000,0x00000000ecd7b838,0x00000000ecd80000)
  to   space 7168K, 0% used [0x00000000ec180000,0x00000000ec180000,0x00000000ec880000)
 ParOldGen       total 68608K, used 10436K [0x00000000c0000000, 0x00000000c4300000, 0x00000000eab00000)
  object space 68608K, 15% used [0x00000000c0000000,0x00000000c0a31370,0x00000000c4300000)
 Metaspace       used 22762K, capacity 24646K, committed 24960K, reserved 1071104K
  class space    used 2255K, capacity 2906K, committed 2944K, reserved 1048576K
}
Event: 2,290 GC heap before
{Heap before GC invocations=8 (full 1):
 PSYoungGen      total 28160K, used 28142K [0x00000000eab00000, 0x00000000ed100000, 0x0000000100000000)
  eden space 23040K, 100% used [0x00000000eab00000,0x00000000ec180000,0x00000000ec180000)
  from space 5120K, 99% used [0x00000000ec880000,0x00000000ecd7b838,0x00000000ecd80000)
  to   space 7168K, 0% used [0x00000000ec180000,0x00000000ec180000,0x00000000ec880000)
 ParOldGen       total 68608K, used 10436K [0x00000000c0000000, 0x00000000c4300000, 0x00000000eab00000)
  object space 68608K, 15% used [0x00000000c0000000,0x00000000c0a31370,0x00000000c4300000)
 Metaspace       used 22843K, capacity 24774K, committed 24960K, reserved 1071104K
  class space    used 2264K, capacity 2906K, committed 2944K, reserved 1048576K
}
Event: 2,294 GC heap after
{Heap after GC invocations=8 (full 1):
 PSYoungGen      total 29696K, used 7153K [0x00000000eab00000, 0x00000000ed100000, 0x0000000100000000)
  eden space 22528K, 0% used [0x00000000eab00000,0x00000000eab00000,0x00000000ec100000)
  from space 7168K, 99% used [0x00000000ec180000,0x00000000ec87c6e8,0x00000000ec880000)
  to   space 8192K, 0% used [0x00000000ec900000,0x00000000ec900000,0x00000000ed100000)
 ParOldGen       total 68608K, used 10977K [0x00000000c0000000, 0x00000000c4300000, 0x00000000eab00000)
  object space 68608K, 16% used [0x00000000c0000000,0x00000000c0ab86c8,0x00000000c4300000)
 Metaspace       used 22843K, capacity 24774K, committed 24960K, reserved 1071104K
  class space    used 2264K, capacity 2906K, committed 2944K, reserved 1048576K
}

Deoptimization events (20 events):
Event: 2,218 Thread 0x00007ff52c001800 Uncommon trap: trap_request=0xffffffbe fr.pc=0x00007ff594457790 relative=0x00000000000006b0
Event: 2,218 Thread 0x00007ff52c001800 Uncommon trap: reason=profile_predicate action=maybe_recompile pc=0x00007ff594457790 method=org.eclipse.jdt.internal.core.util.HashtableOfArrayToObject.getKey([Ljava/lang/Object;I)[Ljava/lang/Object; @ 61 c2
Event: 2,218 Thread 0x00007ff52c001800 DEOPT PACKING pc=0x00007ff594457790 sp=0x00007ff527ffd430
Event: 2,218 Thread 0x00007ff52c001800 DEOPT UNPACKING pc=0x00007ff58c89d2a5 sp=0x00007ff527ffd400 mode 2
Event: 2,249 Thread 0x00007ff52c001800 Uncommon trap: trap_request=0xffffffbe fr.pc=0x00007ff59445dd70 relative=0x0000000000000690
Event: 2,249 Thread 0x00007ff52c001800 Uncommon trap: reason=profile_predicate action=maybe_recompile pc=0x00007ff59445dd70 method=org.eclipse.jdt.internal.core.util.HashtableOfArrayToObject.get([Ljava/lang/Object;)Ljava/lang/Object; @ 64 c2
Event: 2,249 Thread 0x00007ff52c001800 DEOPT PACKING pc=0x00007ff59445dd70 sp=0x00007ff527ffd820
Event: 2,249 Thread 0x00007ff52c001800 DEOPT UNPACKING pc=0x00007ff58c89d2a5 sp=0x00007ff527ffd800 mode 2
Event: 2,250 Thread 0x00007ff52c001800 Uncommon trap: trap_request=0xffffffbe fr.pc=0x00007ff59445dd70 relative=0x0000000000000690
Event: 2,250 Thread 0x00007ff52c001800 Uncommon trap: reason=profile_predicate action=maybe_recompile pc=0x00007ff59445dd70 method=org.eclipse.jdt.internal.core.util.HashtableOfArrayToObject.get([Ljava/lang/Object;)Ljava/lang/Object; @ 64 c2
Event: 2,250 Thread 0x00007ff52c001800 DEOPT PACKING pc=0x00007ff59445dd70 sp=0x00007ff527ffd460
Event: 2,250 Thread 0x00007ff52c001800 DEOPT UNPACKING pc=0x00007ff58c89d2a5 sp=0x00007ff527ffd430 mode 2
Event: 2,251 Thread 0x00007ff52c001800 Uncommon trap: trap_request=0xffffffbe fr.pc=0x00007ff59445dd70 relative=0x0000000000000690
Event: 2,251 Thread 0x00007ff52c001800 Uncommon trap: reason=profile_predicate action=maybe_recompile pc=0x00007ff59445dd70 method=org.eclipse.jdt.internal.core.util.HashtableOfArrayToObject.get([Ljava/lang/Object;)Ljava/lang/Object; @ 64 c2
Event: 2,251 Thread 0x00007ff52c001800 DEOPT PACKING pc=0x00007ff59445dd70 sp=0x00007ff527ffd820
Event: 2,251 Thread 0x00007ff52c001800 DEOPT UNPACKING pc=0x00007ff58c89d2a5 sp=0x00007ff527ffd800 mode 2
Event: 2,252 Thread 0x00007ff52c001800 Uncommon trap: trap_request=0xffffffbe fr.pc=0x00007ff59445dd70 relative=0x0000000000000690
Event: 2,252 Thread 0x00007ff52c001800 Uncommon trap: reason=profile_predicate action=maybe_recompile pc=0x00007ff59445dd70 method=org.eclipse.jdt.internal.core.util.HashtableOfArrayToObject.get([Ljava/lang/Object;)Ljava/lang/Object; @ 64 c2
Event: 2,252 Thread 0x00007ff52c001800 DEOPT PACKING pc=0x00007ff59445dd70 sp=0x00007ff527ffd460
Event: 2,252 Thread 0x00007ff52c001800 DEOPT UNPACKING pc=0x00007ff58c89d2a5 sp=0x00007ff527ffd430 mode 2

Classes redefined (0 events):
No events

Internal exceptions (20 events):
Event: 0,616 Thread 0x00007ff5a455a800 Exception <a 'java/lang/NoSuchMethodError'{0x00000000eadfcd60}: 'java.lang.Object java.lang.invoke.DelegatingMethodHandle$Holder.reinvoke_L(java.lang.Object, int, int, java.lang.Object, java.lang.Object, java.lang.Object)'> (0x00000000eadfcd60) thrown at [src/hotspot/share/interpreter/linkResolver.cpp, line 772]
Event: 0,688 Thread 0x00007ff5a455a800 Exception <a 'java/io/FileNotFoundException'{0x00000000eb0fd3f8}> (0x00000000eb0fd3f8) thrown at [src/hotspot/share/prims/jni.cpp, line 615]
Event: 0,810 Thread 0x00007ff5a455a800 Exception <a 'java/lang/NoSuchMethodError'{0x00000000eb5b0e38}: 'void java.lang.invoke.DirectMethodHandle$Holder.invokeSpecial(java.lang.Object, java.lang.Object, java.lang.Object, java.lang.Object)'> (0x00000000eb5b0e38) thrown at [src/hotspot/share/interpreter/linkResolver.cpp, line 772]
Event: 0,813 Thread 0x00007ff5a455a800 Exception <a 'java/io/FileNotFoundException'{0x00000000eb5db528}> (0x00000000eb5db528) thrown at [src/hotspot/share/prims/jni.cpp, line 615]
Event: 0,874 Thread 0x00007ff5a455a800 Exception <a 'java/lang/NoSuchMethodError'{0x00000000eb8f2100}: 'int java.lang.invoke.DirectMethodHandle$Holder.invokeStaticInit(java.lang.Object, java.lang.Object, java.lang.Object)'> (0x00000000eb8f2100) thrown at [src/hotspot/share/interpreter/linkResolver.cpp, line 772]
Event: 0,878 Thread 0x00007ff5a455a800 Exception <a 'java/lang/IncompatibleClassChangeError'{0x00000000eb927008}: Found class java.lang.Object, but interface was expected> (0x00000000eb927008) thrown at [src/hotspot/share/interpreter/linkResolver.cpp, line 839]
Event: 0,983 Thread 0x00007ff5a455a800 Exception <a 'java/lang/ClassNotFoundException'{0x00000000eaf02140}: com/sun/org/apache/xerces/internal/impl/msg/spi/DOMMessagesProvider> (0x00000000eaf02140) thrown at [src/hotspot/share/classfile/systemDictionary.cpp, line 231]
Event: 0,986 Thread 0x00007ff5a455a800 Exception <a 'java/lang/ClassNotFoundException'{0x00000000eaf21d18}: com/sun/org/apache/xerces/internal/impl/msg/spi/XMLSerializerMessagesProvider> (0x00000000eaf21d18) thrown at [src/hotspot/share/classfile/systemDictionary.cpp, line 231]
Event: 0,987 Thread 0x00007ff5a455a800 Exception <a 'java/lang/ClassNotFoundException'{0x00000000eaf366b0}: com/sun/org/apache/xerces/internal/impl/msg/spi/XMLMessagesProvider> (0x00000000eaf366b0) thrown at [src/hotspot/share/classfile/systemDictionary.cpp, line 231]
Event: 1,546 Thread 0x00007ff5a455a800 Exception <a 'java/lang/ClassNotFoundException'{0x00000000eb24cc38}: com/sun/org/apache/xml/internal/serializer/spi/XMLEntitiesProvider> (0x00000000eb24cc38) thrown at [src/hotspot/share/classfile/systemDictionary.cpp, line 231]
Event: 1,608 Thread 0x00007ff5a455a800 Exception <a 'java/io/FileNotFoundException'{0x00000000eb4a4c10}> (0x00000000eb4a4c10) thrown at [src/hotspot/share/prims/jni.cpp, line 615]
Event: 1,613 Thread 0x00007ff5a455a800 Exception <a 'java/io/FileNotFoundException'{0x00000000eb502e80}> (0x00000000eb502e80) thrown at [src/hotspot/share/prims/jni.cpp, line 615]
Event: 1,618 Thread 0x00007ff5a455a800 Exception <a 'java/io/FileNotFoundException'{0x00000000eb53a0c0}> (0x00000000eb53a0c0) thrown at [src/hotspot/share/prims/jni.cpp, line 615]
Event: 1,820 Thread 0x00007ff5a45e8000 Exception <a 'java/io/FileNotFoundException'{0x00000000eacab648}> (0x00000000eacab648) thrown at [src/hotspot/share/prims/jni.cpp, line 615]
Event: 1,849 Thread 0x00007ff5a45e8000 Exception <a 'java/io/IOException'{0x00000000eae9e350}> (0x00000000eae9e350) thrown at [src/hotspot/share/prims/jni.cpp, line 615]
Event: 1,849 Thread 0x00007ff5a45e8000 Exception <a 'java/io/IOException'{0x00000000eae9e720}> (0x00000000eae9e720) thrown at [src/hotspot/share/prims/jni.cpp, line 615]
Event: 1,849 Thread 0x00007ff5a45e8000 Exception <a 'java/io/IOException'{0x00000000eae9ea68}> (0x00000000eae9ea68) thrown at [src/hotspot/share/prims/jni.cpp, line 615]
Event: 2,069 Thread 0x00007ff52c001800 Exception <a 'java/io/FileNotFoundException'{0x00000000ec145600}> (0x00000000ec145600) thrown at [src/hotspot/share/prims/jni.cpp, line 615]
Event: 2,069 Thread 0x00007ff52c001800 Exception <a 'java/io/FileNotFoundException'{0x00000000ec147150}> (0x00000000ec147150) thrown at [src/hotspot/share/prims/jni.cpp, line 615]
Event: 2,070 Thread 0x00007ff52c001800 Exception <a 'java/lang/NoSuchMethodError'{0x00000000ec14fde8}: 'void java.lang.invoke.DirectMethodHandle$Holder.invokeStaticInit(java.lang.Object, java.lang.Object, java.lang.Object)'> (0x00000000ec14fde8) thrown at [src/hotspot/share/interpreter/linkResolver.cpp, line 772]

Events (20 events):
Event: 2,070 loading class org/eclipse/osgi/service/debug/DebugOptions
Event: 2,070 loading class org/eclipse/osgi/service/debug/DebugOptions done
Event: 2,070 loading class org/eclipse/osgi/service/debug/DebugOptions
Event: 2,070 loading class org/eclipse/osgi/service/debug/DebugOptions done
Event: 2,071 loading class org/eclipse/core/runtime/ServiceCaller$ReferenceAndService
Event: 2,071 loading class org/eclipse/core/runtime/ServiceCaller$ReferenceAndService done
Event: 2,072 Executing VM operation: RevokeBias
Event: 2,072 Executing VM operation: RevokeBias done
Event: 2,082 Executing VM operation: ParallelGCFailedAllocation
Event: 2,086 Executing VM operation: ParallelGCFailedAllocation done
Event: 2,086 Executing VM operation: RevokeBias
Event: 2,086 Executing VM operation: RevokeBias done
Event: 2,086 Executing VM operation: RevokeBias
Event: 2,086 Executing VM operation: RevokeBias done
Event: 2,168 Executing VM operation: ParallelGCFailedAllocation
Event: 2,171 Executing VM operation: ParallelGCFailedAllocation done
Event: 2,231 Executing VM operation: ParallelGCFailedAllocation
Event: 2,239 Executing VM operation: ParallelGCFailedAllocation done
Event: 2,290 Executing VM operation: ParallelGCFailedAllocation
Event: 2,294 Executing VM operation: ParallelGCFailedAllocation done


Dynamic libraries:
c0000000-c4300000 rw-p 00000000 00:00 0 
c4300000-eab00000 ---p 00000000 00:00 0 
eab00000-ed480000 rw-p 00000000 00:00 0 
ed480000-100000000 ---p 00000000 00:00 0 
800000000-800002000 rwxp 00001000 103:03 15335726                        /usr/lib/jvm/java-11-openjdk-amd64/lib/server/classes.jsa
800002000-8003b9000 rw-p 00003000 103:03 15335726                        /usr/lib/jvm/java-11-openjdk-amd64/lib/server/classes.jsa
8003b9000-800a96000 r--p 003ba000 103:03 15335726                        /usr/lib/jvm/java-11-openjdk-amd64/lib/server/classes.jsa
800a96000-800a97000 rw-p 00a97000 103:03 15335726                        /usr/lib/jvm/java-11-openjdk-amd64/lib/server/classes.jsa
800a97000-8010a5000 r--p 00a98000 103:03 15335726                        /usr/lib/jvm/java-11-openjdk-amd64/lib/server/classes.jsa
840000000-8402e0000 rw-p 00000000 00:00 0 
8402e0000-880000000 ---p 00000000 00:00 0 
56094b59b000-56094b59c000 r--p 00000000 103:03 15340688                  /usr/lib/jvm/java-11-openjdk-amd64/bin/java
56094b59c000-56094b59d000 r-xp 00001000 103:03 15340688                  /usr/lib/jvm/java-11-openjdk-amd64/bin/java
56094b59d000-56094b59e000 r--p 00002000 103:03 15340688                  /usr/lib/jvm/java-11-openjdk-amd64/bin/java
56094b59e000-56094b59f000 r--p 00002000 103:03 15340688                  /usr/lib/jvm/java-11-openjdk-amd64/bin/java
56094b59f000-56094b5a0000 rw-p 00003000 103:03 15340688                  /usr/lib/jvm/java-11-openjdk-amd64/bin/java
56094ba19000-56094ba3a000 rw-p 00000000 00:00 0                          [heap]
7ff4f7878000-7ff500000000 r--s 00000000 103:03 15346079                  /usr/lib/jvm/java-11-openjdk-amd64/lib/modules
7ff500000000-7ff5003cf000 rw-p 00000000 00:00 0 
7ff5003cf000-7ff504000000 ---p 00000000 00:00 0 
7ff504000000-7ff504044000 rw-p 00000000 00:00 0 
7ff504044000-7ff508000000 ---p 00000000 00:00 0 
7ff508000000-7ff508021000 rw-p 00000000 00:00 0 
7ff508021000-7ff50c000000 ---p 00000000 00:00 0 
7ff50c000000-7ff50c021000 rw-p 00000000 00:00 0 
7ff50c021000-7ff510000000 ---p 00000000 00:00 0 
7ff510000000-7ff510021000 rw-p 00000000 00:00 0 
7ff510021000-7ff514000000 ---p 00000000 00:00 0 
7ff514000000-7ff514021000 rw-p 00000000 00:00 0 
7ff514021000-7ff518000000 ---p 00000000 00:00 0 
7ff518000000-7ff518021000 rw-p 00000000 00:00 0 
7ff518021000-7ff51c000000 ---p 00000000 00:00 0 
7ff51c000000-7ff51c021000 rw-p 00000000 00:00 0 
7ff51c021000-7ff520000000 ---p 00000000 00:00 0 
7ff520000000-7ff5200db000 rw-p 00000000 00:00 0 
7ff5200db000-7ff524000000 ---p 00000000 00:00 0 
7ff526ef1000-7ff527071000 rw-p 00000000 00:00 0 
7ff527071000-7ff5270f1000 ---p 00000000 00:00 0 
7ff5270f1000-7ff5270f5000 ---p 00000000 00:00 0 
7ff5270f5000-7ff5273f2000 rw-p 00000000 00:00 0 
7ff5273f2000-7ff5275f2000 rw-p 00000000 00:00 0 
7ff5275f2000-7ff5275f6000 ---p 00000000 00:00 0 
7ff5275f6000-7ff5276f3000 rw-p 00000000 00:00 0 
7ff5276f3000-7ff5276f4000 ---p 00000000 00:00 0 
7ff5276f4000-7ff5277f5000 rw-p 00000000 00:00 0 
7ff5277f5000-7ff5277f6000 ---p 00000000 00:00 0 
7ff5277f6000-7ff5278f7000 rw-p 00000000 00:00 0 
7ff5278f7000-7ff5278f8000 ---p 00000000 00:00 0 
7ff5278f8000-7ff5279f9000 rw-p 00000000 00:00 0 
7ff5279f9000-7ff5279fa000 ---p 00000000 00:00 0 
7ff5279fa000-7ff527afb000 rw-p 00000000 00:00 0 
7ff527afb000-7ff527afc000 ---p 00000000 00:00 0 
7ff527afc000-7ff527bfd000 rw-p 00000000 00:00 0 
7ff527bfd000-7ff527bfe000 ---p 00000000 00:00 0 
7ff527bfe000-7ff527eff000 rw-p 00000000 00:00 0 
7ff527eff000-7ff527f03000 ---p 00000000 00:00 0 
7ff527f03000-7ff528000000 rw-p 00000000 00:00 0 
7ff528000000-7ff5282f8000 rw-p 00000000 00:00 0 
7ff5282f8000-7ff52c000000 ---p 00000000 00:00 0 
7ff52c000000-7ff52c021000 rw-p 00000000 00:00 0 
7ff52c021000-7ff530000000 ---p 00000000 00:00 0 
7ff530000000-7ff530021000 rw-p 00000000 00:00 0 
7ff530021000-7ff534000000 ---p 00000000 00:00 0 
7ff534000000-7ff534021000 rw-p 00000000 00:00 0 
7ff534021000-7ff538000000 ---p 00000000 00:00 0 
7ff538000000-7ff538021000 rw-p 00000000 00:00 0 
7ff538021000-7ff53c000000 ---p 00000000 00:00 0 
7ff53c000000-7ff53c021000 rw-p 00000000 00:00 0 
7ff53c021000-7ff540000000 ---p 00000000 00:00 0 
7ff540000000-7ff540021000 rw-p 00000000 00:00 0 
7ff540021000-7ff544000000 ---p 00000000 00:00 0 
7ff544000000-7ff544021000 rw-p 00000000 00:00 0 
7ff544021000-7ff548000000 ---p 00000000 00:00 0 
7ff548000000-7ff548021000 rw-p 00000000 00:00 0 
7ff548021000-7ff54c000000 ---p 00000000 00:00 0 
7ff54c000000-7ff54c46e000 rw-p 00000000 00:00 0 
7ff54c46e000-7ff550000000 ---p 00000000 00:00 0 
7ff550000000-7ff550021000 rw-p 00000000 00:00 0 
7ff550021000-7ff554000000 ---p 00000000 00:00 0 
7ff554000000-7ff554021000 rw-p 00000000 00:00 0 
7ff554021000-7ff558000000 ---p 00000000 00:00 0 
7ff558000000-7ff558021000 rw-p 00000000 00:00 0 
7ff558021000-7ff55c000000 ---p 00000000 00:00 0 
7ff55c000000-7ff55c583000 rw-p 00000000 00:00 0 
7ff55c583000-7ff560000000 ---p 00000000 00:00 0 
7ff560000000-7ff560021000 rw-p 00000000 00:00 0 
7ff560021000-7ff564000000 ---p 00000000 00:00 0 
7ff564000000-7ff564021000 rw-p 00000000 00:00 0 
7ff564021000-7ff568000000 ---p 00000000 00:00 0 
7ff568000000-7ff5686ae000 rw-p 00000000 00:00 0 
7ff5686ae000-7ff56c000000 ---p 00000000 00:00 0 
7ff56c000000-7ff56c3ea000 rw-p 00000000 00:00 0 
7ff56c3ea000-7ff570000000 ---p 00000000 00:00 0 
7ff570000000-7ff570021000 rw-p 00000000 00:00 0 
7ff570021000-7ff574000000 ---p 00000000 00:00 0 
7ff574000000-7ff574021000 rw-p 00000000 00:00 0 
7ff574021000-7ff578000000 ---p 00000000 00:00 0 
7ff578000000-7ff578021000 rw-p 00000000 00:00 0 
7ff578021000-7ff57c000000 ---p 00000000 00:00 0 
7ff57c000000-7ff57c021000 rw-p 00000000 00:00 0 
7ff57c021000-7ff580000000 ---p 00000000 00:00 0 
7ff580000000-7ff580021000 rw-p 00000000 00:00 0 
7ff580021000-7ff584000000 ---p 00000000 00:00 0 
7ff5840bd000-7ff5840c1000 ---p 00000000 00:00 0 
7ff5840c1000-7ff5843be000 rw-p 00000000 00:00 0 
7ff5843be000-7ff5843c2000 ---p 00000000 00:00 0 
7ff5843c2000-7ff5844bf000 rw-p 00000000 00:00 0 
7ff5844bf000-7ff5844c3000 ---p 00000000 00:00 0 
7ff5844c3000-7ff5847c0000 rw-p 00000000 00:00 0 
7ff5847c0000-7ff5847c4000 ---p 00000000 00:00 0 
7ff5847c4000-7ff584ac1000 rw-p 00000000 00:00 0 
7ff584ac1000-7ff584ac2000 ---p 00000000 00:00 0 
7ff584ac2000-7ff584bc3000 rw-p 00000000 00:00 0 
7ff584bc3000-7ff584bc4000 ---p 00000000 00:00 0 
7ff584bc4000-7ff584cc5000 rw-p 00000000 00:00 0 
7ff584cc5000-7ff584cc6000 ---p 00000000 00:00 0 
7ff584cc6000-7ff584dc7000 rw-p 00000000 00:00 0 
7ff584dc7000-7ff584dcb000 ---p 00000000 00:00 0 
7ff584dcb000-7ff584ec8000 rw-p 00000000 00:00 0 
7ff584ec8000-7ff584ed8000 r-xp 00000000 103:03 11146770                  /home/luciano/.config/Code/User/globalStorage/redhat.java/1.0.0/config_ss_linux/org.eclipse.equinox.launcher/org.eclipse.equinox.launcher.gtk.linux.x86_64_1.2.400.v20210928-1041/eclipse_11600.so
7ff584ed8000-7ff5850d7000 ---p 00010000 103:03 11146770                  /home/luciano/.config/Code/User/globalStorage/redhat.java/1.0.0/config_ss_linux/org.eclipse.equinox.launcher/org.eclipse.equinox.launcher.gtk.linux.x86_64_1.2.400.v20210928-1041/eclipse_11600.so
7ff5850d7000-7ff5850d8000 r--p 0000f000 103:03 11146770                  /home/luciano/.config/Code/User/globalStorage/redhat.java/1.0.0/config_ss_linux/org.eclipse.equinox.launcher/org.eclipse.equinox.launcher.gtk.linux.x86_64_1.2.400.v20210928-1041/eclipse_11600.so
7ff5850d8000-7ff5850d9000 rw-p 00010000 103:03 11146770                  /home/luciano/.config/Code/User/globalStorage/redhat.java/1.0.0/config_ss_linux/org.eclipse.equinox.launcher/org.eclipse.equinox.launcher.gtk.linux.x86_64_1.2.400.v20210928-1041/eclipse_11600.so
7ff5850d9000-7ff5850dd000 ---p 00000000 00:00 0 
7ff5850dd000-7ff5851da000 rw-p 00000000 00:00 0 
7ff5851da000-7ff5851de000 ---p 00000000 00:00 0 
7ff5851de000-7ff5852db000 rw-p 00000000 00:00 0 
7ff5852db000-7ff5852df000 ---p 00000000 00:00 0 
7ff5852df000-7ff5853dc000 rw-p 00000000 00:00 0 
7ff5853dc000-7ff5853e0000 ---p 00000000 00:00 0 
7ff5853e0000-7ff5854dd000 rw-p 00000000 00:00 0 
7ff5854dd000-7ff5854de000 ---p 00000000 00:00 0 
7ff5854de000-7ff5855df000 rw-p 00000000 00:00 0 
7ff5855df000-7ff5855e3000 ---p 00000000 00:00 0 
7ff5855e3000-7ff5856e0000 rw-p 00000000 00:00 0 
7ff5856e0000-7ff5856e4000 ---p 00000000 00:00 0 
7ff5856e4000-7ff5857e1000 rw-p 00000000 00:00 0 
7ff5857e1000-7ff5857e5000 ---p 00000000 00:00 0 
7ff5857e5000-7ff5858e2000 rw-p 00000000 00:00 0 
7ff5858e2000-7ff5858e6000 ---p 00000000 00:00 0 
7ff5858e6000-7ff5859e3000 rw-p 00000000 00:00 0 
7ff5859e3000-7ff5859e7000 ---p 00000000 00:00 0 
7ff5859e7000-7ff585ae4000 rw-p 00000000 00:00 0 
7ff585ae4000-7ff585ae8000 ---p 00000000 00:00 0 
7ff585ae8000-7ff585be5000 rw-p 00000000 00:00 0 
7ff585be5000-7ff5863e3000 r--p 00000000 103:03 15209766                  /usr/lib/locale/locale-archive
7ff5863e3000-7ff5863e7000 ---p 00000000 00:00 0 
7ff5863e7000-7ff5864e4000 rw-p 00000000 00:00 0 
7ff5864e4000-7ff5864e8000 ---p 00000000 00:00 0 
7ff5864e8000-7ff5865e5000 rw-p 00000000 00:00 0 
7ff5865e5000-7ff5865e6000 ---p 00000000 00:00 0 
7ff5865e6000-7ff588000000 rw-p 00000000 00:00 0 
7ff588000000-7ff588021000 rw-p 00000000 00:00 0 
7ff588021000-7ff58c000000 ---p 00000000 00:00 0 
7ff58c070000-7ff58c878000 rw-p 00000000 00:00 0 
7ff58c878000-7ff58cae8000 rwxp 00000000 00:00 0 
7ff58cae8000-7ff58ce09000 ---p 00000000 00:00 0 
7ff58ce09000-7ff58d419000 rwxp 00000000 00:00 0 
7ff58d419000-7ff594340000 ---p 00000000 00:00 0 
7ff594340000-7ff5945b0000 rwxp 00000000 00:00 0 
7ff5945b0000-7ff59b878000 ---p 00000000 00:00 0 
7ff59b878000-7ff5a4000000 r--s 00000000 103:03 15346079                  /usr/lib/jvm/java-11-openjdk-amd64/lib/modules
7ff5a4000000-7ff5a45eb000 rw-p 00000000 00:00 0 
7ff5a45eb000-7ff5a8000000 ---p 00000000 00:00 0 
7ff5a8038000-7ff5a803c000 ---p 00000000 00:00 0 
7ff5a803c000-7ff5a805a000 rw-p 00000000 00:00 0 
7ff5a805a000-7ff5a807e000 r--p 00000000 103:03 1446343                   /usr/share/locale-langpack/es/LC_MESSAGES/libc.mo
7ff5a807e000-7ff5a8086000 r--p 00000000 103:03 15346075                  /usr/lib/jvm/java-11-openjdk-amd64/lib/libsunec.so
7ff5a8086000-7ff5a809f000 r-xp 00008000 103:03 15346075                  /usr/lib/jvm/java-11-openjdk-amd64/lib/libsunec.so
7ff5a809f000-7ff5a80a9000 r--p 00021000 103:03 15346075                  /usr/lib/jvm/java-11-openjdk-amd64/lib/libsunec.so
7ff5a80a9000-7ff5a80aa000 ---p 0002b000 103:03 15346075                  /usr/lib/jvm/java-11-openjdk-amd64/lib/libsunec.so
7ff5a80aa000-7ff5a80ae000 r--p 0002b000 103:03 15346075                  /usr/lib/jvm/java-11-openjdk-amd64/lib/libsunec.so
7ff5a80ae000-7ff5a80b0000 rw-p 0002f000 103:03 15346075                  /usr/lib/jvm/java-11-openjdk-amd64/lib/libsunec.so
7ff5a80b0000-7ff5a80b4000 r--p 00000000 103:03 15346069                  /usr/lib/jvm/java-11-openjdk-amd64/lib/libnet.so
7ff5a80b4000-7ff5a80c3000 r-xp 00004000 103:03 15346069                  /usr/lib/jvm/java-11-openjdk-amd64/lib/libnet.so
7ff5a80c3000-7ff5a80c7000 r--p 00013000 103:03 15346069                  /usr/lib/jvm/java-11-openjdk-amd64/lib/libnet.so
7ff5a80c7000-7ff5a80c8000 r--p 00016000 103:03 15346069                  /usr/lib/jvm/java-11-openjdk-amd64/lib/libnet.so
7ff5a80c8000-7ff5a80c9000 rw-p 00017000 103:03 15346069                  /usr/lib/jvm/java-11-openjdk-amd64/lib/libnet.so
7ff5a80c9000-7ff5a80d0000 r--p 00000000 103:03 15346070                  /usr/lib/jvm/java-11-openjdk-amd64/lib/libnio.so
7ff5a80d0000-7ff5a80d8000 r-xp 00007000 103:03 15346070                  /usr/lib/jvm/java-11-openjdk-amd64/lib/libnio.so
7ff5a80d8000-7ff5a80db000 r--p 0000f000 103:03 15346070                  /usr/lib/jvm/java-11-openjdk-amd64/lib/libnio.so
7ff5a80db000-7ff5a80dc000 r--p 00011000 103:03 15346070                  /usr/lib/jvm/java-11-openjdk-amd64/lib/libnio.so
7ff5a80dc000-7ff5a80dd000 rw-p 00012000 103:03 15346070                  /usr/lib/jvm/java-11-openjdk-amd64/lib/libnio.so
7ff5a80dd000-7ff5aabcd000 rw-p 00000000 00:00 0 
7ff5aabcd000-7ff5aabce000 ---p 00000000 00:00 0 
7ff5aabce000-7ff5aacf1000 rw-p 00000000 00:00 0 
7ff5aacf1000-7ff5aae25000 ---p 00000000 00:00 0 
7ff5aae25000-7ff5aae47000 rw-p 00000000 00:00 0 
7ff5aae47000-7ff5aaf7a000 ---p 00000000 00:00 0 
7ff5aaf7a000-7ff5aaf90000 rw-p 00000000 00:00 0 
7ff5aaf90000-7ff5ab025000 ---p 00000000 00:00 0 
7ff5ab025000-7ff5ab02b000 rw-p 00000000 00:00 0 
7ff5ab02b000-7ff5ab111000 ---p 00000000 00:00 0 
7ff5ab111000-7ff5ab11e000 rw-p 00000000 00:00 0 
7ff5ab11e000-7ff5ab1fc000 ---p 00000000 00:00 0 
7ff5ab1fc000-7ff5ab201000 rw-p 00000000 00:00 0 
7ff5ab201000-7ff5ab208000 ---p 00000000 00:00 0 
7ff5ab208000-7ff5ab20b000 r--p 00000000 103:03 15211162                  /usr/lib/x86_64-linux-gnu/libnss_files-2.31.so
7ff5ab20b000-7ff5ab212000 r-xp 00003000 103:03 15211162                  /usr/lib/x86_64-linux-gnu/libnss_files-2.31.so
7ff5ab212000-7ff5ab214000 r--p 0000a000 103:03 15211162                  /usr/lib/x86_64-linux-gnu/libnss_files-2.31.so
7ff5ab214000-7ff5ab215000 r--p 0000b000 103:03 15211162                  /usr/lib/x86_64-linux-gnu/libnss_files-2.31.so
7ff5ab215000-7ff5ab216000 rw-p 0000c000 103:03 15211162                  /usr/lib/x86_64-linux-gnu/libnss_files-2.31.so
7ff5ab216000-7ff5ab21c000 rw-p 00000000 00:00 0 
7ff5ab21d000-7ff5ab224000 r--s 00000000 103:03 134660                    /usr/lib/x86_64-linux-gnu/gconv/gconv-modules.cache
7ff5ab224000-7ff5ab226000 r--p 00000000 103:03 15346078                  /usr/lib/jvm/java-11-openjdk-amd64/lib/libzip.so
7ff5ab226000-7ff5ab22a000 r-xp 00002000 103:03 15346078                  /usr/lib/jvm/java-11-openjdk-amd64/lib/libzip.so
7ff5ab22a000-7ff5ab22c000 r--p 00006000 103:03 15346078                  /usr/lib/jvm/java-11-openjdk-amd64/lib/libzip.so
7ff5ab22c000-7ff5ab22d000 r--p 00007000 103:03 15346078                  /usr/lib/jvm/java-11-openjdk-amd64/lib/libzip.so
7ff5ab22d000-7ff5ab22e000 rw-p 00008000 103:03 15346078                  /usr/lib/jvm/java-11-openjdk-amd64/lib/libzip.so
7ff5ab22e000-7ff5ab236000 rw-s 00000000 103:03 2886389                   /tmp/hsperfdata_luciano/20656
7ff5ab236000-7ff5ab238000 r--p 00000000 103:03 15346061                  /usr/lib/jvm/java-11-openjdk-amd64/lib/libjimage.so
7ff5ab238000-7ff5ab23b000 r-xp 00002000 103:03 15346061                  /usr/lib/jvm/java-11-openjdk-amd64/lib/libjimage.so
7ff5ab23b000-7ff5ab23c000 r--p 00005000 103:03 15346061                  /usr/lib/jvm/java-11-openjdk-amd64/lib/libjimage.so
7ff5ab23c000-7ff5ab23d000 ---p 00006000 103:03 15346061                  /usr/lib/jvm/java-11-openjdk-amd64/lib/libjimage.so
7ff5ab23d000-7ff5ab23e000 r--p 00006000 103:03 15346061                  /usr/lib/jvm/java-11-openjdk-amd64/lib/libjimage.so
7ff5ab23e000-7ff5ab23f000 rw-p 00007000 103:03 15346061                  /usr/lib/jvm/java-11-openjdk-amd64/lib/libjimage.so
7ff5ab23f000-7ff5ab24d000 r--p 00000000 103:03 15346058                  /usr/lib/jvm/java-11-openjdk-amd64/lib/libjava.so
7ff5ab24d000-7ff5ab263000 r-xp 0000e000 103:03 15346058                  /usr/lib/jvm/java-11-openjdk-amd64/lib/libjava.so
7ff5ab263000-7ff5ab26a000 r--p 00024000 103:03 15346058                  /usr/lib/jvm/java-11-openjdk-amd64/lib/libjava.so
7ff5ab26a000-7ff5ab26b000 r--p 0002a000 103:03 15346058                  /usr/lib/jvm/java-11-openjdk-amd64/lib/libjava.so
7ff5ab26b000-7ff5ab26c000 rw-p 0002b000 103:03 15346058                  /usr/lib/jvm/java-11-openjdk-amd64/lib/libjava.so
7ff5ab26c000-7ff5ab26d000 rw-p 00000000 00:00 0 
7ff5ab26d000-7ff5ab270000 r--p 00000000 103:03 15211325                  /usr/lib/x86_64-linux-gnu/librt-2.31.so
7ff5ab270000-7ff5ab274000 r-xp 00003000 103:03 15211325                  /usr/lib/x86_64-linux-gnu/librt-2.31.so
7ff5ab274000-7ff5ab275000 r--p 00007000 103:03 15211325                  /usr/lib/x86_64-linux-gnu/librt-2.31.so
7ff5ab275000-7ff5ab276000 ---p 00008000 103:03 15211325                  /usr/lib/x86_64-linux-gnu/librt-2.31.so
7ff5ab276000-7ff5ab277000 r--p 00008000 103:03 15211325                  /usr/lib/x86_64-linux-gnu/librt-2.31.so
7ff5ab277000-7ff5ab278000 rw-p 00009000 103:03 15211325                  /usr/lib/x86_64-linux-gnu/librt-2.31.so
7ff5ab278000-7ff5ab27c000 ---p 00000000 00:00 0 
7ff5ab27c000-7ff5ab379000 rw-p 00000000 00:00 0 
7ff5ab379000-7ff5ab37c000 r--p 00000000 103:03 15205944                  /usr/lib/x86_64-linux-gnu/libgcc_s.so.1
7ff5ab37c000-7ff5ab38e000 r-xp 00003000 103:03 15205944                  /usr/lib/x86_64-linux-gnu/libgcc_s.so.1
7ff5ab38e000-7ff5ab392000 r--p 00015000 103:03 15205944                  /usr/lib/x86_64-linux-gnu/libgcc_s.so.1
7ff5ab392000-7ff5ab393000 r--p 00018000 103:03 15205944                  /usr/lib/x86_64-linux-gnu/libgcc_s.so.1
7ff5ab393000-7ff5ab394000 rw-p 00019000 103:03 15205944                  /usr/lib/x86_64-linux-gnu/libgcc_s.so.1
7ff5ab394000-7ff5ab3a3000 r--p 00000000 103:03 15210400                  /usr/lib/x86_64-linux-gnu/libm-2.31.so
7ff5ab3a3000-7ff5ab44a000 r-xp 0000f000 103:03 15210400                  /usr/lib/x86_64-linux-gnu/libm-2.31.so
7ff5ab44a000-7ff5ab4e1000 r--p 000b6000 103:03 15210400                  /usr/lib/x86_64-linux-gnu/libm-2.31.so
7ff5ab4e1000-7ff5ab4e2000 r--p 0014c000 103:03 15210400                  /usr/lib/x86_64-linux-gnu/libm-2.31.so
7ff5ab4e2000-7ff5ab4e3000 rw-p 0014d000 103:03 15210400                  /usr/lib/x86_64-linux-gnu/libm-2.31.so
7ff5ab4e3000-7ff5ab579000 r--p 00000000 103:03 15208610                  /usr/lib/x86_64-linux-gnu/libstdc++.so.6.0.28
7ff5ab579000-7ff5ab66a000 r-xp 00096000 103:03 15208610                  /usr/lib/x86_64-linux-gnu/libstdc++.so.6.0.28
7ff5ab66a000-7ff5ab6b3000 r--p 00187000 103:03 15208610                  /usr/lib/x86_64-linux-gnu/libstdc++.so.6.0.28
7ff5ab6b3000-7ff5ab6b4000 ---p 001d0000 103:03 15208610                  /usr/lib/x86_64-linux-gnu/libstdc++.so.6.0.28
7ff5ab6b4000-7ff5ab6bf000 r--p 001d0000 103:03 15208610                  /usr/lib/x86_64-linux-gnu/libstdc++.so.6.0.28
7ff5ab6bf000-7ff5ab6c2000 rw-p 001db000 103:03 15208610                  /usr/lib/x86_64-linux-gnu/libstdc++.so.6.0.28
7ff5ab6c2000-7ff5ab6c5000 rw-p 00000000 00:00 0 
7ff5ab6c5000-7ff5ab93f000 r--p 00000000 103:03 15346082                  /usr/lib/jvm/java-11-openjdk-amd64/lib/server/libjvm.so
7ff5ab93f000-7ff5ac5c4000 r-xp 0027a000 103:03 15346082                  /usr/lib/jvm/java-11-openjdk-amd64/lib/server/libjvm.so
7ff5ac5c4000-7ff5ac81b000 r--p 00eff000 103:03 15346082                  /usr/lib/jvm/java-11-openjdk-amd64/lib/server/libjvm.so
7ff5ac81b000-7ff5ac8dc000 r--p 01155000 103:03 15346082                  /usr/lib/jvm/java-11-openjdk-amd64/lib/server/libjvm.so
7ff5ac8dc000-7ff5ac917000 rw-p 01216000 103:03 15346082                  /usr/lib/jvm/java-11-openjdk-amd64/lib/server/libjvm.so
7ff5ac917000-7ff5ac970000 rw-p 00000000 00:00 0 
7ff5ac970000-7ff5ac977000 r--p 00000000 103:03 15211313                  /usr/lib/x86_64-linux-gnu/libpthread-2.31.so
7ff5ac977000-7ff5ac988000 r-xp 00007000 103:03 15211313                  /usr/lib/x86_64-linux-gnu/libpthread-2.31.so
7ff5ac988000-7ff5ac98d000 r--p 00018000 103:03 15211313                  /usr/lib/x86_64-linux-gnu/libpthread-2.31.so
7ff5ac98d000-7ff5ac98e000 r--p 0001c000 103:03 15211313                  /usr/lib/x86_64-linux-gnu/libpthread-2.31.so
7ff5ac98e000-7ff5ac98f000 rw-p 0001d000 103:03 15211313                  /usr/lib/x86_64-linux-gnu/libpthread-2.31.so
7ff5ac98f000-7ff5ac993000 rw-p 00000000 00:00 0 
7ff5ac993000-7ff5ac994000 r--p 00000000 103:03 15210399                  /usr/lib/x86_64-linux-gnu/libdl-2.31.so
7ff5ac994000-7ff5ac996000 r-xp 00001000 103:03 15210399                  /usr/lib/x86_64-linux-gnu/libdl-2.31.so
7ff5ac996000-7ff5ac997000 r--p 00003000 103:03 15210399                  /usr/lib/x86_64-linux-gnu/libdl-2.31.so
7ff5ac997000-7ff5ac998000 r--p 00003000 103:03 15210399                  /usr/lib/x86_64-linux-gnu/libdl-2.31.so
7ff5ac998000-7ff5ac999000 rw-p 00004000 103:03 15210399                  /usr/lib/x86_64-linux-gnu/libdl-2.31.so
7ff5ac999000-7ff5ac99b000 r--p 00000000 103:03 15210681                  /usr/lib/x86_64-linux-gnu/libz.so.1.2.11
7ff5ac99b000-7ff5ac9ac000 r-xp 00002000 103:03 15210681                  /usr/lib/x86_64-linux-gnu/libz.so.1.2.11
7ff5ac9ac000-7ff5ac9b2000 r--p 00013000 103:03 15210681                  /usr/lib/x86_64-linux-gnu/libz.so.1.2.11
7ff5ac9b2000-7ff5ac9b3000 ---p 00019000 103:03 15210681                  /usr/lib/x86_64-linux-gnu/libz.so.1.2.11
7ff5ac9b3000-7ff5ac9b4000 r--p 00019000 103:03 15210681                  /usr/lib/x86_64-linux-gnu/libz.so.1.2.11
7ff5ac9b4000-7ff5ac9b5000 rw-p 0001a000 103:03 15210681                  /usr/lib/x86_64-linux-gnu/libz.so.1.2.11
7ff5ac9b5000-7ff5ac9da000 r--p 00000000 103:03 15210398                  /usr/lib/x86_64-linux-gnu/libc-2.31.so
7ff5ac9da000-7ff5acb52000 r-xp 00025000 103:03 15210398                  /usr/lib/x86_64-linux-gnu/libc-2.31.so
7ff5acb52000-7ff5acb9c000 r--p 0019d000 103:03 15210398                  /usr/lib/x86_64-linux-gnu/libc-2.31.so
7ff5acb9c000-7ff5acb9d000 ---p 001e7000 103:03 15210398                  /usr/lib/x86_64-linux-gnu/libc-2.31.so
7ff5acb9d000-7ff5acba0000 r--p 001e7000 103:03 15210398                  /usr/lib/x86_64-linux-gnu/libc-2.31.so
7ff5acba0000-7ff5acba3000 rw-p 001ea000 103:03 15210398                  /usr/lib/x86_64-linux-gnu/libc-2.31.so
7ff5acba3000-7ff5acba7000 rw-p 00000000 00:00 0 
7ff5acbab000-7ff5acbad000 r--s 0000c000 103:03 265066                    /usr/share/java/java-atk-wrapper.jar
7ff5acbad000-7ff5acbae000 ---p 00000000 00:00 0 
7ff5acbae000-7ff5acbaf000 r--p 00000000 00:00 0 
7ff5acbaf000-7ff5acbb4000 r--p 00000000 103:03 15346077                  /usr/lib/jvm/java-11-openjdk-amd64/lib/libverify.so
7ff5acbb4000-7ff5acbbb000 r-xp 00005000 103:03 15346077                  /usr/lib/jvm/java-11-openjdk-amd64/lib/libverify.so
7ff5acbbb000-7ff5acbbd000 r--p 0000c000 103:03 15346077                  /usr/lib/jvm/java-11-openjdk-amd64/lib/libverify.so
7ff5acbbd000-7ff5acbbe000 ---p 0000e000 103:03 15346077                  /usr/lib/jvm/java-11-openjdk-amd64/lib/libverify.so
7ff5acbbe000-7ff5acbc0000 r--p 0000e000 103:03 15346077                  /usr/lib/jvm/java-11-openjdk-amd64/lib/libverify.so
7ff5acbc0000-7ff5acbc1000 rw-p 00010000 103:03 15346077                  /usr/lib/jvm/java-11-openjdk-amd64/lib/libverify.so
7ff5acbc1000-7ff5acbc4000 r--p 00000000 103:03 15346043                  /usr/lib/jvm/java-11-openjdk-amd64/lib/jli/libjli.so
7ff5acbc4000-7ff5acbce000 r-xp 00003000 103:03 15346043                  /usr/lib/jvm/java-11-openjdk-amd64/lib/jli/libjli.so
7ff5acbce000-7ff5acbd1000 r--p 0000d000 103:03 15346043                  /usr/lib/jvm/java-11-openjdk-amd64/lib/jli/libjli.so
7ff5acbd1000-7ff5acbd2000 ---p 00010000 103:03 15346043                  /usr/lib/jvm/java-11-openjdk-amd64/lib/jli/libjli.so
7ff5acbd2000-7ff5acbd3000 r--p 00010000 103:03 15346043                  /usr/lib/jvm/java-11-openjdk-amd64/lib/jli/libjli.so
7ff5acbd3000-7ff5acbd4000 rw-p 00011000 103:03 15346043                  /usr/lib/jvm/java-11-openjdk-amd64/lib/jli/libjli.so
7ff5acbd4000-7ff5acbd6000 rw-p 00000000 00:00 0 
7ff5acbd6000-7ff5acbd7000 r--p 00000000 103:03 15204852                  /usr/lib/x86_64-linux-gnu/ld-2.31.so
7ff5acbd7000-7ff5acbfa000 r-xp 00001000 103:03 15204852                  /usr/lib/x86_64-linux-gnu/ld-2.31.so
7ff5acbfa000-7ff5acc02000 r--p 00024000 103:03 15204852                  /usr/lib/x86_64-linux-gnu/ld-2.31.so
7ff5acc03000-7ff5acc04000 r--p 0002c000 103:03 15204852                  /usr/lib/x86_64-linux-gnu/ld-2.31.so
7ff5acc04000-7ff5acc05000 rw-p 0002d000 103:03 15204852                  /usr/lib/x86_64-linux-gnu/ld-2.31.so
7ff5acc05000-7ff5acc06000 rw-p 00000000 00:00 0 
7ffe2bea9000-7ffe2becb000 rw-p 00000000 00:00 0                          [stack]
7ffe2bf76000-7ffe2bf79000 r--p 00000000 00:00 0                          [vvar]
7ffe2bf79000-7ffe2bf7a000 r-xp 00000000 00:00 0                          [vdso]
ffffffffff600000-ffffffffff601000 --xp 00000000 00:00 0                  [vsyscall]


VM Arguments:
jvm_args: --add-modules=ALL-SYSTEM --add-opens=java.base/java.util=ALL-UNNAMED --add-opens=java.base/java.lang=ALL-UNNAMED -Declipse.application=org.eclipse.jdt.ls.core.id1 -Dosgi.bundles.defaultStartLevel=4 -Declipse.product=org.eclipse.jdt.ls.core.product -Dfile.encoding=utf8 -XX:+UseParallelGC -XX:GCTimeRatio=4 -XX:AdaptiveSizePolicyWeight=90 -Dsun.zip.disableMemoryMapping=true -Xmx1G -Xms100m -Xverify:none 
java_command: /home/luciano/.vscode/extensions/redhat.java-1.0.0/server/plugins/org.eclipse.equinox.launcher_1.6.400.v20210924-0641.jar -configuration /home/luciano/.config/Code/User/globalStorage/redhat.java/1.0.0/config_ss_linux -data /home/luciano/.config/Code/User/workspaceStorage/0e4c054c09ae2116ef8cd654f49414de/redhat.java/ss_ws
java_class_path (initial): /home/luciano/.vscode/extensions/redhat.java-1.0.0/server/plugins/org.eclipse.equinox.launcher_1.6.400.v20210924-0641.jar
Launcher Type: SUN_STANDARD

[Global flags]
    uintx AdaptiveSizePolicyWeight                 = 90                                        {product} {command line}
     bool BytecodeVerificationLocal                = false                                     {product} {command line}
     bool BytecodeVerificationRemote               = false                                     {product} {command line}
     intx CICompilerCount                          = 4                                         {product} {ergonomic}
    uintx GCTimeRatio                              = 4                                         {product} {command line}
   size_t InitialHeapSize                          = 104857600                                 {product} {command line}
   size_t MaxHeapSize                              = 1073741824                                {product} {command line}
   size_t MaxNewSize                               = 357564416                                 {product} {ergonomic}
   size_t MinHeapDeltaBytes                        = 524288                                    {product} {ergonomic}
   size_t NewSize                                  = 34603008                                  {product} {ergonomic}
    uintx NonNMethodCodeHeapSize                   = 5836300                                {pd product} {ergonomic}
    uintx NonProfiledCodeHeapSize                  = 122910970                              {pd product} {ergonomic}
   size_t OldSize                                  = 70254592                                  {product} {ergonomic}
    uintx ProfiledCodeHeapSize                     = 122910970                              {pd product} {ergonomic}
    uintx ReservedCodeCacheSize                    = 251658240                              {pd product} {ergonomic}
     bool SegmentedCodeCache                       = true                                      {product} {ergonomic}
     bool UseCompressedClassPointers               = true                                 {lp64_product} {ergonomic}
     bool UseCompressedOops                        = true                                 {lp64_product} {ergonomic}
     bool UseParallelGC                            = true                                      {product} {command line}

Logging:
Log output configuration:
 #0: stdout all=warning uptime,level,tags
 #1: stderr all=off uptime,level,tags

Environment Variables:
PATH=/home/luciano/.sdkman/candidates/gradle/current/bin:/home/luciano/.config/nvm/versions/node/v14.15.4/bin:/usr/local/sbin:/usr/local/bin:/usr/sbin:/usr/bin:/sbin:/bin:/usr/games:/usr/local/games:/snap/bin
SHELL=/bin/bash
DISPLAY=:0
LANG=es_UY.UTF-8

Signal Handlers:
SIGSEGV: [libjvm.so+0xe8ba00], sa_mask[0]=11111111011111111101111111111110, sa_flags=SA_RESTART|SA_SIGINFO
SIGBUS: [libjvm.so+0xe8ba00], sa_mask[0]=11111111011111111101111111111110, sa_flags=SA_RESTART|SA_SIGINFO
SIGFPE: [libjvm.so+0xe8ba00], sa_mask[0]=11111111011111111101111111111110, sa_flags=SA_RESTART|SA_SIGINFO
SIGPIPE: [libjvm.so+0xbd10f0], sa_mask[0]=11111111011111111101111111111110, sa_flags=SA_RESTART|SA_SIGINFO
SIGXFSZ: [libjvm.so+0xbd10f0], sa_mask[0]=11111111011111111101111111111110, sa_flags=SA_RESTART|SA_SIGINFO
SIGILL: [libjvm.so+0xe8ba00], sa_mask[0]=11111111011111111101111111111110, sa_flags=SA_RESTART|SA_SIGINFO
SIGUSR2: [libjvm.so+0xbd0f90], sa_mask[0]=00000000000000000000000000000000, sa_flags=SA_RESTART|SA_SIGINFO
SIGHUP: [libjvm.so+0xbd1430], sa_mask[0]=11111111011111111101111111111110, sa_flags=SA_RESTART|SA_SIGINFO
SIGINT: [libjvm.so+0xbd1430], sa_mask[0]=11111111011111111101111111111110, sa_flags=SA_RESTART|SA_SIGINFO
SIGTERM: [libjvm.so+0xbd1430], sa_mask[0]=11111111011111111101111111111110, sa_flags=SA_RESTART|SA_SIGINFO
SIGQUIT: [libjvm.so+0xbd1430], sa_mask[0]=11111111011111111101111111111110, sa_flags=SA_RESTART|SA_SIGINFO


---------------  S Y S T E M  ---------------

OS:DISTRIB_ID=Ubuntu
DISTRIB_RELEASE=20.04
DISTRIB_CODENAME=focal
DISTRIB_DESCRIPTION="Ubuntu 20.04.3 LTS"
uname:Linux 5.4.0-86-generic #97-Ubuntu SMP Fri Sep 17 19:19:40 UTC 2021 x86_64
OS uptime: 0 days 1:44 hours
libc:glibc 2.31 NPTL 2.31 
rlimit (soft/hard): STACK 8192k/infinity , CORE 0k/infinity , NPROC 63433/63433 , NOFILE 1048576/1048576 , AS infinity/infinity , CPU infinity/infinity , DATA infinity/infinity , FSIZE infinity/infinity , MEMLOCK 65536k/65536k
load average:0,99 1,25 1,08

/proc/meminfo:
MemTotal:       16399988 kB
MemFree:         6364508 kB
MemAvailable:   10883400 kB
Buffers:          583860 kB
Cached:          4135888 kB
SwapCached:            0 kB
Active:          3982328 kB
Inactive:        2650948 kB
Active(anon):    1921560 kB
Inactive(anon):   116148 kB
Active(file):    2060768 kB
Inactive(file):  2534800 kB
Unevictable:          16 kB
Mlocked:              16 kB
SwapTotal:             0 kB
SwapFree:              0 kB
Dirty:             23536 kB
Writeback:             0 kB
AnonPages:       1914460 kB
Mapped:           826908 kB
Shmem:            126100 kB
KReclaimable:     259260 kB
Slab:             488568 kB
SReclaimable:     259260 kB
SUnreclaim:       229308 kB
KernelStack:       20016 kB
PageTables:        27132 kB
NFS_Unstable:          0 kB
Bounce:                0 kB
WritebackTmp:          0 kB
CommitLimit:     6889272 kB
Committed_AS:    8635844 kB
VmallocTotal:   34359738367 kB
VmallocUsed:       38724 kB
VmallocChunk:          0 kB
Percpu:            33152 kB
HardwareCorrupted:     0 kB
AnonHugePages:         0 kB
ShmemHugePages:        0 kB
ShmemPmdMapped:        0 kB
FileHugePages:         0 kB
FilePmdMapped:         0 kB
CmaTotal:              0 kB
CmaFree:               0 kB
HugePages_Total:    1280
HugePages_Free:     1280
HugePages_Rsvd:        0
HugePages_Surp:        0
Hugepagesize:       2048 kB
Hugetlb:         2621440 kB
DirectMap4k:      583652 kB
DirectMap2M:    10895360 kB
DirectMap1G:     6291456 kB

/sys/kernel/mm/transparent_hugepage/enabled:
always [madvise] never
/sys/kernel/mm/transparent_hugepage/defrag (defrag/compaction efforts parameter):
always defer defer+madvise [madvise] never

Process Memory:
Virtual Size: 5034124K (peak: 12135140K)
Resident Set Size: 153196K (peak: 153196K) (anon: 121552K, file: 31644K, shmem: 0K)
Swapped out: 0K
C-Heap outstanding allocations: 27379K

/proc/sys/kernel/threads-max (system-wide limit on the number of threads):
126866
/proc/sys/vm/max_map_count (maximum number of memory map areas a process may have):
65530
/proc/sys/kernel/pid_max (system-wide limit on number of process identifiers):
4194304

container (cgroup) information:
container_type: cgroupv1
cpu_cpuset_cpus: 0-11
cpu_memory_nodes: 0
active_processor_count: 12
cpu_quota: -1
cpu_period: 100000
cpu_shares: -1
memory_limit_in_bytes: -1
memory_and_swap_limit_in_bytes: -2
memory_soft_limit_in_bytes: -1
memory_usage_in_bytes: 3908591616
memory_max_usage_in_bytes: 5661253632

Steal ticks since vm start: 0
Steal ticks percentage since vm start:  0,000

CPU:total 12 (initial active 12) (12 cores per cpu, 2 threads per core) family 23 model 1 stepping 1 microcode 0x8001138, cmov, cx8, fxsr, mmx, sse, sse2, sse3, ssse3, sse4.1, sse4.2, popcnt, avx, avx2, aes, clmul, mmxext, 3dnowpref, lzcnt, sse4a, ht, tsc, tscinvbit, tscinv, bmi1, bmi2, 
CPU Model and flags from /proc/cpuinfo:
model name	: AMD Ryzen 5 1600 Six-Core Processor
flags		: fpu vme de pse tsc msr pae mce cx8 apic sep mtrr pge mca cmov pat pse36 clflush mmx fxsr sse sse2 ht syscall nx mmxext fxsr_opt pdpe1gb rdtscp lm constant_tsc rep_good nopl nonstop_tsc cpuid extd_apicid aperfmperf pni pclmulqdq monitor ssse3 fma cx16 sse4_1 sse4_2 movbe popcnt aes xsave avx f16c rdrand lahf_lm cmp_legacy svm extapic cr8_legacy abm sse4a misalignsse 3dnowprefetch osvw skinit wdt tce topoext perfctr_core perfctr_nb bpext perfctr_llc mwaitx cpb hw_pstate sme ssbd sev ibpb vmmcall fsgsbase bmi1 avx2 smep bmi2 rdseed adx smap clflushopt sha_ni xsaveopt xsavec xgetbv1 xsaves clzero irperf xsaveerptr arat npt lbrv svm_lock nrip_save tsc_scale vmcb_clean flushbyasid decodeassists pausefilter pfthreshold avic v_vmsave_vmload vgif overflow_recov succor smca
Online cpus:
0-11
Offline cpus:
12-31
BIOS frequency limitation:
<Not Available>
Frequency switch latency (ns):
<Not Available>
Available cpu frequencies:
<Not Available>
Current governor:
<Not Available>
Core performance/turbo boost:
<Not Available>

Memory: 4k page, physical 16399988k(6364508k free), swap 0k(0k free)

vm_info: OpenJDK 64-Bit Server VM (11.0.11+9-Ubuntu-0ubuntu2.20.04) for linux-amd64 JRE (11.0.11+9-Ubuntu-0ubuntu2.20.04), built on Apr 21 2021 09:15:32 by "unknown" with gcc 9.3.0

END.
